{
  "stats": {
    "suites": 1,
    "tests": 8,
    "passes": 8,
    "pending": 0,
    "failures": 0,
    "start": "2021-08-10T07:40:17.574Z",
    "end": "2021-08-10T07:40:24.550Z",
    "duration": 6976,
    "testsRegistered": 8,
    "passPercent": 100,
    "pendingPercent": 0,
    "other": 0,
    "hasOther": false,
    "skipped": 0,
    "hasSkipped": false
  },
  "results": [
    {
      "uuid": "91f44bd0-0bb7-4c8e-a036-35362d49a6cd",
      "title": "",
      "fullFile": "cypress/integration/003_landingpage_spec.js",
      "file": "cypress/integration/003_landingpage_spec.js",
      "beforeHooks": [],
      "afterHooks": [],
      "tests": [],
      "suites": [
        {
          "uuid": "41e29b40-2c58-42a9-a6de-627a9567e011",
          "title": "003_LandingPage MessageDetails are available",
          "fullFile": "",
          "file": "",
          "beforeHooks": [],
          "afterHooks": [],
          "tests": [
            {
              "title": "3.1_Is ID Available",
              "fullTitle": "003_LandingPage MessageDetails are available 3.1_Is ID Available",
              "timedOut": null,
              "duration": 6758,
              "state": "passed",
              "speed": "slow",
              "pass": true,
              "fail": false,
              "pending": false,
              "context": null,
              "code": "cy.get(\".standard>thead>tr>th#hos_num\").should('be.visible').should('have.text', 'ID');",
              "err": {},
              "uuid": "5554a42e-a2b9-43a9-bdf7-56cd331577f6",
              "parentUUID": "41e29b40-2c58-42a9-a6de-627a9567e011",
              "isHook": false,
              "skipped": false
            },
            {
              "title": "3.2_Is Gender Available",
              "fullTitle": "003_LandingPage MessageDetails are available 3.2_Is Gender Available",
              "timedOut": null,
              "duration": 29,
              "state": "passed",
              "speed": "fast",
              "pass": true,
              "fail": false,
              "pending": false,
              "context": null,
              "code": "cy.get(\".standard>thead>tr>th#gender\").should('be.visible').should('have.text', 'Gender');",
              "err": {},
              "uuid": "41e4544e-319e-4883-970d-004ca2ca8ed6",
              "parentUUID": "41e29b40-2c58-42a9-a6de-627a9567e011",
              "isHook": false,
              "skipped": false
            },
            {
              "title": "3.3_Is Age Available",
              "fullTitle": "003_LandingPage MessageDetails are available 3.3_Is Age Available",
              "timedOut": null,
              "duration": 23,
              "state": "passed",
              "speed": "fast",
              "pass": true,
              "fail": false,
              "pending": false,
              "context": null,
              "code": "cy.get(\".standard>thead>tr>th#age\").should('be.visible').should('have.text', 'Age');",
              "err": {},
              "uuid": "6c2ebfbe-0585-47bf-b8a7-c3aaa1f265e0",
              "parentUUID": "41e29b40-2c58-42a9-a6de-627a9567e011",
              "isHook": false,
              "skipped": false
            },
            {
              "title": "3.4_Is Patient Name Available",
              "fullTitle": "003_LandingPage MessageDetails are available 3.4_Is Patient Name Available",
              "timedOut": null,
              "duration": 20,
              "state": "passed",
              "speed": "fast",
              "pass": true,
              "fail": false,
              "pending": false,
              "context": null,
              "code": "cy.get(\".standard>thead>tr>th#patient_name\").should('be.visible').should('have.text', 'Patient');",
              "err": {},
              "uuid": "1848a492-cf83-4701-a785-12866135c3da",
              "parentUUID": "41e29b40-2c58-42a9-a6de-627a9567e011",
              "isHook": false,
              "skipped": false
            },
            {
              "title": "3.5_Is Message Type Available",
              "fullTitle": "003_LandingPage MessageDetails are available 3.5_Is Message Type Available",
              "timedOut": null,
              "duration": 23,
              "state": "passed",
              "speed": "fast",
              "pass": true,
              "fail": false,
              "pending": false,
              "context": null,
              "code": "cy.get(\".standard>thead>tr>th#message_type\").should('be.visible').should('have.text', 'Type');",
              "err": {},
              "uuid": "4e7023b9-e56a-41dd-a8e3-ea29c62305a2",
              "parentUUID": "41e29b40-2c58-42a9-a6de-627a9567e011",
              "isHook": false,
              "skipped": false
            },
            {
              "title": "3.6_Is Message Date Available",
              "fullTitle": "003_LandingPage MessageDetails are available 3.6_Is Message Date Available",
              "timedOut": null,
              "duration": 19,
              "state": "passed",
              "speed": "fast",
              "pass": true,
              "fail": false,
              "pending": false,
              "context": null,
              "code": "cy.get(\".standard>thead>tr>th#event_date\").should('be.visible').should('have.text', 'Date');",
              "err": {},
              "uuid": "df627623-7e3b-45e7-ad72-7b797ae223f0",
              "parentUUID": "41e29b40-2c58-42a9-a6de-627a9567e011",
              "isHook": false,
              "skipped": false
            },
            {
              "title": "3.7_Is Message Sender Available",
              "fullTitle": "003_LandingPage MessageDetails are available 3.7_Is Message Sender Available",
              "timedOut": null,
              "duration": 21,
              "state": "passed",
              "speed": "fast",
              "pass": true,
              "fail": false,
              "pending": false,
              "context": null,
              "code": "cy.get(\".standard>thead>tr>th#user\").should('be.visible').should('have.text', 'Sender');",
              "err": {},
              "uuid": "2e697d1a-39c5-4796-983a-a280665027f5",
              "parentUUID": "41e29b40-2c58-42a9-a6de-627a9567e011",
              "isHook": false,
              "skipped": false
            },
            {
              "title": "3.8_Is Message Pagination Available",
              "fullTitle": "003_LandingPage MessageDetails are available 3.8_Is Message Pagination Available",
              "timedOut": null,
              "duration": 23,
              "state": "passed",
              "speed": "fast",
              "pass": true,
              "fail": false,
              "pending": false,
              "context": null,
              "code": "cy.get(\".pagination\").should('be.visible').should('contain', 'of');",
              "err": {},
              "uuid": "441a0249-f50b-48e9-a9e0-ae9593a3da10",
              "parentUUID": "41e29b40-2c58-42a9-a6de-627a9567e011",
              "isHook": false,
              "skipped": false
            }
          ],
          "suites": [],
          "passes": [
            "5554a42e-a2b9-43a9-bdf7-56cd331577f6",
            "41e4544e-319e-4883-970d-004ca2ca8ed6",
            "6c2ebfbe-0585-47bf-b8a7-c3aaa1f265e0",
            "1848a492-cf83-4701-a785-12866135c3da",
            "4e7023b9-e56a-41dd-a8e3-ea29c62305a2",
            "df627623-7e3b-45e7-ad72-7b797ae223f0",
            "2e697d1a-39c5-4796-983a-a280665027f5",
            "441a0249-f50b-48e9-a9e0-ae9593a3da10"
          ],
          "failures": [],
          "pending": [],
          "skipped": [],
          "duration": 6916,
          "root": false,
          "rootEmpty": false,
          "_timeout": 2000
        }
      ],
      "passes": [],
      "failures": [],
      "pending": [],
      "skipped": [],
      "duration": 0,
      "root": true,
      "rootEmpty": true,
      "_timeout": 2000
    }
  ],
  "meta": {
    "mocha": {
      "version": "7.0.1"
    },
    "mochawesome": {
      "options": {
        "quiet": false,
        "reportFilename": "mochawesome",
        "saveHtml": false,
        "saveJson": true,
        "consoleReporter": "spec",
        "useInlineDiffs": false,
        "code": true
      },
      "version": "6.2.2"
    },
    "marge": {
      "options": {
        "overwrite": false,
        "html": false,
        "json": true
      },
      "version": "5.2.0"
    }
  }
}