{
  "stats": {
    "suites": 1,
    "tests": 21,
    "passes": 21,
    "pending": 0,
    "failures": 0,
    "start": "2021-07-06T05:46:35.479Z",
    "end": "2021-07-06T05:46:59.719Z",
    "duration": 24240,
    "testsRegistered": 21,
    "passPercent": 100,
    "pendingPercent": 0,
    "other": 0,
    "hasOther": false,
    "skipped": 0,
    "hasSkipped": false
  },
  "results": [
    {
      "uuid": "1e252481-b4ea-4336-a18b-22f425ebba4e",
      "title": "",
      "fullFile": "cypress/integration/005_patientoverview_spec.js",
      "file": "cypress/integration/005_patientoverview_spec.js",
      "beforeHooks": [],
      "afterHooks": [],
      "tests": [],
      "suites": [
        {
          "uuid": "a372645d-c89e-488a-a114-ee0025fbfed0",
          "title": "005_Patient Overview Page",
          "fullFile": "",
          "file": "",
          "beforeHooks": [],
          "afterHooks": [],
          "tests": [
            {
              "title": "5.1_EyeDiagnoses_isAvailable",
              "fullTitle": "005_Patient Overview Page 5.1_EyeDiagnoses_isAvailable",
              "timedOut": null,
              "duration": 17942,
              "state": "passed",
              "speed": "slow",
              "pass": true,
              "fail": false,
              "pending": false,
              "context": null,
              "code": "cy.get(\"#idg-ele-view-eye-diagnoses>header>.element-title\").should('have.text', 'Eye Diagnoses');",
              "err": {},
              "uuid": "bb6ce06d-2730-442c-b5fe-aa12da466e6d",
              "parentUUID": "a372645d-c89e-488a-a114-ee0025fbfed0",
              "isHook": false,
              "skipped": false
            },
            {
              "title": "5.2_EyeProcedures_isAvailable",
              "fullTitle": "005_Patient Overview Page 5.2_EyeProcedures_isAvailable",
              "timedOut": null,
              "duration": 119,
              "state": "passed",
              "speed": "slow",
              "pass": true,
              "fail": false,
              "pending": false,
              "context": null,
              "code": "cy.get(\"#idg-ele-view-eye-procedures>header>.element-title\").should('have.text', 'Eye Procedures');",
              "err": {},
              "uuid": "d1cf8d58-6931-4d08-9af9-c81d7045d697",
              "parentUUID": "a372645d-c89e-488a-a114-ee0025fbfed0",
              "isHook": false,
              "skipped": false
            },
            {
              "title": "5.3_EyeMedications_isAvailable",
              "fullTitle": "005_Patient Overview Page 5.3_EyeMedications_isAvailable",
              "timedOut": null,
              "duration": 81,
              "state": "passed",
              "speed": "slow",
              "pass": true,
              "fail": false,
              "pending": false,
              "context": null,
              "code": "cy.get(\"#idg-ele-view-eye-medications>header>.element-title\").should('have.text', 'Eye Medications');",
              "err": {},
              "uuid": "dd6c84a5-ff42-423a-a94c-172685302ca4",
              "parentUUID": "a372645d-c89e-488a-a114-ee0025fbfed0",
              "isHook": false,
              "skipped": false
            },
            {
              "title": "5.4_ManagementSummaries_isAvailable",
              "fullTitle": "005_Patient Overview Page 5.4_ManagementSummaries_isAvailable",
              "timedOut": null,
              "duration": 75,
              "state": "passed",
              "speed": "medium",
              "pass": true,
              "fail": false,
              "pending": false,
              "context": null,
              "code": "cy.get(\"#idg-ele-view-management-summaries>header>.element-title\").should('have.text', 'Management Summaries');",
              "err": {},
              "uuid": "42fbeecd-207c-4d25-b256-3d12abf47701",
              "parentUUID": "a372645d-c89e-488a-a114-ee0025fbfed0",
              "isHook": false,
              "skipped": false
            },
            {
              "title": "5.5_ViewAppointmentSection_isAvailable",
              "fullTitle": "005_Patient Overview Page 5.5_ViewAppointmentSection_isAvailable",
              "timedOut": null,
              "duration": 79,
              "state": "passed",
              "speed": "slow",
              "pass": true,
              "fail": false,
              "pending": false,
              "context": null,
              "code": "cy.get(\"#idg-ele-view-appointments>header>.element-title\").should('have.text', 'Appointments');",
              "err": {},
              "uuid": "eeb07f03-a60f-498a-95e0-117e1af68bda",
              "parentUUID": "a372645d-c89e-488a-a114-ee0025fbfed0",
              "isHook": false,
              "skipped": false
            },
            {
              "title": "5.6_Problems & Plans_isAvailable",
              "fullTitle": "005_Patient Overview Page 5.6_Problems & Plans_isAvailable",
              "timedOut": null,
              "duration": 114,
              "state": "passed",
              "speed": "slow",
              "pass": true,
              "fail": false,
              "pending": false,
              "context": null,
              "code": "cy.get(\".element-header>.element-title\").eq(5).should('have.text', 'Problems & Plans');",
              "err": {},
              "uuid": "0e28f0a2-56c8-4ac1-bde8-a34c69032ffa",
              "parentUUID": "a372645d-c89e-488a-a114-ee0025fbfed0",
              "isHook": false,
              "skipped": false
            },
            {
              "title": "5.7_EventHistory_isAvailable",
              "fullTitle": "005_Patient Overview Page 5.7_EventHistory_isAvailable",
              "timedOut": null,
              "duration": 184,
              "state": "passed",
              "speed": "slow",
              "pass": true,
              "fail": false,
              "pending": false,
              "context": null,
              "code": "cy.get(\".fade\").eq(5).should('contain', 'ted:');",
              "err": {},
              "uuid": "679f6350-575c-420f-b93b-c0225142fa8a",
              "parentUUID": "a372645d-c89e-488a-a114-ee0025fbfed0",
              "isHook": false,
              "skipped": false
            },
            {
              "title": "5.8_Allergies&Alerts_isAvailable",
              "fullTitle": "005_Patient Overview Page 5.8_Allergies&Alerts_isAvailable",
              "timedOut": null,
              "duration": 276,
              "state": "passed",
              "speed": "slow",
              "pass": true,
              "fail": false,
              "pending": false,
              "context": null,
              "code": "cy.get(\".patient-allergies-risks\").should('be.visible').trigger('mouseover');\ncy.get(\".cols-left > .popup-overflow > .alert-box > strong\").should('contain', 'Allergies');\ncy.get(\".cols-right>.popup-overflow>.alert-box>strong\").should('contain', 'Alerts');",
              "err": {},
              "uuid": "a4be000a-bddf-4dff-982d-8638173ffe24",
              "parentUUID": "a372645d-c89e-488a-a114-ee0025fbfed0",
              "isHook": false,
              "skipped": false
            },
            {
              "title": "5.9_PatientInfo_isAvailable",
              "fullTitle": "005_Patient Overview Page 5.9_PatientInfo_isAvailable",
              "timedOut": null,
              "duration": 304,
              "state": "passed",
              "speed": "slow",
              "pass": true,
              "fail": false,
              "pending": false,
              "context": null,
              "code": "cy.get(\"#js-demographics-btn\").should('be.visible').trigger('mouseover'); // Demographics sectuon\ncy.get(\".patient-popup-demographics>.flex-layout>.cols-left>.popup-overflow>.subtitle\").should('contain', 'Demographics'); // PAS Contacts section\ncy.get(\".popup-overflow>.patient-demographics>tbody\").eq(1).children(\"tr\").eq(0).children(\"td\").children(\"h2\").should('contain', 'PAS Contacts');",
              "err": {},
              "uuid": "ca1d7076-5fec-43e5-8a92-a2e9fc00d423",
              "parentUUID": "a372645d-c89e-488a-a114-ee0025fbfed0",
              "isHook": false,
              "skipped": false
            },
            {
              "title": "5.10_PatientManagement_ManagementSummaries_isAvailable",
              "fullTitle": "005_Patient Overview Page 5.10_PatientManagement_ManagementSummaries_isAvailable",
              "timedOut": null,
              "duration": 421,
              "state": "passed",
              "speed": "slow",
              "pass": true,
              "fail": false,
              "pending": false,
              "context": null,
              "code": "cy.get(\".patient-management\").should('be.visible').trigger('mouseover');\ncy.get(\".popup-overflow\").eq(2).children(\".subtitle\").should('contain', 'Management Summaries');",
              "err": {},
              "uuid": "9aef5659-7f34-4fc1-b109-07989717a754",
              "parentUUID": "a372645d-c89e-488a-a114-ee0025fbfed0",
              "isHook": false,
              "skipped": false
            },
            {
              "title": "5.11_PatientManagement_Appointments_isAvailable",
              "fullTitle": "005_Patient Overview Page 5.11_PatientManagement_Appointments_isAvailable",
              "timedOut": null,
              "duration": 242,
              "state": "passed",
              "speed": "slow",
              "pass": true,
              "fail": false,
              "pending": false,
              "context": null,
              "code": "cy.get(\".patient-management\").should('be.visible').trigger('mouseover');\ncy.get(\".popup-overflow\").eq(3).children(\".subtitle\").should('contain', 'Appointments');",
              "err": {},
              "uuid": "99d00958-105d-44b6-9dc0-3d75670610fa",
              "parentUUID": "a372645d-c89e-488a-a114-ee0025fbfed0",
              "isHook": false,
              "skipped": false
            },
            {
              "title": "5.12_PatientManagement_Problems&Plans_isAvailable",
              "fullTitle": "005_Patient Overview Page 5.12_PatientManagement_Problems&Plans_isAvailable",
              "timedOut": null,
              "duration": 246,
              "state": "passed",
              "speed": "slow",
              "pass": true,
              "fail": false,
              "pending": false,
              "context": null,
              "code": "cy.get(\".patient-management\").should('be.visible').trigger('mouseover');\ncy.get(\".problems-plans\").eq(1).children(\"h3\").should('contain', 'Problems & Plans');",
              "err": {},
              "uuid": "5e5d1df5-d1b0-4dcb-9ea8-f9efdf7cdbbd",
              "parentUUID": "a372645d-c89e-488a-a114-ee0025fbfed0",
              "isHook": false,
              "skipped": false
            },
            {
              "title": "5.13_PatientManagement_EventHistory(PastAppointments)_isAvailable",
              "fullTitle": "005_Patient Overview Page 5.13_PatientManagement_EventHistory(PastAppointments)_isAvailable",
              "timedOut": null,
              "duration": 278,
              "state": "passed",
              "speed": "slow",
              "pass": true,
              "fail": false,
              "pending": false,
              "context": null,
              "code": "cy.get(\".patient-management\").should('be.visible').trigger('mouseover');\ncy.get(\".js-get-past-appointments\").eq(0).children(\"h3\").should('contain', 'Past Appointments');",
              "err": {},
              "uuid": "f5feaf02-35af-4b3a-a422-63883b983527",
              "parentUUID": "a372645d-c89e-488a-a114-ee0025fbfed0",
              "isHook": false,
              "skipped": false
            },
            {
              "title": "5.14_PatientQuickSummary_EyeDiagnoses_isAvailable",
              "fullTitle": "005_Patient Overview Page 5.14_PatientQuickSummary_EyeDiagnoses_isAvailable",
              "timedOut": null,
              "duration": 511,
              "state": "passed",
              "speed": "slow",
              "pass": true,
              "fail": false,
              "pending": false,
              "context": null,
              "code": "cy.get(\"#js-quicklook-btn\").should('be.visible').trigger('mouseover');\ncy.get(\".oe-popup-overflow\").children(\".group\").children(\".label\").eq(0).should('contain', 'Eye Diagnoses');",
              "err": {},
              "uuid": "6e04e4e2-4d52-4a75-a8cd-0f62c7e62612",
              "parentUUID": "a372645d-c89e-488a-a114-ee0025fbfed0",
              "isHook": false,
              "skipped": false
            },
            {
              "title": "5.15_PatientQuickSummary_Systemic Diagnoses_isAvailable",
              "fullTitle": "005_Patient Overview Page 5.15_PatientQuickSummary_Systemic Diagnoses_isAvailable",
              "timedOut": null,
              "duration": 283,
              "state": "passed",
              "speed": "slow",
              "pass": true,
              "fail": false,
              "pending": false,
              "context": null,
              "code": "cy.get(\"#js-quicklook-btn\").should('be.visible').trigger('mouseover');\ncy.get(\".oe-popup-overflow\").children(\".group\").children(\".label\").eq(1).should('contain', 'Systemic Diagnoses');",
              "err": {},
              "uuid": "87a8f949-af2c-421a-b385-f92246bbbf71",
              "parentUUID": "a372645d-c89e-488a-a114-ee0025fbfed0",
              "isHook": false,
              "skipped": false
            },
            {
              "title": "5.16_PatientQuickSummary_EyeProcedures_isAvailable",
              "fullTitle": "005_Patient Overview Page 5.16_PatientQuickSummary_EyeProcedures_isAvailable",
              "timedOut": null,
              "duration": 333,
              "state": "passed",
              "speed": "slow",
              "pass": true,
              "fail": false,
              "pending": false,
              "context": null,
              "code": "cy.get(\"#js-quicklook-btn\").should('be.visible').trigger('mouseover');\ncy.get(\".oe-popup-overflow\").children(\".group\").children(\".label\").eq(2).should('contain', 'Eye Procedures');",
              "err": {},
              "uuid": "583f4c5d-1e78-4b4b-a102-232e525a8ba4",
              "parentUUID": "a372645d-c89e-488a-a114-ee0025fbfed0",
              "isHook": false,
              "skipped": false
            },
            {
              "title": "5.17_PatientQuickSummary_SystemicProcedures_isAvailable",
              "fullTitle": "005_Patient Overview Page 5.17_PatientQuickSummary_SystemicProcedures_isAvailable",
              "timedOut": null,
              "duration": 326,
              "state": "passed",
              "speed": "slow",
              "pass": true,
              "fail": false,
              "pending": false,
              "context": null,
              "code": "cy.get(\"#js-quicklook-btn\").should('be.visible').trigger('mouseover');\ncy.get(\".oe-popup-overflow\").children(\".group\").children(\".label\").eq(3).should('contain', 'Systemic Procedures');",
              "err": {},
              "uuid": "719afd4c-d276-47ee-925d-fc31661583be",
              "parentUUID": "a372645d-c89e-488a-a114-ee0025fbfed0",
              "isHook": false,
              "skipped": false
            },
            {
              "title": "5.18_PatientQuickSummary_SystemicMedications_isAvailable",
              "fullTitle": "005_Patient Overview Page 5.18_PatientQuickSummary_SystemicMedications_isAvailable",
              "timedOut": null,
              "duration": 532,
              "state": "passed",
              "speed": "slow",
              "pass": true,
              "fail": false,
              "pending": false,
              "context": null,
              "code": "cy.get(\"#js-quicklook-btn\").should('be.visible').trigger('mouseover');\ncy.get(\".oe-popup-overflow\").children(\".group\").children(\".label\").eq(4).should('contain', 'Systemic Medications');",
              "err": {},
              "uuid": "afb58d6d-ac3b-437c-ab34-a7cf7a22617a",
              "parentUUID": "a372645d-c89e-488a-a114-ee0025fbfed0",
              "isHook": false,
              "skipped": false
            },
            {
              "title": "5.19_PatientQuickSummary_EyeMedications_isAvailable",
              "fullTitle": "005_Patient Overview Page 5.19_PatientQuickSummary_EyeMedications_isAvailable",
              "timedOut": null,
              "duration": 326,
              "state": "passed",
              "speed": "slow",
              "pass": true,
              "fail": false,
              "pending": false,
              "context": null,
              "code": "cy.get(\"#js-quicklook-btn\").should('be.visible').trigger('mouseover');\ncy.get(\".oe-popup-overflow\").children(\".group\").children(\".label\").eq(5).should('contain', 'Eye Medications');",
              "err": {},
              "uuid": "d57ab117-fb84-4558-8a61-e7bbe257366e",
              "parentUUID": "a372645d-c89e-488a-a114-ee0025fbfed0",
              "isHook": false,
              "skipped": false
            },
            {
              "title": "5.20_PatientQuickSummary_FamilyHistory_isAvailable",
              "fullTitle": "005_Patient Overview Page 5.20_PatientQuickSummary_FamilyHistory_isAvailable",
              "timedOut": null,
              "duration": 416,
              "state": "passed",
              "speed": "slow",
              "pass": true,
              "fail": false,
              "pending": false,
              "context": null,
              "code": "cy.get(\"#js-quicklook-btn\").should('be.visible').trigger('mouseover');\ncy.get(\".oe-popup-overflow\").children(\".group\").children(\".label\").eq(6).should('contain', 'Family History');",
              "err": {},
              "uuid": "a8593a28-ef38-4396-a25f-a798cf1f9206",
              "parentUUID": "a372645d-c89e-488a-a114-ee0025fbfed0",
              "isHook": false,
              "skipped": false
            },
            {
              "title": "5.21_PatientQuickSummary_SocialHistory_isAvailable",
              "fullTitle": "005_Patient Overview Page 5.21_PatientQuickSummary_SocialHistory_isAvailable",
              "timedOut": null,
              "duration": 320,
              "state": "passed",
              "speed": "slow",
              "pass": true,
              "fail": false,
              "pending": false,
              "context": null,
              "code": "cy.get(\"#js-quicklook-btn\").should('be.visible').trigger('mouseover');\ncy.get(\".oe-popup-overflow\").children(\".group\").children(\".label\").eq(7).should('contain', 'Social History');",
              "err": {},
              "uuid": "4fad13f4-6392-4c8f-9722-59c8ead5c62f",
              "parentUUID": "a372645d-c89e-488a-a114-ee0025fbfed0",
              "isHook": false,
              "skipped": false
            }
          ],
          "suites": [],
          "passes": [
            "bb6ce06d-2730-442c-b5fe-aa12da466e6d",
            "d1cf8d58-6931-4d08-9af9-c81d7045d697",
            "dd6c84a5-ff42-423a-a94c-172685302ca4",
            "42fbeecd-207c-4d25-b256-3d12abf47701",
            "eeb07f03-a60f-498a-95e0-117e1af68bda",
            "0e28f0a2-56c8-4ac1-bde8-a34c69032ffa",
            "679f6350-575c-420f-b93b-c0225142fa8a",
            "a4be000a-bddf-4dff-982d-8638173ffe24",
            "ca1d7076-5fec-43e5-8a92-a2e9fc00d423",
            "9aef5659-7f34-4fc1-b109-07989717a754",
            "99d00958-105d-44b6-9dc0-3d75670610fa",
            "5e5d1df5-d1b0-4dcb-9ea8-f9efdf7cdbbd",
            "f5feaf02-35af-4b3a-a422-63883b983527",
            "6e04e4e2-4d52-4a75-a8cd-0f62c7e62612",
            "87a8f949-af2c-421a-b385-f92246bbbf71",
            "583f4c5d-1e78-4b4b-a102-232e525a8ba4",
            "719afd4c-d276-47ee-925d-fc31661583be",
            "afb58d6d-ac3b-437c-ab34-a7cf7a22617a",
            "d57ab117-fb84-4558-8a61-e7bbe257366e",
            "a8593a28-ef38-4396-a25f-a798cf1f9206",
            "4fad13f4-6392-4c8f-9722-59c8ead5c62f"
          ],
          "failures": [],
          "pending": [],
          "skipped": [],
          "duration": 23408,
          "root": false,
          "rootEmpty": false,
          "_timeout": 2000
        }
      ],
      "passes": [],
      "failures": [],
      "pending": [],
      "skipped": [],
      "duration": 0,
      "root": true,
      "rootEmpty": true,
      "_timeout": 2000
    }
  ],
  "meta": {
    "mocha": {
      "version": "7.0.1"
    },
    "mochawesome": {
      "options": {
        "quiet": false,
        "reportFilename": "mochawesome",
        "saveHtml": false,
        "saveJson": true,
        "consoleReporter": "spec",
        "useInlineDiffs": false,
        "code": true
      },
      "version": "6.2.2"
    },
    "marge": {
      "options": {
        "overwrite": false,
        "html": false,
        "json": true,
        "charts": true
      },
      "version": "5.2.0"
    }
  }
}