{
  "stats": {
    "suites": 1,
    "tests": 8,
    "passes": 8,
    "pending": 0,
    "failures": 0,
    "start": "2021-07-06T05:45:54.877Z",
    "end": "2021-07-06T05:46:04.374Z",
    "duration": 9497,
    "testsRegistered": 8,
    "passPercent": 100,
    "pendingPercent": 0,
    "other": 0,
    "hasOther": false,
    "skipped": 0,
    "hasSkipped": false
  },
  "results": [
    {
      "uuid": "d9039e3a-1990-4074-8c57-544ad877904b",
      "title": "",
      "fullFile": "cypress/integration/003_landingpage_spec.js",
      "file": "cypress/integration/003_landingpage_spec.js",
      "beforeHooks": [],
      "afterHooks": [],
      "tests": [],
      "suites": [
        {
          "uuid": "edaa72cb-3255-4b1b-89aa-2090c3012c56",
          "title": "003_LandingPage MessageDetails are available",
          "fullFile": "",
          "file": "",
          "beforeHooks": [],
          "afterHooks": [],
          "tests": [
            {
              "title": "3.1_Is ID Available",
              "fullTitle": "003_LandingPage MessageDetails are available 3.1_Is ID Available",
              "timedOut": null,
              "duration": 8720,
              "state": "passed",
              "speed": "slow",
              "pass": true,
              "fail": false,
              "pending": false,
              "context": null,
              "code": "cy.get(\".standard>thead>tr>th#hos_num\").should('be.visible').should('have.text', 'ID');",
              "err": {},
              "uuid": "571c4c6c-cd55-4e50-a617-a245a21c2299",
              "parentUUID": "edaa72cb-3255-4b1b-89aa-2090c3012c56",
              "isHook": false,
              "skipped": false
            },
            {
              "title": "3.2_Is Gender Available",
              "fullTitle": "003_LandingPage MessageDetails are available 3.2_Is Gender Available",
              "timedOut": null,
              "duration": 57,
              "state": "passed",
              "speed": "medium",
              "pass": true,
              "fail": false,
              "pending": false,
              "context": null,
              "code": "cy.get(\".standard>thead>tr>th#gender\").should('be.visible').should('have.text', 'Gender');",
              "err": {},
              "uuid": "8050a912-7183-4ca1-8034-3aa7bf17b1b4",
              "parentUUID": "edaa72cb-3255-4b1b-89aa-2090c3012c56",
              "isHook": false,
              "skipped": false
            },
            {
              "title": "3.3_Is Age Available",
              "fullTitle": "003_LandingPage MessageDetails are available 3.3_Is Age Available",
              "timedOut": null,
              "duration": 40,
              "state": "passed",
              "speed": "medium",
              "pass": true,
              "fail": false,
              "pending": false,
              "context": null,
              "code": "cy.get(\".standard>thead>tr>th#age\").should('be.visible').should('have.text', 'Age');",
              "err": {},
              "uuid": "0f79c17a-0b3c-4098-a724-40e8809d64c0",
              "parentUUID": "edaa72cb-3255-4b1b-89aa-2090c3012c56",
              "isHook": false,
              "skipped": false
            },
            {
              "title": "3.4_Is Patient Name Available",
              "fullTitle": "003_LandingPage MessageDetails are available 3.4_Is Patient Name Available",
              "timedOut": null,
              "duration": 38,
              "state": "passed",
              "speed": "medium",
              "pass": true,
              "fail": false,
              "pending": false,
              "context": null,
              "code": "cy.get(\".standard>thead>tr>th#patient_name\").should('be.visible').should('have.text', 'Patient');",
              "err": {},
              "uuid": "2ab2cfd2-6b02-4c9b-929a-3495c4cea10f",
              "parentUUID": "edaa72cb-3255-4b1b-89aa-2090c3012c56",
              "isHook": false,
              "skipped": false
            },
            {
              "title": "3.5_Is Message Type Available",
              "fullTitle": "003_LandingPage MessageDetails are available 3.5_Is Message Type Available",
              "timedOut": null,
              "duration": 42,
              "state": "passed",
              "speed": "medium",
              "pass": true,
              "fail": false,
              "pending": false,
              "context": null,
              "code": "cy.get(\".standard>thead>tr>th#message_type\").should('be.visible').should('have.text', 'Type');",
              "err": {},
              "uuid": "ec6073e5-f3d1-4ea1-8430-6f6d16a2fdea",
              "parentUUID": "edaa72cb-3255-4b1b-89aa-2090c3012c56",
              "isHook": false,
              "skipped": false
            },
            {
              "title": "3.6_Is Message Date Available",
              "fullTitle": "003_LandingPage MessageDetails are available 3.6_Is Message Date Available",
              "timedOut": null,
              "duration": 52,
              "state": "passed",
              "speed": "medium",
              "pass": true,
              "fail": false,
              "pending": false,
              "context": null,
              "code": "cy.get(\".standard>thead>tr>th#event_date\").should('be.visible').should('have.text', 'Date');",
              "err": {},
              "uuid": "94ff5040-3b57-4482-b0c6-445cab715977",
              "parentUUID": "edaa72cb-3255-4b1b-89aa-2090c3012c56",
              "isHook": false,
              "skipped": false
            },
            {
              "title": "3.7_Is Message Sender Available",
              "fullTitle": "003_LandingPage MessageDetails are available 3.7_Is Message Sender Available",
              "timedOut": null,
              "duration": 67,
              "state": "passed",
              "speed": "medium",
              "pass": true,
              "fail": false,
              "pending": false,
              "context": null,
              "code": "cy.get(\".standard>thead>tr>th#user\").should('be.visible').should('have.text', 'Sender');",
              "err": {},
              "uuid": "b44bfc51-8a2d-418c-8b5a-96742fb1634d",
              "parentUUID": "edaa72cb-3255-4b1b-89aa-2090c3012c56",
              "isHook": false,
              "skipped": false
            },
            {
              "title": "3.8_Is Message Pagination Available",
              "fullTitle": "003_LandingPage MessageDetails are available 3.8_Is Message Pagination Available",
              "timedOut": null,
              "duration": 233,
              "state": "passed",
              "speed": "slow",
              "pass": true,
              "fail": false,
              "pending": false,
              "context": null,
              "code": "cy.get(\".pagination\").should('be.visible').should('contain', 'of');",
              "err": {},
              "uuid": "e0bf8c81-53dd-4555-9723-1ec3203c17d1",
              "parentUUID": "edaa72cb-3255-4b1b-89aa-2090c3012c56",
              "isHook": false,
              "skipped": false
            }
          ],
          "suites": [],
          "passes": [
            "571c4c6c-cd55-4e50-a617-a245a21c2299",
            "8050a912-7183-4ca1-8034-3aa7bf17b1b4",
            "0f79c17a-0b3c-4098-a724-40e8809d64c0",
            "2ab2cfd2-6b02-4c9b-929a-3495c4cea10f",
            "ec6073e5-f3d1-4ea1-8430-6f6d16a2fdea",
            "94ff5040-3b57-4482-b0c6-445cab715977",
            "b44bfc51-8a2d-418c-8b5a-96742fb1634d",
            "e0bf8c81-53dd-4555-9723-1ec3203c17d1"
          ],
          "failures": [],
          "pending": [],
          "skipped": [],
          "duration": 9249,
          "root": false,
          "rootEmpty": false,
          "_timeout": 2000
        }
      ],
      "passes": [],
      "failures": [],
      "pending": [],
      "skipped": [],
      "duration": 0,
      "root": true,
      "rootEmpty": true,
      "_timeout": 2000
    }
  ],
  "meta": {
    "mocha": {
      "version": "7.0.1"
    },
    "mochawesome": {
      "options": {
        "quiet": false,
        "reportFilename": "mochawesome",
        "saveHtml": false,
        "saveJson": true,
        "consoleReporter": "spec",
        "useInlineDiffs": false,
        "code": true
      },
      "version": "6.2.2"
    },
    "marge": {
      "options": {
        "overwrite": false,
        "html": false,
        "json": true,
        "charts": true
      },
      "version": "5.2.0"
    }
  }
}