{
  "stats": {
    "suites": 1,
    "tests": 4,
    "passes": 4,
    "pending": 0,
    "failures": 0,
    "start": "2021-07-05T10:47:32.617Z",
    "end": "2021-07-05T10:47:46.812Z",
    "duration": 14195,
    "testsRegistered": 4,
    "passPercent": 100,
    "pendingPercent": 0,
    "other": 0,
    "hasOther": false,
    "skipped": 0,
    "hasSkipped": false
  },
  "results": [
    {
      "uuid": "35502fe6-42cd-4669-95c3-87a8955f5dab",
      "title": "",
      "fullFile": "cypress/integration/002_changecontext_spec.js",
      "file": "cypress/integration/002_changecontext_spec.js",
      "beforeHooks": [],
      "afterHooks": [],
      "tests": [],
      "suites": [
        {
          "uuid": "2ad24ad5-6177-4705-9645-758d11eb5262",
          "title": "002_ChangeContext",
          "fullFile": "",
          "file": "",
          "beforeHooks": [],
          "afterHooks": [],
          "tests": [
            {
              "title": "2.1_User clicks on change link",
              "fullTitle": "002_ChangeContext 2.1_User clicks on change link",
              "timedOut": null,
              "duration": 11428,
              "state": "passed",
              "speed": "slow",
              "pass": true,
              "fail": false,
              "pending": false,
              "context": null,
              "code": "cy.get(\"#change-firm\").should('be.visible').click();",
              "err": {},
              "uuid": "e16ed407-1f38-47b9-9a5d-9fae713590f4",
              "parentUUID": "2ad24ad5-6177-4705-9645-758d11eb5262",
              "isHook": false,
              "skipped": false
            },
            {
              "title": "2.2_isPopUpDisplayed",
              "fullTitle": "002_ChangeContext 2.2_isPopUpDisplayed",
              "timedOut": null,
              "duration": 362,
              "state": "passed",
              "speed": "slow",
              "pass": true,
              "fail": false,
              "pending": false,
              "context": null,
              "code": "cy.get(\".oe-popup>.title\").should('be.visible').should('have.text', 'Select a new Site and/or Context');",
              "err": {},
              "uuid": "c12a0ab8-5c32-4466-82e1-fbf14f787903",
              "parentUUID": "2ad24ad5-6177-4705-9645-758d11eb5262",
              "isHook": false,
              "skipped": false
            },
            {
              "title": "2.3_User Selects Cataract as Context and Clicks Confirm Change",
              "fullTitle": "002_ChangeContext 2.3_User Selects Cataract as Context and Clicks Confirm Change",
              "timedOut": null,
              "duration": 2216,
              "state": "passed",
              "speed": "slow",
              "pass": true,
              "fail": false,
              "pending": false,
              "context": null,
              "code": "cy.fixture(\"context.json\").then(context => {\n  cy.get('select').then($Other => {\n    $Other.val(context.OptionValue);\n  });\n  cy.get(\".align-right > .green\").click();\n});",
              "err": {},
              "uuid": "e7e6bf1f-352c-4c76-83d3-cd69da7e70a0",
              "parentUUID": "2ad24ad5-6177-4705-9645-758d11eb5262",
              "isHook": false,
              "skipped": false
            },
            {
              "title": "2.3_Is Chosen Context Visible on Homepage",
              "fullTitle": "002_ChangeContext 2.3_Is Chosen Context Visible on Homepage",
              "timedOut": null,
              "duration": 58,
              "state": "passed",
              "speed": "medium",
              "pass": true,
              "fail": false,
              "pending": false,
              "context": null,
              "code": "cy.fixture(\"context.json\").then(context => {\n  cy.get('#change-firm').parent().should('contain', context.Name);\n});",
              "err": {},
              "uuid": "0ac714c9-a503-4fcc-ab60-4070397d9de8",
              "parentUUID": "2ad24ad5-6177-4705-9645-758d11eb5262",
              "isHook": false,
              "skipped": false
            }
          ],
          "suites": [],
          "passes": [
            "e16ed407-1f38-47b9-9a5d-9fae713590f4",
            "c12a0ab8-5c32-4466-82e1-fbf14f787903",
            "e7e6bf1f-352c-4c76-83d3-cd69da7e70a0",
            "0ac714c9-a503-4fcc-ab60-4070397d9de8"
          ],
          "failures": [],
          "pending": [],
          "skipped": [],
          "duration": 14064,
          "root": false,
          "rootEmpty": false,
          "_timeout": 2000
        }
      ],
      "passes": [],
      "failures": [],
      "pending": [],
      "skipped": [],
      "duration": 0,
      "root": true,
      "rootEmpty": true,
      "_timeout": 2000
    }
  ],
  "meta": {
    "mocha": {
      "version": "7.0.1"
    },
    "mochawesome": {
      "options": {
        "quiet": false,
        "reportFilename": "mochawesome",
        "saveHtml": false,
        "saveJson": true,
        "consoleReporter": "spec",
        "useInlineDiffs": false,
        "code": true
      },
      "version": "6.2.2"
    },
    "marge": {
      "options": {
        "overwrite": false,
        "html": false,
        "json": true,
        "charts": true
      },
      "version": "5.2.0"
    }
  }
}