{
  "stats": {
    "suites": 1,
    "tests": 2,
    "passes": 2,
    "pending": 0,
    "failures": 0,
    "start": "2021-08-10T07:39:51.576Z",
    "end": "2021-08-10T07:40:00.526Z",
    "duration": 8950,
    "testsRegistered": 2,
    "passPercent": 100,
    "pendingPercent": 0,
    "other": 0,
    "hasOther": false,
    "skipped": 0,
    "hasSkipped": false
  },
  "results": [
    {
      "uuid": "3284282e-217b-4379-8406-6d5646386922",
      "title": "",
      "fullFile": "cypress/integration/001_login_spec.js",
      "file": "cypress/integration/001_login_spec.js",
      "beforeHooks": [],
      "afterHooks": [],
      "tests": [],
      "suites": [
        {
          "uuid": "abe09529-ac1e-4cdb-8689-3be415f7ab81",
          "title": "001_Visit Website and Login",
          "fullFile": "",
          "file": "",
          "beforeHooks": [],
          "afterHooks": [],
          "tests": [
            {
              "title": "1.1_Visit OE Login Page and Check Title",
              "fullTitle": "001_Visit Website and Login 1.1_Visit OE Login Page and Check Title",
              "timedOut": null,
              "duration": 4211,
              "state": "passed",
              "speed": "slow",
              "pass": true,
              "fail": false,
              "pending": false,
              "context": null,
              "code": "cy.visit('/site/login');\ncy.get('body').then($body => {\n  if ($body.find('#js-logout-btn').length) {\n    cy.get(\"#js-logout-btn\").should('be.visible').click();\n  }\n});\ncy.title().should('eq', 'OpenEyes - Login - OE');",
              "err": {},
              "uuid": "871c2608-a5ff-4b79-9b69-edc3f760c8f4",
              "parentUUID": "abe09529-ac1e-4cdb-8689-3be415f7ab81",
              "isHook": false,
              "skipped": false
            },
            {
              "title": "1.2_Login with Valid Credentials and reach Landing Page",
              "fullTitle": "001_Visit Website and Login 1.2_Login with Valid Credentials and reach Landing Page",
              "timedOut": null,
              "duration": 4649,
              "state": "passed",
              "speed": "slow",
              "pass": true,
              "fail": false,
              "pending": false,
              "context": null,
              "code": "cy.login();\ncy.title().should('eq', 'Home - OE');",
              "err": {},
              "uuid": "57250345-b929-4c79-9775-af8624776c66",
              "parentUUID": "abe09529-ac1e-4cdb-8689-3be415f7ab81",
              "isHook": false,
              "skipped": false
            }
          ],
          "suites": [],
          "passes": [
            "871c2608-a5ff-4b79-9b69-edc3f760c8f4",
            "57250345-b929-4c79-9775-af8624776c66"
          ],
          "failures": [],
          "pending": [],
          "skipped": [],
          "duration": 8860,
          "root": false,
          "rootEmpty": false,
          "_timeout": 2000
        }
      ],
      "passes": [],
      "failures": [],
      "pending": [],
      "skipped": [],
      "duration": 0,
      "root": true,
      "rootEmpty": true,
      "_timeout": 2000
    }
  ],
  "meta": {
    "mocha": {
      "version": "7.0.1"
    },
    "mochawesome": {
      "options": {
        "quiet": false,
        "reportFilename": "mochawesome",
        "saveHtml": false,
        "saveJson": true,
        "consoleReporter": "spec",
        "useInlineDiffs": false,
        "code": true
      },
      "version": "6.2.2"
    },
    "marge": {
      "options": {
        "overwrite": false,
        "html": false,
        "json": true
      },
      "version": "5.2.0"
    }
  }
}