{
  "stats": {
    "suites": 1,
    "tests": 8,
    "passes": 8,
    "pending": 0,
    "failures": 0,
    "start": "2021-07-01T16:02:18.839Z",
    "end": "2021-07-01T16:02:30.516Z",
    "duration": 11677,
    "testsRegistered": 8,
    "passPercent": 100,
    "pendingPercent": 0,
    "other": 0,
    "hasOther": false,
    "skipped": 0,
    "hasSkipped": false
  },
  "results": [
    {
      "uuid": "40d664f7-d0c4-4f5c-8c53-a645cac51cdd",
      "title": "",
      "fullFile": "cypress/integration/003_landingpage_spec.js",
      "file": "cypress/integration/003_landingpage_spec.js",
      "beforeHooks": [],
      "afterHooks": [],
      "tests": [],
      "suites": [
        {
          "uuid": "0caf5719-988e-4afe-acf3-0ae0ce2a332b",
          "title": "003_LandingPage MessageDetails are available",
          "fullFile": "",
          "file": "",
          "beforeHooks": [],
          "afterHooks": [],
          "tests": [
            {
              "title": "3.1_Is ID Available",
              "fullTitle": "003_LandingPage MessageDetails are available 3.1_Is ID Available",
              "timedOut": null,
              "duration": 11055,
              "state": "passed",
              "speed": "slow",
              "pass": true,
              "fail": false,
              "pending": false,
              "context": null,
              "code": "cy.get(\".standard>thead>tr>th#hos_num\").should('be.visible').should('have.text', 'ID');",
              "err": {},
              "uuid": "de81cbc1-b976-4ecc-be28-d19c967263eb",
              "parentUUID": "0caf5719-988e-4afe-acf3-0ae0ce2a332b",
              "isHook": false,
              "skipped": false
            },
            {
              "title": "3.2_Is Gender Available",
              "fullTitle": "003_LandingPage MessageDetails are available 3.2_Is Gender Available",
              "timedOut": null,
              "duration": 65,
              "state": "passed",
              "speed": "medium",
              "pass": true,
              "fail": false,
              "pending": false,
              "context": null,
              "code": "cy.get(\".standard>thead>tr>th#gender\").should('be.visible').should('have.text', 'Gender');",
              "err": {},
              "uuid": "30209b67-cdfc-46e5-bcda-9c047688ca6a",
              "parentUUID": "0caf5719-988e-4afe-acf3-0ae0ce2a332b",
              "isHook": false,
              "skipped": false
            },
            {
              "title": "3.3_Is Age Available",
              "fullTitle": "003_LandingPage MessageDetails are available 3.3_Is Age Available",
              "timedOut": null,
              "duration": 65,
              "state": "passed",
              "speed": "medium",
              "pass": true,
              "fail": false,
              "pending": false,
              "context": null,
              "code": "cy.get(\".standard>thead>tr>th#age\").should('be.visible').should('have.text', 'Age');",
              "err": {},
              "uuid": "1a2242ae-c351-4f6b-9568-ed241e50d70b",
              "parentUUID": "0caf5719-988e-4afe-acf3-0ae0ce2a332b",
              "isHook": false,
              "skipped": false
            },
            {
              "title": "3.4_Is Patient Name Available",
              "fullTitle": "003_LandingPage MessageDetails are available 3.4_Is Patient Name Available",
              "timedOut": null,
              "duration": 42,
              "state": "passed",
              "speed": "medium",
              "pass": true,
              "fail": false,
              "pending": false,
              "context": null,
              "code": "cy.get(\".standard>thead>tr>th#patient_name\").should('be.visible').should('have.text', 'Patient');",
              "err": {},
              "uuid": "77330fc1-cff9-41d4-be96-02a992ea8077",
              "parentUUID": "0caf5719-988e-4afe-acf3-0ae0ce2a332b",
              "isHook": false,
              "skipped": false
            },
            {
              "title": "3.5_Is Message Type Available",
              "fullTitle": "003_LandingPage MessageDetails are available 3.5_Is Message Type Available",
              "timedOut": null,
              "duration": 50,
              "state": "passed",
              "speed": "medium",
              "pass": true,
              "fail": false,
              "pending": false,
              "context": null,
              "code": "cy.get(\".standard>thead>tr>th#message_type\").should('be.visible').should('have.text', 'Type');",
              "err": {},
              "uuid": "2df47fbc-bbfb-4cdd-a004-10f48a217a59",
              "parentUUID": "0caf5719-988e-4afe-acf3-0ae0ce2a332b",
              "isHook": false,
              "skipped": false
            },
            {
              "title": "3.6_Is Message Date Available",
              "fullTitle": "003_LandingPage MessageDetails are available 3.6_Is Message Date Available",
              "timedOut": null,
              "duration": 63,
              "state": "passed",
              "speed": "medium",
              "pass": true,
              "fail": false,
              "pending": false,
              "context": null,
              "code": "cy.get(\".standard>thead>tr>th#event_date\").should('be.visible').should('have.text', 'Date');",
              "err": {},
              "uuid": "c9fb802d-1128-48bc-8823-a0ea7f45fcfd",
              "parentUUID": "0caf5719-988e-4afe-acf3-0ae0ce2a332b",
              "isHook": false,
              "skipped": false
            },
            {
              "title": "3.7_Is Message Sender Available",
              "fullTitle": "003_LandingPage MessageDetails are available 3.7_Is Message Sender Available",
              "timedOut": null,
              "duration": 87,
              "state": "passed",
              "speed": "slow",
              "pass": true,
              "fail": false,
              "pending": false,
              "context": null,
              "code": "cy.get(\".standard>thead>tr>th#user\").should('be.visible').should('have.text', 'Sender');",
              "err": {},
              "uuid": "f66e8ab3-08a8-4c11-be49-7467d858a860",
              "parentUUID": "0caf5719-988e-4afe-acf3-0ae0ce2a332b",
              "isHook": false,
              "skipped": false
            },
            {
              "title": "3.8_Is Message Pagination Available",
              "fullTitle": "003_LandingPage MessageDetails are available 3.8_Is Message Pagination Available",
              "timedOut": null,
              "duration": 99,
              "state": "passed",
              "speed": "slow",
              "pass": true,
              "fail": false,
              "pending": false,
              "context": null,
              "code": "cy.get(\".pagination\").should('be.visible').should('contain', 'of');",
              "err": {},
              "uuid": "e8505018-bfec-4844-a687-ba58cb73e20a",
              "parentUUID": "0caf5719-988e-4afe-acf3-0ae0ce2a332b",
              "isHook": false,
              "skipped": false
            }
          ],
          "suites": [],
          "passes": [
            "de81cbc1-b976-4ecc-be28-d19c967263eb",
            "30209b67-cdfc-46e5-bcda-9c047688ca6a",
            "1a2242ae-c351-4f6b-9568-ed241e50d70b",
            "77330fc1-cff9-41d4-be96-02a992ea8077",
            "2df47fbc-bbfb-4cdd-a004-10f48a217a59",
            "c9fb802d-1128-48bc-8823-a0ea7f45fcfd",
            "f66e8ab3-08a8-4c11-be49-7467d858a860",
            "e8505018-bfec-4844-a687-ba58cb73e20a"
          ],
          "failures": [],
          "pending": [],
          "skipped": [],
          "duration": 11526,
          "root": false,
          "rootEmpty": false,
          "_timeout": 2000
        }
      ],
      "passes": [],
      "failures": [],
      "pending": [],
      "skipped": [],
      "duration": 0,
      "root": true,
      "rootEmpty": true,
      "_timeout": 2000
    }
  ],
  "meta": {
    "mocha": {
      "version": "7.0.1"
    },
    "mochawesome": {
      "options": {
        "quiet": false,
        "reportFilename": "mochawesome",
        "saveHtml": false,
        "saveJson": true,
        "consoleReporter": "spec",
        "useInlineDiffs": false,
        "code": true
      },
      "version": "6.2.2"
    },
    "marge": {
      "options": {
        "overwrite": false,
        "html": false,
        "json": true,
        "charts": true
      },
      "version": "5.2.0"
    }
  }
}