{
  "stats": {
    "suites": 1,
    "tests": 8,
    "passes": 8,
    "pending": 0,
    "failures": 0,
    "start": "2021-07-01T15:17:33.381Z",
    "end": "2021-07-01T15:17:45.434Z",
    "duration": 12053,
    "testsRegistered": 8,
    "passPercent": 100,
    "pendingPercent": 0,
    "other": 0,
    "hasOther": false,
    "skipped": 0,
    "hasSkipped": false
  },
  "results": [
    {
      "uuid": "6bcaa7f1-376d-44e2-887d-b1ac527bcb2a",
      "title": "",
      "fullFile": "cypress/integration/003_landingpage_spec.js",
      "file": "cypress/integration/003_landingpage_spec.js",
      "beforeHooks": [],
      "afterHooks": [],
      "tests": [],
      "suites": [
        {
          "uuid": "56bfc081-022a-4b16-aaa5-6c6583657ae2",
          "title": "003_LandingPage MessageDetails are available",
          "fullFile": "",
          "file": "",
          "beforeHooks": [],
          "afterHooks": [],
          "tests": [
            {
              "title": "3.1_Is ID Available",
              "fullTitle": "003_LandingPage MessageDetails are available 3.1_Is ID Available",
              "timedOut": null,
              "duration": 11564,
              "state": "passed",
              "speed": "slow",
              "pass": true,
              "fail": false,
              "pending": false,
              "context": null,
              "code": "cy.get(\".standard>thead>tr>th#hos_num\").should('be.visible').should('have.text', 'ID');",
              "err": {},
              "uuid": "7649b8e9-9c24-4a3d-9365-9e2d759a5b0f",
              "parentUUID": "56bfc081-022a-4b16-aaa5-6c6583657ae2",
              "isHook": false,
              "skipped": false
            },
            {
              "title": "3.2_Is Gender Available",
              "fullTitle": "003_LandingPage MessageDetails are available 3.2_Is Gender Available",
              "timedOut": null,
              "duration": 46,
              "state": "passed",
              "speed": "medium",
              "pass": true,
              "fail": false,
              "pending": false,
              "context": null,
              "code": "cy.get(\".standard>thead>tr>th#gender\").should('be.visible').should('have.text', 'Gender');",
              "err": {},
              "uuid": "cf62b041-9557-40ae-8521-bc371e9c014e",
              "parentUUID": "56bfc081-022a-4b16-aaa5-6c6583657ae2",
              "isHook": false,
              "skipped": false
            },
            {
              "title": "3.3_Is Age Available",
              "fullTitle": "003_LandingPage MessageDetails are available 3.3_Is Age Available",
              "timedOut": null,
              "duration": 47,
              "state": "passed",
              "speed": "medium",
              "pass": true,
              "fail": false,
              "pending": false,
              "context": null,
              "code": "cy.get(\".standard>thead>tr>th#age\").should('be.visible').should('have.text', 'Age');",
              "err": {},
              "uuid": "475f68f8-c815-4af5-9667-8fdf0748b826",
              "parentUUID": "56bfc081-022a-4b16-aaa5-6c6583657ae2",
              "isHook": false,
              "skipped": false
            },
            {
              "title": "3.4_Is Patient Name Available",
              "fullTitle": "003_LandingPage MessageDetails are available 3.4_Is Patient Name Available",
              "timedOut": null,
              "duration": 69,
              "state": "passed",
              "speed": "medium",
              "pass": true,
              "fail": false,
              "pending": false,
              "context": null,
              "code": "cy.get(\".standard>thead>tr>th#patient_name\").should('be.visible').should('have.text', 'Patient');",
              "err": {},
              "uuid": "2a9f150c-cc99-436b-8f27-3d41acaa31a7",
              "parentUUID": "56bfc081-022a-4b16-aaa5-6c6583657ae2",
              "isHook": false,
              "skipped": false
            },
            {
              "title": "3.5_Is Message Type Available",
              "fullTitle": "003_LandingPage MessageDetails are available 3.5_Is Message Type Available",
              "timedOut": null,
              "duration": 43,
              "state": "passed",
              "speed": "medium",
              "pass": true,
              "fail": false,
              "pending": false,
              "context": null,
              "code": "cy.get(\".standard>thead>tr>th#message_type\").should('be.visible').should('have.text', 'Type');",
              "err": {},
              "uuid": "8d9d259b-5da6-48eb-94b8-6f97b15f9153",
              "parentUUID": "56bfc081-022a-4b16-aaa5-6c6583657ae2",
              "isHook": false,
              "skipped": false
            },
            {
              "title": "3.6_Is Message Date Available",
              "fullTitle": "003_LandingPage MessageDetails are available 3.6_Is Message Date Available",
              "timedOut": null,
              "duration": 51,
              "state": "passed",
              "speed": "medium",
              "pass": true,
              "fail": false,
              "pending": false,
              "context": null,
              "code": "cy.get(\".standard>thead>tr>th#event_date\").should('be.visible').should('have.text', 'Date');",
              "err": {},
              "uuid": "daaa3a0c-a44e-419b-8280-b8af1ef80e09",
              "parentUUID": "56bfc081-022a-4b16-aaa5-6c6583657ae2",
              "isHook": false,
              "skipped": false
            },
            {
              "title": "3.7_Is Message Sender Available",
              "fullTitle": "003_LandingPage MessageDetails are available 3.7_Is Message Sender Available",
              "timedOut": null,
              "duration": 44,
              "state": "passed",
              "speed": "medium",
              "pass": true,
              "fail": false,
              "pending": false,
              "context": null,
              "code": "cy.get(\".standard>thead>tr>th#user\").should('be.visible').should('have.text', 'Sender');",
              "err": {},
              "uuid": "3dae2a74-3a80-4f36-ad27-ec0a698fa1e6",
              "parentUUID": "56bfc081-022a-4b16-aaa5-6c6583657ae2",
              "isHook": false,
              "skipped": false
            },
            {
              "title": "3.8_Is Message Pagination Available",
              "fullTitle": "003_LandingPage MessageDetails are available 3.8_Is Message Pagination Available",
              "timedOut": null,
              "duration": 45,
              "state": "passed",
              "speed": "medium",
              "pass": true,
              "fail": false,
              "pending": false,
              "context": null,
              "code": "cy.get(\".pagination\").should('be.visible').should('contain', 'of');",
              "err": {},
              "uuid": "64a0ad2d-a9cf-4628-b7dc-7de2d3907007",
              "parentUUID": "56bfc081-022a-4b16-aaa5-6c6583657ae2",
              "isHook": false,
              "skipped": false
            }
          ],
          "suites": [],
          "passes": [
            "7649b8e9-9c24-4a3d-9365-9e2d759a5b0f",
            "cf62b041-9557-40ae-8521-bc371e9c014e",
            "475f68f8-c815-4af5-9667-8fdf0748b826",
            "2a9f150c-cc99-436b-8f27-3d41acaa31a7",
            "8d9d259b-5da6-48eb-94b8-6f97b15f9153",
            "daaa3a0c-a44e-419b-8280-b8af1ef80e09",
            "3dae2a74-3a80-4f36-ad27-ec0a698fa1e6",
            "64a0ad2d-a9cf-4628-b7dc-7de2d3907007"
          ],
          "failures": [],
          "pending": [],
          "skipped": [],
          "duration": 11909,
          "root": false,
          "rootEmpty": false,
          "_timeout": 2000
        }
      ],
      "passes": [],
      "failures": [],
      "pending": [],
      "skipped": [],
      "duration": 0,
      "root": true,
      "rootEmpty": true,
      "_timeout": 2000
    }
  ],
  "meta": {
    "mocha": {
      "version": "7.0.1"
    },
    "mochawesome": {
      "options": {
        "quiet": false,
        "reportFilename": "mochawesome",
        "saveHtml": false,
        "saveJson": true,
        "consoleReporter": "spec",
        "useInlineDiffs": false,
        "code": true
      },
      "version": "6.2.2"
    },
    "marge": {
      "options": {
        "overwrite": false,
        "html": false,
        "json": true,
        "charts": true
      },
      "version": "5.2.0"
    }
  }
}