{
  "stats": {
    "suites": 1,
    "tests": 64,
    "passes": 62,
    "pending": 0,
    "failures": 2,
    "start": "2021-08-10T07:41:13.954Z",
    "end": "2021-08-10T07:43:59.621Z",
    "duration": 165667,
    "testsRegistered": 64,
    "passPercent": 96.875,
    "pendingPercent": 0,
    "other": 0,
    "hasOther": false,
    "skipped": 0,
    "hasSkipped": false
  },
  "results": [
    {
      "uuid": "b8fa1c94-5335-475b-b742-3823bd17f11d",
      "title": "",
      "fullFile": "cypress/integration/060_addeventexamination_spec.js",
      "file": "cypress/integration/060_addeventexamination_spec.js",
      "beforeHooks": [],
      "afterHooks": [],
      "tests": [],
      "suites": [
        {
          "uuid": "187713a1-ab25-4673-9894-51c98db2ab1b",
          "title": "060_Add Examination Event",
          "fullFile": "",
          "file": "",
          "beforeHooks": [],
          "afterHooks": [],
          "tests": [
            {
              "title": "060.1_AddEvent_Examination_isAvailable",
              "fullTitle": "060_Add Examination Event 060.1_AddEvent_Examination_isAvailable",
              "timedOut": null,
              "duration": 14770,
              "state": "passed",
              "speed": "slow",
              "pass": true,
              "fail": false,
              "pending": false,
              "context": null,
              "code": "//Check and click the Add Event button\ncy.get(\"#add-event\").should('be.visible').click();",
              "err": {},
              "uuid": "6e28b760-6874-48df-aab8-ab92491f8f98",
              "parentUUID": "187713a1-ab25-4673-9894-51c98db2ab1b",
              "isHook": false,
              "skipped": false
            },
            {
              "title": "060.2_Check_Add_Examination_And_Click",
              "fullTitle": "060_Add Examination Event 060.2_Check_Add_Examination_And_Click",
              "timedOut": null,
              "duration": 7968,
              "state": "passed",
              "speed": "slow",
              "pass": true,
              "fail": false,
              "pending": false,
              "context": null,
              "code": "//Check and click the Add Correspondence Event link\ncy.get(\"#OphCiExamination-link\").should('be.visible').click();",
              "err": {},
              "uuid": "b7a74e87-b1d0-484d-8cff-5f3fdab1b8ec",
              "parentUUID": "187713a1-ab25-4673-9894-51c98db2ab1b",
              "isHook": false,
              "skipped": false
            },
            {
              "title": "060.3_Check_Add_Examination_Page_Loaded_Successfully",
              "fullTitle": "060_Add Examination Event 060.3_Check_Add_Examination_Page_Loaded_Successfully",
              "timedOut": null,
              "duration": 101,
              "state": "passed",
              "speed": "slow",
              "pass": true,
              "fail": false,
              "pending": false,
              "context": null,
              "code": "//Check that the Examination Event page is loaded successfully, by verifying the page-header\ncy.fixture(\"addexaminationevent.json\").then(addexaminationevent => {\n  //Verify the page header against the value of Add_Examination_Event_Nurse_Page_Header, in addexaminationevent json file\n  cy.get('.event-title').should('contain', addexaminationevent.Add_Examination_Event_Nurse_Page_Header);\n});",
              "err": {},
              "uuid": "0edd1b35-e74b-4741-9313-31544b7a3699",
              "parentUUID": "187713a1-ab25-4673-9894-51c98db2ab1b",
              "isHook": false,
              "skipped": false
            },
            {
              "title": "060.4_Drops_Section_isAvailable",
              "fullTitle": "060_Add Examination Event 060.4_Drops_Section_isAvailable",
              "timedOut": null,
              "duration": 54,
              "state": "passed",
              "speed": "medium",
              "pass": true,
              "fail": false,
              "pending": false,
              "context": null,
              "code": "//Verify the Drops section\ncy.get(\".element-header>.element-title\").eq(0).should('have.text', 'Drops');",
              "err": {},
              "uuid": "c9e472b0-c5c0-47a6-982c-4411c5b4e5e0",
              "parentUUID": "187713a1-ab25-4673-9894-51c98db2ab1b",
              "isHook": false,
              "skipped": false
            },
            {
              "title": "060.5_History_Section_isAvailable",
              "fullTitle": "060_Add Examination Event 060.5_History_Section_isAvailable",
              "timedOut": null,
              "duration": 75,
              "state": "passed",
              "speed": "medium",
              "pass": true,
              "fail": false,
              "pending": false,
              "context": null,
              "code": "//Verify the History section\ncy.get(\".element-header>.element-title\").eq(1).should('have.text', 'History');",
              "err": {},
              "uuid": "071fc373-bb60-4006-a45c-1ce2382151d7",
              "parentUUID": "187713a1-ab25-4673-9894-51c98db2ab1b",
              "isHook": false,
              "skipped": false
            },
            {
              "title": "060.6_Systemic Diagnoses_Section_isAvailable",
              "fullTitle": "060_Add Examination Event 060.6_Systemic Diagnoses_Section_isAvailable",
              "timedOut": null,
              "duration": 69,
              "state": "passed",
              "speed": "medium",
              "pass": true,
              "fail": false,
              "pending": false,
              "context": null,
              "code": "//Verify the Diagnoses section\ncy.get(\".element-header>.element-title\").eq(2).should('have.text', 'Systemic Diagnoses');",
              "err": {},
              "uuid": "4d18df44-cc5c-40c5-b395-bd52d8b2f563",
              "parentUUID": "187713a1-ab25-4673-9894-51c98db2ab1b",
              "isHook": false,
              "skipped": false
            },
            {
              "title": "060.7_Allergies_Section_isAvailable",
              "fullTitle": "060_Add Examination Event 060.7_Allergies_Section_isAvailable",
              "timedOut": null,
              "duration": 58,
              "state": "passed",
              "speed": "medium",
              "pass": true,
              "fail": false,
              "pending": false,
              "context": null,
              "code": "//Verify the Allergies section\ncy.get(\".element-header>.element-title\").eq(3).should('have.text', 'Allergies');",
              "err": {},
              "uuid": "2a3edd3a-d4ce-4d57-87f6-7d1e71cc638d",
              "parentUUID": "187713a1-ab25-4673-9894-51c98db2ab1b",
              "isHook": false,
              "skipped": false
            },
            {
              "title": "060.8_Systemic Surgical History_Section_isAvailable",
              "fullTitle": "060_Add Examination Event 060.8_Systemic Surgical History_Section_isAvailable",
              "timedOut": null,
              "duration": 52,
              "state": "passed",
              "speed": "medium",
              "pass": true,
              "fail": false,
              "pending": false,
              "context": null,
              "code": "//Verify the Surgical History section\ncy.get(\".element-header>.element-title\").eq(4).should('have.text', 'Systemic Surgical History');",
              "err": {},
              "uuid": "cc15806f-8e04-4808-af5e-e27bd3a16444",
              "parentUUID": "187713a1-ab25-4673-9894-51c98db2ab1b",
              "isHook": false,
              "skipped": false
            },
            {
              "title": "060.9_Ophthalmic Surgical History_Section_isAvailable",
              "fullTitle": "060_Add Examination Event 060.9_Ophthalmic Surgical History_Section_isAvailable",
              "timedOut": null,
              "duration": 51,
              "state": "passed",
              "speed": "medium",
              "pass": true,
              "fail": false,
              "pending": false,
              "context": null,
              "code": "//Verify the Ophthalmic Surgical History section\ncy.get(\".element-header>.element-title\").eq(5).should('have.text', 'Ophthalmic Surgical History');",
              "err": {},
              "uuid": "4204c3d0-053b-4553-baaf-a5d826775916",
              "parentUUID": "187713a1-ab25-4673-9894-51c98db2ab1b",
              "isHook": false,
              "skipped": false
            },
            {
              "title": "060.10_Medication History_Section_isAvailable",
              "fullTitle": "060_Add Examination Event 060.10_Medication History_Section_isAvailable",
              "timedOut": null,
              "duration": 39,
              "state": "passed",
              "speed": "medium",
              "pass": true,
              "fail": false,
              "pending": false,
              "context": null,
              "code": "//Verify the Medication History section\ncy.get(\".element-header>.element-title\").eq(6).should('have.text', 'Medication History');",
              "err": {},
              "uuid": "7ecb43a2-13eb-4b2d-b0da-c5ea5466dcca",
              "parentUUID": "187713a1-ab25-4673-9894-51c98db2ab1b",
              "isHook": false,
              "skipped": false
            },
            {
              "title": "060.11_Risks_Section_isAvailable",
              "fullTitle": "060_Add Examination Event 060.11_Risks_Section_isAvailable",
              "timedOut": null,
              "duration": 46,
              "state": "passed",
              "speed": "medium",
              "pass": true,
              "fail": false,
              "pending": false,
              "context": null,
              "code": "//Verify the Risks section\ncy.get(\".element-header>.element-title\").eq(7).should('have.text', 'Risks');",
              "err": {},
              "uuid": "ed235f51-89b3-4185-8856-283765001d28",
              "parentUUID": "187713a1-ab25-4673-9894-51c98db2ab1b",
              "isHook": false,
              "skipped": false
            },
            {
              "title": "060.12_CVI status_Section_isAvailable",
              "fullTitle": "060_Add Examination Event 060.12_CVI status_Section_isAvailable",
              "timedOut": null,
              "duration": 49,
              "state": "passed",
              "speed": "medium",
              "pass": true,
              "fail": false,
              "pending": false,
              "context": null,
              "code": "//Verify the CVI Status section\ncy.get(\".element-header>.element-title\").eq(8).should('have.text', 'CVI status');",
              "err": {},
              "uuid": "ef202601-c215-4c02-8eb5-12fc2aae8c06",
              "parentUUID": "187713a1-ab25-4673-9894-51c98db2ab1b",
              "isHook": false,
              "skipped": false
            },
            {
              "title": "060.13_Family History_Section_isAvailable",
              "fullTitle": "060_Add Examination Event 060.13_Family History_Section_isAvailable",
              "timedOut": null,
              "duration": 48,
              "state": "passed",
              "speed": "medium",
              "pass": true,
              "fail": false,
              "pending": false,
              "context": null,
              "code": "//Verify the Family History section\ncy.get(\".element-header>.element-title\").eq(9).should('have.text', 'Family History');",
              "err": {},
              "uuid": "a1d52b49-166b-4f3c-b9e6-1ea7f9f12348",
              "parentUUID": "187713a1-ab25-4673-9894-51c98db2ab1b",
              "isHook": false,
              "skipped": false
            },
            {
              "title": "060.14_Social History_Section_isAvailable",
              "fullTitle": "060_Add Examination Event 060.14_Social History_Section_isAvailable",
              "timedOut": null,
              "duration": 46,
              "state": "passed",
              "speed": "medium",
              "pass": true,
              "fail": false,
              "pending": false,
              "context": null,
              "code": "//Verify the Social History section\ncy.get(\".element-header>.element-title\").eq(10).should('have.text', 'Social History');",
              "err": {},
              "uuid": "13a1d143-886b-4042-b525-8fdbe160978f",
              "parentUUID": "187713a1-ab25-4673-9894-51c98db2ab1b",
              "isHook": false,
              "skipped": false
            },
            {
              "title": "060.15_Communication Preferences_Section_isAvailable",
              "fullTitle": "060_Add Examination Event 060.15_Communication Preferences_Section_isAvailable",
              "timedOut": null,
              "duration": 49,
              "state": "passed",
              "speed": "medium",
              "pass": true,
              "fail": false,
              "pending": false,
              "context": null,
              "code": "//Verify the Communication Preferences section\ncy.get(\".element-header>.element-title\").eq(11).should('have.text', 'Communication Preferences');",
              "err": {},
              "uuid": "25f695dc-f715-4428-a42c-d150a5317274",
              "parentUUID": "187713a1-ab25-4673-9894-51c98db2ab1b",
              "isHook": false,
              "skipped": false
            },
            {
              "title": "060.16_Intraocular Pressure_Section_isAvailable",
              "fullTitle": "060_Add Examination Event 060.16_Intraocular Pressure_Section_isAvailable",
              "timedOut": null,
              "duration": 111,
              "state": "passed",
              "speed": "slow",
              "pass": true,
              "fail": false,
              "pending": false,
              "context": null,
              "code": "//Verify the Intraocular Pressure section\ncy.get(\".element-header>.element-title\").eq(12).should('have.text', 'Intraocular Pressure');",
              "err": {},
              "uuid": "2aebf409-6b3a-4635-abc8-a81af3ba7ebd",
              "parentUUID": "187713a1-ab25-4673-9894-51c98db2ab1b",
              "isHook": false,
              "skipped": false
            },
            {
              "title": "060.17_Visual Acuity_Section_isAvailable",
              "fullTitle": "060_Add Examination Event 060.17_Visual Acuity_Section_isAvailable",
              "timedOut": null,
              "duration": 46,
              "state": "passed",
              "speed": "medium",
              "pass": true,
              "fail": false,
              "pending": false,
              "context": null,
              "code": "//Verify the Visual Acuity section\ncy.get(\".element-header>.element-title\").eq(13).should('have.text', 'Visual Acuity');",
              "err": {},
              "uuid": "5f2cda15-c9d2-4c76-966d-75d78d4a61c2",
              "parentUUID": "187713a1-ab25-4673-9894-51c98db2ab1b",
              "isHook": false,
              "skipped": false
            },
            {
              "title": "060.18_Pupils_Section_isAvailable",
              "fullTitle": "060_Add Examination Event 060.18_Pupils_Section_isAvailable",
              "timedOut": null,
              "duration": 49,
              "state": "passed",
              "speed": "medium",
              "pass": true,
              "fail": false,
              "pending": false,
              "context": null,
              "code": "//Verify the Pupils section\ncy.get(\".element-header>.element-title\").eq(14).should('have.text', 'Pupils');",
              "err": {},
              "uuid": "0cd54952-df59-4e5b-b98d-bd3988ba5431",
              "parentUUID": "187713a1-ab25-4673-9894-51c98db2ab1b",
              "isHook": false,
              "skipped": false
            },
            {
              "title": "060.19_Add Drops to the Right Eye",
              "fullTitle": "060_Add Examination Event 060.19_Add Drops to the Right Eye",
              "timedOut": null,
              "duration": 1315,
              "state": "passed",
              "speed": "slow",
              "pass": true,
              "fail": false,
              "pending": false,
              "context": null,
              "code": "//Click the button to invoke the popup to have values for selection\ncy.get(\"button.button.hint.green.js-add-select-search:nth-child(2)\").eq(0).should('be.visible').click(); //Select the drug-name for drop (right eye) value, as mentioned in the addexaminationevent file\ncy.fixture(\"addexaminationevent.json\").then(addexaminationevent => {\n  cy.get(\".add-options\").eq(0).contains(addexaminationevent.Drops_Right_Eye_Drug_Name).parent().click();\n}); //Click the button to close the popup, post the selections made on the popup window        \ncy.get(\"#add-to-dilation-right > button\").should('be.visible').click(); //Verify the drug-name for drop (right eye) value, as mentioned in the addexaminationevent file\ncy.fixture(\"addexaminationevent.json\").then(addexaminationevent => {\n  cy.get(\".drugName\").eq(0).should('have.text', addexaminationevent.Drops_Right_Eye_Drug_Name);\n});",
              "err": {},
              "uuid": "26a44b76-0e9f-4a0b-a60f-648320a07bcd",
              "parentUUID": "187713a1-ab25-4673-9894-51c98db2ab1b",
              "isHook": false,
              "skipped": false
            },
            {
              "title": "060.20_Add Drops to the Left Eye",
              "fullTitle": "060_Add Examination Event 060.20_Add Drops to the Left Eye",
              "timedOut": null,
              "duration": 1526,
              "state": "passed",
              "speed": "slow",
              "pass": true,
              "fail": false,
              "pending": false,
              "context": null,
              "code": "//Click the button to invoke the popup to have values for selection\ncy.get(\"button.button.hint.green.js-add-select-search:nth-child(2)\").eq(1).should('be.visible').click(); //Select the drug-name for drop (left eye) value, as mentioned in the addexaminationevent file\ncy.fixture(\"addexaminationevent.json\").then(addexaminationevent => {\n  cy.get(\".add-options\").eq(1).contains(addexaminationevent.Drops_Left_Eye_Drug_Name).parent().click();\n}); //Click the button to close the popup, post the selections made on the popup window        \ncy.get(\"#add-to-dilation-left > button\").should('be.visible').click(); //Verify the drug-name for drop (left eye) value, as mentioned in the addexaminationevent file\ncy.fixture(\"addexaminationevent.json\").then(addexaminationevent => {\n  cy.get(\".drugName\").eq(1).should('have.text', addexaminationevent.Drops_Left_Eye_Drug_Name);\n});",
              "err": {},
              "uuid": "a37d37be-8403-4c93-b4c6-c2ee9e2b416b",
              "parentUUID": "187713a1-ab25-4673-9894-51c98db2ab1b",
              "isHook": false,
              "skipped": false
            },
            {
              "title": "060.21_Add Time of Drops for Right Eye",
              "fullTitle": "060_Add Examination Event 060.21_Add Time of Drops for Right Eye",
              "timedOut": null,
              "duration": 1156,
              "state": "passed",
              "speed": "slow",
              "pass": true,
              "fail": false,
              "pending": false,
              "context": null,
              "code": "cy.fixture(\"addexaminationevent.json\").then(addexaminationevent => {\n  //Add time of drops to the right eye, as mentioned in the addexaminationevent file\n  cy.get(\"#OEModule_OphCiExamination_models_Element_OphCiExamination_Dilation_right_treatments_0_treatment_time\").should('be.visible').clear().type(addexaminationevent.Drops_Right_Eye_Time);\n});",
              "err": {},
              "uuid": "d42970b9-bf6d-4ebf-9b2e-696045acbc3d",
              "parentUUID": "187713a1-ab25-4673-9894-51c98db2ab1b",
              "isHook": false,
              "skipped": false
            },
            {
              "title": "060.22_Add Time of Drops for Left Eye",
              "fullTitle": "060_Add Examination Event 060.22_Add Time of Drops for Left Eye",
              "timedOut": null,
              "duration": 788,
              "state": "passed",
              "speed": "slow",
              "pass": true,
              "fail": false,
              "pending": false,
              "context": null,
              "code": "cy.fixture(\"addexaminationevent.json\").then(addexaminationevent => {\n  //Add time of drops to the left eye, as mentioned in the addexaminationevent file\n  cy.get(\"#OEModule_OphCiExamination_models_Element_OphCiExamination_Dilation_left_treatments_1_treatment_time\").should('be.visible').clear().type(addexaminationevent.Drops_Left_Eye_Time);\n});",
              "err": {},
              "uuid": "acc5167d-326b-440f-b8bd-c4cfd51dd7b0",
              "parentUUID": "187713a1-ab25-4673-9894-51c98db2ab1b",
              "isHook": false,
              "skipped": false
            },
            {
              "title": "060.23_Add Comments for Right Eye",
              "fullTitle": "060_Add Examination Event 060.23_Add Comments for Right Eye",
              "timedOut": null,
              "duration": 1241,
              "state": "passed",
              "speed": "slow",
              "pass": true,
              "fail": false,
              "pending": false,
              "context": null,
              "code": "//Click the icon (right eye) to open-up right-eye comments section\ncy.get(\"#dilation-right-comment-button\").should('be.visible').click();\ncy.fixture(\"addexaminationevent.json\").then(addexaminationevent => {\n  //Add comments to the right eye, as mentioned in the addexaminationevent file\n  cy.get(\"#OEModule_OphCiExamination_models_Element_OphCiExamination_Dilation_right_comments\").should('be.visible').clear().type(addexaminationevent.Drops_Right_Eye_Comments);\n});",
              "err": {},
              "uuid": "e1013a90-62b8-4e08-b204-f3fea3811585",
              "parentUUID": "187713a1-ab25-4673-9894-51c98db2ab1b",
              "isHook": false,
              "skipped": false
            },
            {
              "title": "060.24_Add Comments for Left Eye",
              "fullTitle": "060_Add Examination Event 060.24_Add Comments for Left Eye",
              "timedOut": null,
              "duration": 1247,
              "state": "passed",
              "speed": "slow",
              "pass": true,
              "fail": false,
              "pending": false,
              "context": null,
              "code": "//Scroll to the left eye icon (which opens-up comments section for left eye)\ncy.get(\"#dilation-left-comment-button\").scrollIntoView().should('be.visible'); //Click the icon (right eye) to open-up right-eye comments section\ncy.get(\"#dilation-left-comment-button\").should('be.visible').click();\ncy.fixture(\"addexaminationevent.json\").then(addexaminationevent => {\n  //Add comments to the left eye, as mentioned in the addexaminationevent file\n  cy.get(\"#OEModule_OphCiExamination_models_Element_OphCiExamination_Dilation_left_comments\").should('be.visible').clear().type(addexaminationevent.Drops_Left_Eye_Comments);\n});",
              "err": {},
              "uuid": "693ba5f9-4895-45b9-b9c8-2dde17d99d52",
              "parentUUID": "187713a1-ab25-4673-9894-51c98db2ab1b",
              "isHook": false,
              "skipped": false
            },
            {
              "title": "060.25_Add_And_Verify_History",
              "fullTitle": "060_Add Examination Event 060.25_Add_And_Verify_History",
              "timedOut": null,
              "duration": 2739,
              "state": "passed",
              "speed": "slow",
              "pass": true,
              "fail": false,
              "pending": false,
              "context": null,
              "code": "//Click the button to invoke the popup to have values for selection\ncy.get(\"#show-add-to-history\").should('be.visible').click(); //Add History information, as mentioned in the addexaminationevent file\ncy.fixture(\"addexaminationevent.json\").then(addexaminationevent => {\n  cy.get(\".add-options\").eq(2).contains(addexaminationevent.History).parent().click();\n  cy.get(\".add-options\").eq(3).contains(addexaminationevent.Eye).parent().click();\n  cy.get(\".add-options\").eq(4).contains(addexaminationevent.Duration).parent().click();\n  cy.get(\".add-options\").eq(5).contains(addexaminationevent.Onset).parent().click();\n  cy.get(\".add-options\").eq(6).contains(addexaminationevent.Severity).parent().click();\n}); //Click the button to close the popup, post the selections made on the popup window\ncy.get(\".add-icon-btn\").eq(3).should('be.visible').click(); //On the read-only field, verify the selections made, as mentioned in the addexaminationevent file\ncy.fixture(\"addexaminationevent.json\").then(addexaminationevent => {\n  cy.get(\"#OEModule_OphCiExamination_models_Element_OphCiExamination_History_description\").should('be.visible').should('have.value', addexaminationevent.History + \" \" + addexaminationevent.Eye + \" \" + addexaminationevent.Duration + \" \" + addexaminationevent.Onset + \" \" + addexaminationevent.Severity + \" \");\n});",
              "err": {},
              "uuid": "174a0f26-6577-4d13-a25e-6e259c1001b8",
              "parentUUID": "187713a1-ab25-4673-9894-51c98db2ab1b",
              "isHook": false,
              "skipped": false
            },
            {
              "title": "060.26_And_Verify_Systemic_Diagnoses",
              "fullTitle": "060_Add Examination Event 060.26_And_Verify_Systemic_Diagnoses",
              "timedOut": null,
              "duration": 3767,
              "state": "passed",
              "speed": "slow",
              "pass": true,
              "fail": false,
              "pending": false,
              "context": null,
              "code": "cy.get(\"input#OEModule_OphCiExamination_models_SystemicDiagnoses_no_systemic_diagnoses\").then($checkbox => {\n  const isChecked = Boolean($checkbox.prop('checked')); //If the checkbox is already checked, then uncheck it, to add Systemic Diagnoses data\n  if (isChecked) {\n    cy.get(\"#OEModule_OphCiExamination_models_SystemicDiagnoses_no_systemic_diagnoses\").should('be.visible').click(); //Click the button to invoke the popup to have values for selection\n    cy.get(\"#add-history-systemic-diagnoses\").should('be.visible').click(); //Search for Systemic Surgery value, as mentioned in the addexaminationevent file\n    cy.fixture(\"addexaminationevent.json\").then(addexaminationevent => {\n      cy.get(\".search\").eq(4).should('be.visible').type(addexaminationevent.Systemic_Diagnoses_Search_Term);\n    }); //Add for Systemic Surgery value, as mentioned in the addexaminationevent file\n    cy.fixture(\"addexaminationevent.json\").then(addexaminationevent => {\n      cy.get(\".add-options\").eq(9).contains(addexaminationevent.Systemic_Diagnoses_Disorder).parent().click();\n    }); //Click the button to close the popup, post the selections made on the popup window\n    cy.get(\".add-icon-btn\").eq(4).should('be.visible').click();\n  } //else, try adding a Systemic Diagnoses record\n  else {\n      cy.get('body').then($body => {\n        //Add Systemic Diagnoses record, only if there is no existig record\n        if ($body.find('#OEModule_OphCiExamination_models_SystemicDiagnoses_diagnoses_table > tbody > tr > :nth-child(1)').length == 0) {\n          //Click the button to invoke the popup to have values for selection\n          cy.get(\"#add-history-systemic-diagnoses\").should('be.visible').click(); //Search for Systemic Surgery value, as mentioned in the addexaminationevent file\n          cy.fixture(\"addexaminationevent.json\").then(addexaminationevent => {\n            cy.get(\".search\").eq(4).should('be.visible').type(addexaminationevent.Systemic_Diagnoses_Search_Term);\n          }); //Add for Systemic Surgery value, as mentioned in the addexaminationevent file\n          cy.fixture(\"addexaminationevent.json\").then(addexaminationevent => {\n            cy.get(\".add-options\").eq(9).contains(addexaminationevent.Systemic_Diagnoses_Disorder).parent().click();\n          }); //Click the button to close the popup, post the selections made on the popup window\n          cy.get(\".add-icon-btn\").eq(4).should('be.visible').click();\n        }\n      });\n    }\n});",
              "err": {},
              "uuid": "72ed3c96-e643-4f47-893a-7cc8fcea9276",
              "parentUUID": "187713a1-ab25-4673-9894-51c98db2ab1b",
              "isHook": false,
              "skipped": false
            },
            {
              "title": "060.27_Add_And_Verify_Allergies",
              "fullTitle": "060_Add Examination Event 060.27_Add_And_Verify_Allergies",
              "timedOut": null,
              "duration": 1803,
              "state": "passed",
              "speed": "slow",
              "pass": true,
              "fail": false,
              "pending": false,
              "context": null,
              "code": "cy.get('body').then($body => {\n  //If there is no record for Allergies, then only create one\n  if ($body.find('.js-not-other-allergy').length == 0) {\n    //Click the button to invoke the popup to have values for selection\n    cy.get(\"#add-allergy-btn\").should('be.visible').click(); //Select the Allergies value, as mentioned in the addexaminationevent file\n    cy.fixture(\"addexaminationevent.json\").then(addexaminationevent => {\n      cy.get(\".add-options\").eq(10).contains(addexaminationevent.Allergies).parent().click();\n    }); //Click the button to close the popup, post the selections made on the popup window\n    cy.get(\".add-icon-btn\").eq(5).should('be.visible').click();\n    cy.fixture(\"addexaminationevent.json\").then(addexaminationevent => {\n      //Verify allergies, as mentioned in the addexaminationevent file\n      cy.get(\".js-not-other-allergy\").should('be.visible').should('contain', addexaminationevent.Allergies);\n    });\n  }\n  cy.fixture(\"addexaminationevent.json\").then(addexaminationevent => {\n    //Add reaction, as mentioned in the addexaminationevent file\n    cy.get(\"#0_reaction_selection\").should('be.visible').select(addexaminationevent.Allergies_Reaction);\n  });\n});",
              "err": {},
              "uuid": "7cc4576b-e6a8-4615-be81-9eeb269484c1",
              "parentUUID": "187713a1-ab25-4673-9894-51c98db2ab1b",
              "isHook": false,
              "skipped": false
            },
            {
              "title": "060.28_Ensure_No_Previous_Systemic_Surgery_Opted",
              "fullTitle": "060_Add Examination Event 060.28_Ensure_No_Previous_Systemic_Surgery_Opted",
              "timedOut": null,
              "duration": 769,
              "state": "passed",
              "speed": "slow",
              "pass": true,
              "fail": false,
              "pending": false,
              "context": null,
              "code": "//Check if there is already a record\ncy.get('body').then($body => {\n  //If there is already a record, then delete it\n  if ($body.find('.oe-i.trash.remove_item').length == 1) {\n    cy.get(\".oe-i.trash.remove_item\").should('be.visible').click();\n    cy.wait(3000);\n    cy.get(\"#OEModule_OphCiExamination_models_SystemicSurgery_no_systemicsurgery\").scrollIntoView().should('be.visible'); //Check the checkbox and verify the same\n    cy.get(\"#OEModule_OphCiExamination_models_SystemicSurgery_no_systemicsurgery\").should('be.visible').check();\n  } //Else, if there is no record\n  else {\n      //Get the current state of the checkbox\n      cy.get(\"input#OEModule_OphCiExamination_models_SystemicSurgery_no_systemicsurgery\").then($checkbox => {\n        const isChecked = Boolean($checkbox.prop('checked')); //If the checkbox is already checked, then do nothing\n        if (isChecked) {} //If the checkbox is not-checked, then check the checkbox\n        else {\n            //Check the checkbox and verify the same\n            cy.get(\"#OEModule_OphCiExamination_models_SystemicSurgery_no_systemicsurgery\").should('be.visible').check();\n          }\n      });\n    }\n}); //Verify that the checkbox is checked\ncy.get(\"#OEModule_OphCiExamination_models_SystemicSurgery_no_systemicsurgery\").should('be.visible').should('be.checked');",
              "err": {},
              "uuid": "09c7f11b-228c-43e9-9050-140facbf83c0",
              "parentUUID": "187713a1-ab25-4673-9894-51c98db2ab1b",
              "isHook": false,
              "skipped": false
            },
            {
              "title": "060.29_CheckMedication History",
              "fullTitle": "060_Add Examination Event 060.29_CheckMedication History",
              "timedOut": null,
              "duration": 301,
              "state": "passed",
              "speed": "slow",
              "pass": true,
              "fail": false,
              "pending": false,
              "context": null,
              "code": "//Verify the Medication History is pre-populated, as mentioned in the addexaminationevent file\ncy.fixture(\"addexaminationevent.json\").then(addexaminationevent => {\n  cy.get(\".js-prepended_markup\").eq(0).should('be.visible').contains(addexaminationevent.Medication_History_Drug_1);\n  cy.get(\".flex-meds-inputs\").eq(0).should('be.visible').contains(addexaminationevent.Medication_History_Dose_frequency_route_start_stop_1);\n  cy.get(\".js-prepended_markup\").eq(1).should('be.visible').contains(addexaminationevent.Medication_History_Drug_2);\n  cy.get(\".flex-meds-inputs\").eq(2).should('be.visible').contains(addexaminationevent.Medication_History_Dose_frequency_route_start_stop_2);\n});",
              "err": {},
              "uuid": "70d014dc-82cd-482a-a294-01bde31beeb7",
              "parentUUID": "187713a1-ab25-4673-9894-51c98db2ab1b",
              "isHook": false,
              "skipped": false
            },
            {
              "title": "060.30_CheckRisks",
              "fullTitle": "060_Add Examination Event 060.30_CheckRisks",
              "timedOut": null,
              "duration": 830,
              "state": "passed",
              "speed": "slow",
              "pass": true,
              "fail": false,
              "pending": false,
              "context": null,
              "code": "//Scroll to the Risks section\ncy.get(\".risk-display\").eq(0).scrollIntoView().should('be.visible'); //Add and verify Risks information, as mentioned in the addexaminationevent file\ncy.fixture(\"addexaminationevent.json\").then(addexaminationevent => {\n  cy.get(\".risk-display\").eq(0).should('be.visible').contains(addexaminationevent.Risk1);\n});\ncy.get(\".OEModule_OphCiExamination_models_HistoryRisks_entry_table > tbody > [data-key='0'] > :nth-child(2) > :nth-child(2) > input\").should('be.visible').check();\ncy.get(\".OEModule_OphCiExamination_models_HistoryRisks_entry_table > tbody > [data-key='0'] > :nth-child(2) > :nth-child(2) > input\").should('be.visible').should('be.checked');\ncy.fixture(\"addexaminationevent.json\").then(addexaminationevent => {\n  cy.get(\".risk-display\").eq(1).should('be.visible').contains(addexaminationevent.Risk2);\n});\ncy.get(\".OEModule_OphCiExamination_models_HistoryRisks_entry_table > tbody > [data-key='1'] > :nth-child(2) > :nth-child(2) > input\").check();\ncy.get(\".OEModule_OphCiExamination_models_HistoryRisks_entry_table > tbody > [data-key='1'] > :nth-child(2) > :nth-child(2) > input\").should('be.visible').should('be.checked');",
              "err": {},
              "uuid": "8a9ecf2c-9e46-4e1b-949f-40aadfd64169",
              "parentUUID": "187713a1-ab25-4673-9894-51c98db2ab1b",
              "isHook": false,
              "skipped": false
            },
            {
              "title": "060.31_Add And Verify CVI Status",
              "fullTitle": "060_Add Examination Event 060.31_Add And Verify CVI Status",
              "timedOut": null,
              "duration": 2122,
              "state": "passed",
              "speed": "slow",
              "pass": true,
              "fail": false,
              "pending": false,
              "context": null,
              "code": "//Check if there is already a record\ncy.get('body').then($body => {\n  //If there is not record, then only add one; otherwise, skip this step\n  if ($body.find('#OEModule_OphCiExamination_models_Element_OphCiExamination_CVI_Status_text').text().trim() == \"Unknown\") {\n    //Add CVI status date, as mentioned in the addexaminationevent json file\n    cy.fixture(\"addexaminationevent.json\").then(addexaminationevent => {\n      cy.get(\"#OEModule_OphCiExamination_models_Element_OphCiExamination_CVI_Status_element_date_0\").should('be.visible').clear().type(addexaminationevent.CVI_status_date);\n    }); //Click the button to invoke the popup to have values for selection\n    cy.get(\"#show-add-cvi-popup\").should('be.visible').click(); //Select the CVI Status, as mentioned in the addexaminationevent json file\n    cy.fixture(\"addexaminationevent.json\").then(addexaminationevent => {\n      cy.get(\".add-options\").eq(18).contains(addexaminationevent.CVI_status).parent().click();\n    }); //Click the button to close the popup, post the selections made on the popup window\n    cy.get(\".add-icon-btn\").eq(10).should('be.visible').click(); //Verify the CVI status, as mentioned in the addexaminationevent file\n    cy.fixture(\"addexaminationevent.json\").then(addexaminationevent => {\n      cy.get(\"#OEModule_OphCiExamination_models_Element_OphCiExamination_CVI_Status_text\").should('be.visible').should('have.text', addexaminationevent.CVI_status);\n    });\n  }\n});",
              "err": {},
              "uuid": "e2731d6e-eca7-430f-956a-28492804fc61",
              "parentUUID": "187713a1-ab25-4673-9894-51c98db2ab1b",
              "isHook": false,
              "skipped": false
            },
            {
              "title": "060.32_Add And Verify Family History",
              "fullTitle": "060_Add Examination Event 060.32_Add And Verify Family History",
              "timedOut": null,
              "duration": 3037,
              "state": "passed",
              "speed": "slow",
              "pass": true,
              "fail": false,
              "pending": false,
              "context": null,
              "code": "//Check if there is already a record\ncy.get('body').then($body => {\n  //If there is not record, then only add one; otherwise, skip this step\n  if ($body.find('#OEModule_OphCiExamination_models_FamilyHistory_entry_table > tbody > .row-0 > :nth-child(1)').length == 0) {\n    //Click the button to invoke the popup to have values for selection\n    cy.get(\"#add-family-history-button\").should('be.visible').click(); //Add Family History information, as mentioned in the addexaminationevent file\n    cy.fixture(\"addexaminationevent.json\").then(addexaminationevent => {\n      cy.get(\".add-options\").eq(19).contains(addexaminationevent.Family_History_Relative).parent().click();\n      cy.get(\".add-options\").eq(20).contains(addexaminationevent.Family_History_Side).parent().click();\n      cy.get(\".add-options\").eq(21).contains(addexaminationevent.Family_History_Condition).parent().click();\n    }); //Click the button to close the popup, post the selections made on the popup window\n    cy.get(\".add-icon-btn\").eq(11).should('be.visible').click(); //Verify Family History information, as mentioned in the addexaminationevent file\n    cy.fixture(\"addexaminationevent.json\").then(addexaminationevent => {\n      cy.get(\".row-0\").children(\"td\").should('be.visible').contains(addexaminationevent.Family_History_Relative);\n      cy.get(\".row-0\").children(\"td\").next().should('be.visible').contains(addexaminationevent.Family_History_Side);\n      cy.get(\".row-0\").children(\"td\").next().next().should('be.visible').contains(addexaminationevent.Family_History_Condition);\n    });\n  }\n});",
              "err": {},
              "uuid": "e944bcd4-8b05-487a-8a9e-771883f36fc6",
              "parentUUID": "187713a1-ab25-4673-9894-51c98db2ab1b",
              "isHook": false,
              "skipped": false
            },
            {
              "title": "060.33_Choose And Verify Communication Preferences",
              "fullTitle": "060_Add Examination Event 060.33_Choose And Verify Communication Preferences",
              "timedOut": null,
              "duration": 639,
              "state": "passed",
              "speed": "slow",
              "pass": true,
              "fail": false,
              "pending": false,
              "context": null,
              "code": "cy.fixture(\"addexaminationevent.json\").then(addexaminationevent => {\n  //Get the value of Large_print_for_correspondence, as mentioned in the addexaminationevent json file\n  const cntLarge_print_for_correspondence = addexaminationevent.Large_print_for_correspondence; //If Large_print_for_correspondence is mentiond as Yes, in the addexaminationevent json file,\n  //then click the \"Large print for correspondence\" checkbox, and verify the same\n  if (cntLarge_print_for_correspondence == \"Yes\") {\n    cy.get(\"#OEModule_OphCiExamination_models_Element_OphCiExamination_CommunicationPreferences_correspondence_in_large_letters\").should('be.visible').check();\n    cy.get(\"#OEModule_OphCiExamination_models_Element_OphCiExamination_CommunicationPreferences_correspondence_in_large_letters\").should('be.visible').should('be.checked');\n  }\n});",
              "err": {},
              "uuid": "b0023a33-3397-4456-b081-68aa8b5fc465",
              "parentUUID": "187713a1-ab25-4673-9894-51c98db2ab1b",
              "isHook": false,
              "skipped": false
            },
            {
              "title": "060.34_Add And Verify Intraocular Pressure",
              "fullTitle": "060_Add Examination Event 060.34_Add And Verify Intraocular Pressure",
              "timedOut": null,
              "duration": 3338,
              "state": "passed",
              "speed": "slow",
              "pass": true,
              "fail": false,
              "pending": false,
              "context": null,
              "code": "//Click the button to invoke the popup to have values for selection\ncy.get(\"#iop-right-comment-button\").next().should('be.visible').click(); //Add Intraocular Pressure information (Right eye), as mentioned in the addexaminationevent file\ncy.fixture(\"addexaminationevent.json\").then(addexaminationevent => {\n  //This is commented on purpose, no impact\n  //cy.get(\".add-options\").eq(29).contains(addexaminationevent.Intraocular_Pressure_Instrument_Right_Eye).parent().click()\n  cy.get(\".add-options\").eq(30).contains(addexaminationevent.Intraocular_Pressure_mm_Right_Eye).click();\n  cy.get(\".add-options\").eq(31).contains(addexaminationevent.Intraocular_Pressure_hg_Right_Eye).click();\n}); //Click the button to close the popup, post the selections made on the popup window\ncy.get(\".add-icon-btn\").eq(13).should('be.visible').click(); //Click the button to invoke the popup to have values for selection\ncy.get(\"#iop-left-comment-button\").next().should('be.visible').click(); //Add Intraocular Pressure information (Right eye), as mentioned in the addexaminationevent file\ncy.fixture(\"addexaminationevent.json\").then(addexaminationevent => {\n  //This is commented on purpose, no impact\n  //cy.get(\".add-options\").eq(33).contains(Intraocular_Pressure_Instrument_Left_Eye).parent().click()\n  cy.get(\".add-options\").eq(34).contains(addexaminationevent.Intraocular_Pressure_mm_Left_Eye).click();\n  cy.get(\".add-options\").eq(35).contains(addexaminationevent.Intraocular_Pressure_hg_Left_Eye).click();\n}); //Click the button to close the popup, post the selections made on the popup window\ncy.get(\".add-icon-btn\").eq(14).should('be.visible').click();",
              "err": {},
              "uuid": "7b7d8b80-cd80-4a6a-a1cf-d870046e285f",
              "parentUUID": "187713a1-ab25-4673-9894-51c98db2ab1b",
              "isHook": false,
              "skipped": false
            },
            {
              "title": "060.35_Add And Verify Visual Acuity",
              "fullTitle": "060_Add Examination Event 060.35_Add And Verify Visual Acuity",
              "timedOut": null,
              "duration": 3955,
              "state": "passed",
              "speed": "slow",
              "pass": true,
              "fail": false,
              "pending": false,
              "context": null,
              "code": "//Click the button to invoke the popup to have values for selection, for Right eye\ncy.get(\"#add-VisualAcuity-reading-btn-right\").should('be.visible').click(); //Add Visual Acuity information (Right eye), as mentioned in the addexaminationevent file\ncy.fixture(\"addexaminationevent.json\").then(addexaminationevent => {\n  cy.get(\".add-options\").eq(37).contains(addexaminationevent.Visual_Acuity_Value_Right_Eye).parent().click();\n  cy.get(\".add-options\").eq(38).contains(addexaminationevent.Visual_Acuity_Method_Right_Eye).parent().click();\n}); //Click the button to close the popup, post the selections made on the popup window\ncy.get(\".add-icon-btn\").eq(15).should('be.visible').click(); //Click the button to invoke the popup to have values for selection, for Left eye\ncy.get(\"#add-VisualAcuity-reading-btn-left\").should('be.visible').click(); //Add Visual Acuity information (Left eye), as mentioned in the addexaminationevent file\ncy.fixture(\"addexaminationevent.json\").then(addexaminationevent => {\n  cy.get(\".add-options\").eq(39).contains(addexaminationevent.Visual_Acuity_Value_Right_Eye).parent().click();\n  cy.get(\".add-options\").eq(40).contains(addexaminationevent.Visual_Acuity_Method_Right_Eye).parent().click();\n}); //Click the button to close the popup, post the selections made on the popup window\ncy.get(\".add-icon-btn\").eq(16).should('be.visible').click();",
              "err": {},
              "uuid": "4d5349d2-a0db-4878-bc71-cc10012581e1",
              "parentUUID": "187713a1-ab25-4673-9894-51c98db2ab1b",
              "isHook": false,
              "skipped": false
            },
            {
              "title": "060.36_Add and Verify Pupils",
              "fullTitle": "060_Add Examination Event 060.36_Add and Verify Pupils",
              "timedOut": null,
              "duration": 3152,
              "state": "passed",
              "speed": "slow",
              "pass": true,
              "fail": false,
              "pending": false,
              "context": null,
              "code": "//For, RAPD selection (right eye), under Pupils\ncy.fixture(\"addexaminationevent.json\").then(addexaminationevent => {\n  //Get the value of Pupils_RAPD_Right, as mentioned in the addexaminationevent json file\n  const cntPupils_RAPD_Right = addexaminationevent.Pupils_RAPD_Right; //For the right eye, select accordingly, if the value for Pupils_RAPD_Right, in addexaminationevent json file, is \"Not checked\"\n  if (cntPupils_RAPD_Right == \"Not checked\") {\n    //click the \"Not checked\" radio-button\n    cy.get(\"#OEModule_OphCiExamination_models_PupillaryAbnormalities_entries_right_0_has_abnormality > :nth-child(1)\").should('be.visible').click();\n  } //For the right eye, select accordingly, if the value for Pupils_RAPD_Right, in addexaminationevent json file, is \"Yes\"\n\n  if (cntPupils_RAPD_Right == \"Yes\") {\n    //click the \"Yes\" radio-button\n    cy.get(\"#OEModule_OphCiExamination_models_PupillaryAbnormalities_entries_right_0_has_abnormality > :nth-child(2)\").should('be.visible').click();\n  } //For the right eye, select accordingly, if the value for Pupils_RAPD_Right, in addexaminationevent json file, is \"No\"\n\n  if (cntPupils_RAPD_Right == \"No\") {\n    //click the \"No\" radio-button\n    cy.get(\"#OEModule_OphCiExamination_models_PupillaryAbnormalities_entries_right_0_has_abnormality > :nth-child(3)\").should('be.visible').click();\n  }\n}); //For, \"Poor Dilator\" selection (right eye), under Pupils\ncy.fixture(\"addexaminationevent.json\").then(addexaminationevent => {\n  //Get the value of Pupils_Poor_Dilator_Right, as mentioned in the addexaminationevent json file\n  const cntPupils_Poor_Dilator_Right = addexaminationevent.Pupils_Poor_Dilator_Right; //For the right eye, select accordingly, if the value for Pupils_Poor_Dilator_Right, in addexaminationevent json file, is \"Not checked\"\n  if (cntPupils_Poor_Dilator_Right == \"Not checked\") {\n    //click the \"Not checked\" radio-button\n    cy.get(\"#OEModule_OphCiExamination_models_PupillaryAbnormalities_entries_right_1_has_abnormality > :nth-child(1)\").should('be.visible').click();\n  } //For the right eye, select accordingly, if the value for Pupils_Poor_Dilator_Right, in addexaminationevent json file, is \"Yes\"\n\n  if (cntPupils_Poor_Dilator_Right == \"Yes\") {\n    //click the \"Yes\" radio-button\n    cy.get(\"#OEModule_OphCiExamination_models_PupillaryAbnormalities_entries_right_1_has_abnormality > :nth-child(2)\").should('be.visible').click();\n  } //For the right eye, select accordingly, if the value for Pupils_Poor_Dilator_Right, in addexaminationevent json file, is \"No\"\n\n  if (cntPupils_Poor_Dilator_Right == \"No\") {\n    //click the \"No\" radio-button\n    cy.get(\"#OEModule_OphCiExamination_models_PupillaryAbnormalities_entries_right_1_has_abnormality > :nth-child(3)\").should('be.visible').click();\n  }\n}); //For, PEARL selection (right eye), under Pupils\ncy.fixture(\"addexaminationevent.json\").then(addexaminationevent => {\n  //Get the value of Pupils_PEARL_Right, as mentioned in the addexaminationevent json file\n  const cntPupils_PEARL_Right = addexaminationevent.Pupils_PEARL_Right; //For the right eye, select accordingly, if the value for Pupils_PEARL_Right, in addexaminationevent json file, is \"Not checked\"\n  if (cntPupils_PEARL_Right == \"Not checked\") {\n    //click the \"Not checked\" radio-button\n    cy.get(\"#OEModule_OphCiExamination_models_PupillaryAbnormalities_entries_right_2_has_abnormality > :nth-child(1)\").should('be.visible').click();\n  } //For the right eye, select accordingly, if the value for Pupils_PEARL_Right, in addexaminationevent json file, is \"Yes\"\n\n  if (cntPupils_PEARL_Right == \"Yes\") {\n    //click the \"Yes\" radio-button\n    cy.get(\"#OEModule_OphCiExamination_models_PupillaryAbnormalities_entries_right_2_has_abnormality > :nth-child(2)\").should('be.visible').click();\n  } //For the right eye, select accordingly, if the value for Pupils_PEARL_Right, in addexaminationevent json file, is \"No\"\n\n  if (cntPupils_PEARL_Right == \"No\") {\n    //click the \"No\" radio-button\n    cy.get(\"#OEModule_OphCiExamination_models_PupillaryAbnormalities_entries_right_2_has_abnormality > :nth-child(3)\").should('be.visible').click();\n  }\n}); //For, RAPD selection (left eye), under Pupils\ncy.fixture(\"addexaminationevent.json\").then(addexaminationevent => {\n  //Get the value of Pupils_RAPD_Left, as mentioned in the addexaminationevent json file\n  const cntPupils_RAPD_Left = addexaminationevent.Pupils_RAPD_Left; //For the left eye, select accordingly, if the value for Pupils_RAPD_Left, in addexaminationevent json file, is \"Not checked\"\n  if (cntPupils_RAPD_Left == \"Not checked\") {\n    //click the \"Not checked\" radio-button\n    cy.get(\"#OEModule_OphCiExamination_models_PupillaryAbnormalities_entries_left_0_has_abnormality > :nth-child(1)\").should('be.visible').click();\n  } //For the left eye, select accordingly, if the value for Pupils_RAPD_Left, in addexaminationevent json file, is \"Yes\"\n\n  if (cntPupils_RAPD_Left == \"Yes\") {\n    //click the \"Yes\" radio-button\n    cy.get(\"#OEModule_OphCiExamination_models_PupillaryAbnormalities_entries_left_0_has_abnormality > :nth-child(2)\").should('be.visible').click();\n  } //For the left eye, select accordingly, if the value for Pupils_RAPD_Left, in addexaminationevent json file, is \"No\"\n\n  if (cntPupils_RAPD_Left == \"No\") {\n    //click the \"No\" radio-button\n    cy.get(\"#OEModule_OphCiExamination_models_PupillaryAbnormalities_entries_left_0_has_abnormality > :nth-child(3)\").should('be.visible').click();\n  }\n}); //For, \"Poor Dilator\" selection (left eye), under Pupils\ncy.fixture(\"addexaminationevent.json\").then(addexaminationevent => {\n  //Get the value of Pupils_Poor_Dilator_Left, as mentioned in the addexaminationevent json file\n  const cntPupils_Poor_Dilator_Left = addexaminationevent.Pupils_Poor_Dilator_Left; //For the left eye, select accordingly, if the value for Pupils_Poor_Dilator_Left, in addexaminationevent json file, is \"Not checked\"\n  if (cntPupils_Poor_Dilator_Left == \"Not checked\") {\n    //click the \"Not checked\" radio-button\n    cy.get(\"#OEModule_OphCiExamination_models_PupillaryAbnormalities_entries_left_1_has_abnormality > :nth-child(1)\").should('be.visible').click();\n  } //For the left eye, select accordingly, if the value for Pupils_Poor_Dilator_Left, in addexaminationevent json file, is \"Yes\"\n\n  if (cntPupils_Poor_Dilator_Left == \"Yes\") {\n    //click the \"Yes\" radio-button\n    cy.get(\"#OEModule_OphCiExamination_models_PupillaryAbnormalities_entries_left_1_has_abnormality > :nth-child(2)\").should('be.visible').click();\n  } //For the left eye, select accordingly, if the value for Pupils_Poor_Dilator_Left, in addexaminationevent json file, is \"No\"\n\n  if (cntPupils_Poor_Dilator_Left == \"No\") {\n    //click the \"No\" radio-button\n    cy.get(\"#OEModule_OphCiExamination_models_PupillaryAbnormalities_entries_left_1_has_abnormality > :nth-child(3)\").should('be.visible').click();\n  }\n}); //For, PEARL selection (left eye), under Pupils\ncy.fixture(\"addexaminationevent.json\").then(addexaminationevent => {\n  //Get the value of Pupils_PEARL_Left, as mentioned in the addexaminationevent json file\n  const cntPupils_PEARL_Left = addexaminationevent.Pupils_PEARL_Left; //For the left eye, select accordingly, if the value for Pupils_PEARL_Left, in addexaminationevent json file, is \"Not checked\"\n  if (cntPupils_PEARL_Left == \"Not checked\") {\n    //click the \"Not checked\" radio-button\n    cy.get(\"#OEModule_OphCiExamination_models_PupillaryAbnormalities_entries_left_2_has_abnormality > :nth-child(1)\").should('be.visible').click();\n  } //For the left eye, select accordingly, if the value for Pupils_PEARL_Left, in addexaminationevent json file, is \"Yes\"\n\n  if (cntPupils_PEARL_Left == \"Yes\") {\n    //click the \"Yes\" radio-button\n    cy.get(\"#OEModule_OphCiExamination_models_PupillaryAbnormalities_entries_left_2_has_abnormality > :nth-child(2)\").should('be.visible').click();\n  } //For the left eye, select accordingly, if the value for Pupils_PEARL_Left, in addexaminationevent json file, is \"No\"\n\n  if (cntPupils_PEARL_Left == \"No\") {\n    //click the \"No\" radio-button\n    cy.get(\"#OEModule_OphCiExamination_models_PupillaryAbnormalities_entries_left_2_has_abnormality > :nth-child(3)\").should('be.visible').click();\n  }\n});",
              "err": {},
              "uuid": "86270617-a9cd-4a6f-b377-7bfb78c0a16d",
              "parentUUID": "187713a1-ab25-4673-9894-51c98db2ab1b",
              "isHook": false,
              "skipped": false
            },
            {
              "title": "060.37_Click Save",
              "fullTitle": "060_Add Examination Event 060.37_Click Save",
              "timedOut": null,
              "duration": 6544,
              "state": "passed",
              "speed": "slow",
              "pass": true,
              "fail": false,
              "pending": false,
              "context": null,
              "code": "//Click the Save button at the footer\ncy.get(\"#et_save_footer\").should('be.visible').click(); //Verify the next page header\ncy.fixture(\"addexaminationevent.json\").then(addexaminationevent => {\n  cy.get(\"#flash-success\").should('be.visible').should('contain', addexaminationevent.Examination_Created_Header_Nurse);\n});",
              "err": {},
              "uuid": "a46a1227-51bf-4250-b9f8-2b438d9a35a2",
              "parentUUID": "187713a1-ab25-4673-9894-51c98db2ab1b",
              "isHook": false,
              "skipped": false
            },
            {
              "title": "060.38_Click Doctor And Verify Next Page Load",
              "fullTitle": "060_Add Examination Event 060.38_Click Doctor And Verify Next Page Load",
              "timedOut": null,
              "duration": 8027,
              "state": "passed",
              "speed": "slow",
              "pass": true,
              "fail": false,
              "pending": false,
              "context": null,
              "code": "//Clicking the Doctor\ncy.get(\".buttons-right\").children(\"a\").eq(0).should('be.visible').click(); //Check that the next page is loaded successfully, by verifying the page-header\ncy.fixture(\"addexaminationevent.json\").then(addexaminationevent => {\n  //Verify the page header against the value of Examination_Created_Header_Doctor, in addexaminationevent json file\n  cy.get('.event-title').should('contain', addexaminationevent.Examination_Created_Header_Doctor);\n});",
              "err": {},
              "uuid": "70211484-4911-448c-b42e-6381ac81fa09",
              "parentUUID": "187713a1-ab25-4673-9894-51c98db2ab1b",
              "isHook": false,
              "skipped": false
            },
            {
              "title": "060.39_Add_And_Verify_Follow-up",
              "fullTitle": "060_Add Examination Event 060.39_Add_And_Verify_Follow-up",
              "timedOut": null,
              "duration": 7340,
              "state": "passed",
              "speed": "slow",
              "pass": true,
              "fail": false,
              "pending": false,
              "context": null,
              "code": "//Click the button to invoke the popup to have values for selection\ncy.get(\"#show-follow-up-popup-btn\").should('be.visible').click(); //Select values for Follow-up, as mentioned in the addexaminationevent json file\ncy.fixture(\"addexaminationevent.json\").then(addexaminationevent => {\n  cy.get(\".add-options\").eq(0).contains(addexaminationevent.Follow_up_outcome_options).parent().click();\n});\ncy.fixture(\"addexaminationevent.json\").then(addexaminationevent => {\n  cy.get(\".add-options\").eq(1).contains(addexaminationevent.Follow_up_quantity_options).click();\n});\ncy.fixture(\"addexaminationevent.json\").then(addexaminationevent => {\n  cy.get(\".add-options\").eq(2).contains(addexaminationevent.Follow_up_period_options).parent().click();\n});\ncy.fixture(\"addexaminationevent.json\").then(addexaminationevent => {\n  cy.get(\".add-options\").eq(3).contains(addexaminationevent.Follow_up_role_options).parent().click();\n});\ncy.fixture(\"addexaminationevent.json\").then(addexaminationevent => {\n  cy.get(\".add-options\").eq(4).contains(addexaminationevent.Follow_up_risk_status_options).parent().click();\n}); //Click the button to close the popup, post the selections made on the popup window\ncy.get(\"#add-followup-btn\").should('be.visible').click();\ncy.wait(3000); //Verify that the read-only field is populated with the correct values, as selected above\ncy.fixture(\"addexaminationevent.json\").then(addexaminationevent => {\n  //Verify the full string gets populated with the correct values, as selected above\n  cy.get(\"#OEModule_OphCiExamination_models_Element_OphCiExamination_ClinicOutcome_entries_0 > td\").eq(1).should('be.visible').should('contain', addexaminationevent.Follow_up_outcome_options + \" \" + addexaminationevent.Follow_up_quantity_options + \" \" + addexaminationevent.Follow_up_period_options + \" \" + \"with\" + \" \" + addexaminationevent.Follow_up_role_options);\n});",
              "err": {},
              "uuid": "01c6fd92-ae6d-4345-bb1d-e9c1a9ff38dd",
              "parentUUID": "187713a1-ab25-4673-9894-51c98db2ab1b",
              "isHook": false,
              "skipped": false
            },
            {
              "title": "060.40_Add_And_Verify_Anterior_Segment",
              "fullTitle": "060_Add Examination Event 060.40_Add_And_Verify_Anterior_Segment",
              "timedOut": null,
              "duration": 11530,
              "state": "passed",
              "speed": "slow",
              "pass": true,
              "fail": false,
              "pending": false,
              "context": null,
              "code": "//For Anterior Segment (Right) click the relevant image/icon, as mentioned in the addexaminationevent json file\ncy.fixture(\"addexaminationevent.json\").then(addexaminationevent => {\n  cy.get(\".ed2-toolbar-panel.ed2-main-toolbar\").eq(0).should('be.visible').contains(addexaminationevent.Anterior_Segment_Right).parent().click();\n}); //Wait for 3 seconds\ncy.wait(3000); //For Anterior Segment (Left) click the relevant image/icon, as mentioned in the addexaminationevent json file\ncy.fixture(\"addexaminationevent.json\").then(addexaminationevent => {\n  cy.get(\".ed2-toolbar-panel.ed2-main-toolbar\").eq(2).should('be.visible').contains(addexaminationevent.Anterior_Segment_Left).parent().click();\n}); //Wait for 3 seconds\ncy.wait(3000); //Click at the comments icon for right-eye comments\ncy.get(\"#OEModule_OphCiExamination_models_Element_OphCiExamination_AnteriorSegment_right_comment_button\").should('be.visible').click(); //Add commment for Anterior Segment (Right), by lifting the values from the addexaminationevent json file\ncy.fixture(\"addexaminationevent.json\").then(addexaminationevent => {\n  cy.get(\"#OEModule_OphCiExamination_models_Element_OphCiExamination_AnteriorSegment_right_description\").should('be.visible').clear().type(addexaminationevent.Anterior_Segment_Right_Comments);\n}); //Click at the comments icon for left-eye comments\ncy.get(\"#OEModule_OphCiExamination_models_Element_OphCiExamination_AnteriorSegment_left_comment_button\").should('be.visible').click(); //Add commment for Anterior Segment (Left), by lifting the values from the addexaminationevent json file\ncy.fixture(\"addexaminationevent.json\").then(addexaminationevent => {\n  cy.get(\"#OEModule_OphCiExamination_models_Element_OphCiExamination_AnteriorSegment_left_description\").should('be.visible').clear().type(addexaminationevent.Anterior_Segment_Left_Comments);\n});",
              "err": {},
              "uuid": "beab11c9-53bc-4bab-8256-289520e27b50",
              "parentUUID": "187713a1-ab25-4673-9894-51c98db2ab1b",
              "isHook": false,
              "skipped": false
            },
            {
              "title": "060.41_Add_And_Verify_Systemic_Surgery",
              "fullTitle": "060_Add Examination Event 060.41_Add_And_Verify_Systemic_Surgery",
              "timedOut": null,
              "duration": 2417,
              "state": "passed",
              "speed": "slow",
              "pass": true,
              "fail": false,
              "pending": false,
              "context": null,
              "code": "//Un-check the \"No Systemic Surgical History\" checkbox\ncy.get(\"#OEModule_OphCiExamination_models_SystemicSurgery_no_systemicsurgery\").should('be.visible').click(); //Click the button to invoke the popup to have values for selection\ncy.get(\"#show-add-popup-systemic\").should('be.visible').click(); //Select the Systemic_Surgery value, as mentioned in the addexaminationevent file\ncy.fixture(\"addexaminationevent.json\").then(addexaminationevent => {\n  cy.get(\".add-options\").eq(14).contains(addexaminationevent.Systemic_Surgery).parent().click();\n}); //Click the button to close the popup, post the selections made on the popup window\ncy.get(\".add-icon-btn\").eq(5).should('be.visible').click();",
              "err": {},
              "uuid": "43f3d526-2ce9-4ffa-bfd9-d383091b80e3",
              "parentUUID": "187713a1-ab25-4673-9894-51c98db2ab1b",
              "isHook": false,
              "skipped": false
            },
            {
              "title": "060.42_Search_Examination_Macula_And_Add_And_Verify_Details",
              "fullTitle": "060_Add Examination Event 060.42_Search_Examination_Macula_And_Add_And_Verify_Details",
              "timedOut": null,
              "duration": 15875,
              "state": "passed",
              "speed": "slow",
              "pass": true,
              "fail": false,
              "pending": false,
              "context": null,
              "code": "//Click the search icon at the top\ncy.get(\"#js-search-in-event\").should('be.visible').click(); //Type Examination Macula to the search field at the top\ncy.get(\"#js-search-event-input-right\").should('be.visible').clear().type(\"Examination Macula\"); //Wait for 3 seconds\ncy.wait(3000); //Click the Examination Macula link\ncy.get(\".search_highlight\").should('be.visible').click(); //Wait for 3 seconds\ncy.wait(3000); //Add Macula information below, lifting the values from the addexaminationevent json file\ncy.fixture(\"addexaminationevent.json\").then(addexaminationevent => {\n  cy.get(\".ed2-toolbar-panel.ed2-main-toolbar\").eq(4).should('be.visible').contains(addexaminationevent.Macula_Right).parent().click();\n  cy.get(\"#ed_canvas_edit_right_317_drusenType_control\").should('be.visible').select(addexaminationevent.Drusen_Type_Right);\n  cy.get(\".ed2-toolbar-panel.ed2-main-toolbar\").eq(7).should('be.visible').contains(addexaminationevent.Macula_Left).parent().click();\n  cy.get(\"#ed_canvas_edit_left_317_drusenType_control\").should('be.visible').select(addexaminationevent.Drusen_Type_Left);\n});",
              "err": {},
              "uuid": "95a2e8ef-d906-499f-b1f5-e6c09e8661a0",
              "parentUUID": "187713a1-ab25-4673-9894-51c98db2ab1b",
              "isHook": false,
              "skipped": false
            },
            {
              "title": "060.42_Search_Investigation_And_Add_And_Verify_Details",
              "fullTitle": "060_Add Examination Event 060.42_Search_Investigation_And_Add_And_Verify_Details",
              "timedOut": null,
              "duration": 16880,
              "state": "passed",
              "speed": "slow",
              "pass": true,
              "fail": false,
              "pending": false,
              "context": null,
              "code": "//Type Investigation to the search field at the top\ncy.get(\"#js-search-event-input-right\").should('be.visible').clear().type(\"Investigation\"); //Wait for 3 seconds\ncy.wait(3000); //Click the Investigation link\ncy.get(\".search_highlight\").should('be.visible').click();\ncy.fixture(\"addexaminationevent.json\").then(addexaminationevent => {\n  //Add Drusen comments for both Right and Left eyes, from addexaminationevent json file\n  //Doing it here, so the fields come in the focus\n  cy.get(\"#OEModule_OphCiExamination_models_Element_OphCiExamination_PosteriorPole_right_description\").clear().type(addexaminationevent.Drusen_Comments_Right);\n  cy.get(\"#OEModule_OphCiExamination_models_Element_OphCiExamination_PosteriorPole_left_description\").clear().type(addexaminationevent.Drusen_Comments_Left);\n}); //Click the button to invokde popup values\ncy.get(\"#add-investigation-btn\").should('be.visible').click(); //Add Investigation information below, lifting the values from the addexaminationevent json file\ncy.fixture(\"addexaminationevent.json\").then(addexaminationevent => {\n  cy.get(\".add-options\").eq(48).contains(addexaminationevent.Investigation_OCT).parent().click();\n});\ncy.fixture(\"addexaminationevent.json\").then(addexaminationevent => {\n  cy.get(\".add-options\").eq(49).contains(addexaminationevent.Investigation_B_Scan).parent().click();\n});\ncy.fixture(\"addexaminationevent.json\").then(addexaminationevent => {\n  cy.get(\".add-options\").eq(50).contains(addexaminationevent.Investigation_Add).parent().click();\n});\ncy.fixture(\"addexaminationevent.json\").then(addexaminationevent => {\n  cy.get(\".add-options\").eq(51).contains(addexaminationevent.Investigation_Visual_Fields).parent().click();\n});\ncy.fixture(\"addexaminationevent.json\").then(addexaminationevent => {\n  cy.get(\".add-options\").eq(52).contains(addexaminationevent.Investigation_Topography).parent().click();\n}); //Click the button to close the popup, post the selections made on the popup window\ncy.get(\".add-icon-btn\").eq(20).should('be.visible').click();",
              "err": {},
              "uuid": "a8a18b01-b7a6-4c3c-95bf-2f51762ff8ad",
              "parentUUID": "187713a1-ab25-4673-9894-51c98db2ab1b",
              "isHook": false,
              "skipped": false
            },
            {
              "title": "060.43_Save_Doctor_Record_And_Verify_Next_Page_Loads",
              "fullTitle": "060_Add Examination Event 060.43_Save_Doctor_Record_And_Verify_Next_Page_Loads",
              "timedOut": null,
              "duration": 12983,
              "state": "passed",
              "speed": "slow",
              "pass": true,
              "fail": false,
              "pending": false,
              "context": null,
              "code": "//validate the above selections in the text box, whose id is:\n//#OEModule_OphCiExamination_models_Element_OphCiExamination_Investigation_description\n//Save the record\ncy.get(\"#et_save_footer\").should('be.visible').click(); //Wait for 3 seconds\ncy.wait(5000); //Check that the next page is loaded successfully, by verifying the page-header\ncy.fixture(\"addexaminationevent.json\").then(addexaminationevent => {\n  //Verify the page header against the value of Examination_Created_Header_Doctor, in addexaminationevent json file\n  cy.get('.event-title').should('contain', addexaminationevent.Examination_Created_Header_Doctor);\n});",
              "err": {},
              "uuid": "4ed36354-6399-43bf-aa5d-931c8bf42fe5",
              "parentUUID": "187713a1-ab25-4673-9894-51c98db2ab1b",
              "isHook": false,
              "skipped": false
            },
            {
              "title": "060.44_Edit_Doctor_Examination_Data_And_Verify_Next_Page_Load",
              "fullTitle": "060_Add Examination Event 060.44_Edit_Doctor_Examination_Data_And_Verify_Next_Page_Load",
              "timedOut": null,
              "duration": 5585,
              "state": "passed",
              "speed": "slow",
              "pass": true,
              "fail": false,
              "pending": false,
              "context": null,
              "code": "//Click at the Edit at the top\ncy.get(\".button.header-tab\").eq(1).should('be.visible').click(); //Check that the next page is loaded successfully, by verifying the page-header\ncy.fixture(\"addexaminationevent.json\").then(addexaminationevent => {\n  //Verify the page header against the value of Examination_Created_Header_Doctor, in addexaminationevent json file\n  cy.get('.event-title').should('contain', addexaminationevent.Examination_Created_Header_Doctor);\n});",
              "err": {},
              "uuid": "c171d898-6e7e-46fe-bb1f-a550a23212c9",
              "parentUUID": "187713a1-ab25-4673-9894-51c98db2ab1b",
              "isHook": false,
              "skipped": false
            },
            {
              "title": "060.45_Delete_Systemic_Diagnoses_Data",
              "fullTitle": "060_Add Examination Event 060.45_Delete_Systemic_Diagnoses_Data",
              "timedOut": null,
              "duration": 2195,
              "state": "passed",
              "speed": "slow",
              "pass": true,
              "fail": false,
              "pending": false,
              "context": null,
              "code": "//Scroll to the delete button\ncy.get(\".oe-i.trash\").eq(1).scrollIntoView().should('be.visible'); //Click the delete button\ncy.get(\".oe-i.trash\").eq(1).should('be.visible').click(); //Check the \"No Systemic Diagnoses\" checkbox\ncy.get(\"#OEModule_OphCiExamination_models_SystemicDiagnoses_no_systemic_diagnoses\").should('be.visible').click();",
              "err": {},
              "uuid": "50eca172-dfa6-405a-b9de-ccb793ae2e2f",
              "parentUUID": "187713a1-ab25-4673-9894-51c98db2ab1b",
              "isHook": false,
              "skipped": false
            },
            {
              "title": "060.46_Save_Doctors_Edited_Examination_Data_And_Verify_Next_Page_Load",
              "fullTitle": "060_Add Examination Event 060.46_Save_Doctors_Edited_Examination_Data_And_Verify_Next_Page_Load",
              "timedOut": null,
              "duration": 7838,
              "state": "passed",
              "speed": "slow",
              "pass": true,
              "fail": false,
              "pending": false,
              "context": null,
              "code": "//click at the save button\ncy.get(\"#et_save\").should('be.visible').click(); //Check that the next page is loaded successfully, by verifying the page-header\ncy.fixture(\"addexaminationevent.json\").then(addexaminationevent => {\n  //Verify the page header against the value of Examination_Created_Header_Doctor, in addexaminationevent json file\n  cy.get('.event-title').should('contain', addexaminationevent.Examination_Created_Header_Doctor);\n});",
              "err": {},
              "uuid": "c8f4b033-7c5c-4c70-8193-e34ca61d829f",
              "parentUUID": "187713a1-ab25-4673-9894-51c98db2ab1b",
              "isHook": false,
              "skipped": false
            },
            {
              "title": "060.47_Validate History",
              "fullTitle": "060_Add Examination Event 060.47_Validate History",
              "timedOut": null,
              "duration": 50,
              "state": "passed",
              "speed": "medium",
              "pass": true,
              "fail": false,
              "pending": false,
              "context": null,
              "code": "cy.fixture(\"addexaminationevent.json\").then(addexaminationevent => {\n  //History information to be verified against the data in the addexaminationevent json file\n  cy.get(\".data-value > span\").eq(0).should('be.visible').should('contain', addexaminationevent.History + \" \" + addexaminationevent.Eye + \" \" + addexaminationevent.Duration + \" \" + addexaminationevent.Onset + \" \" + addexaminationevent.Severity + \" \");\n});",
              "err": {},
              "uuid": "8ef81482-5986-4587-bd12-24f86cd9032c",
              "parentUUID": "187713a1-ab25-4673-9894-51c98db2ab1b",
              "isHook": false,
              "skipped": false
            },
            {
              "title": "060.48_Validate Eye Medications",
              "fullTitle": "060_Add Examination Event 060.48_Validate Eye Medications",
              "timedOut": null,
              "duration": 146,
              "state": "passed",
              "speed": "slow",
              "pass": true,
              "fail": false,
              "pending": false,
              "context": null,
              "code": "//Scroll to Eye Medications section\ncy.get(\"#view-Eye-Medications-Current > tbody > tr >td\").eq(4).scrollIntoView().should('be.visible');\ncy.fixture(\"addexaminationevent.json\").then(addexaminationevent => {\n  //Eye Medications information to be verified against the data in the addexaminationevent json file\n  cy.get(\"#view-Eye-Medications-Current > tbody > tr >td\").eq(0).should('be.visible').should('contain', addexaminationevent.Medication_History_Drug_1);\n  cy.get(\"#view-Eye-Medications-Current > tbody > tr >td\").eq(4).should('be.visible').should('contain', addexaminationevent.Medication_History_Drug_2);\n});",
              "err": {},
              "uuid": "42310edc-715b-4a76-a4c3-78aaf6989d1d",
              "parentUUID": "187713a1-ab25-4673-9894-51c98db2ab1b",
              "isHook": false,
              "skipped": false
            },
            {
              "title": "060.49_Validate Systemic Procedures",
              "fullTitle": "060_Add Examination Event 060.49_Validate Systemic Procedures",
              "timedOut": null,
              "duration": 49,
              "state": "passed",
              "speed": "medium",
              "pass": true,
              "fail": false,
              "pending": false,
              "context": null,
              "code": "cy.fixture(\"addexaminationevent.json\").then(addexaminationevent => {\n  //Systemic Procedures information to be verified against the data in the addexaminationevent json file\n  cy.get(\".tile-data-overflow\").eq(2).should('be.visible').contains(addexaminationevent.Systemic_Surgery);\n});",
              "err": {},
              "uuid": "b074659f-4fc4-4c5f-a8d0-34fcad99803f",
              "parentUUID": "187713a1-ab25-4673-9894-51c98db2ab1b",
              "isHook": false,
              "skipped": false
            },
            {
              "title": "060.50_Validate Family",
              "fullTitle": "060_Add Examination Event 060.50_Validate Family",
              "timedOut": null,
              "duration": 110,
              "state": "passed",
              "speed": "slow",
              "pass": true,
              "fail": false,
              "pending": false,
              "context": null,
              "code": "cy.fixture(\"addexaminationevent.json\").then(addexaminationevent => {\n  //Family information to be verified against the data in the addexaminationevent json file\n  cy.get(\".tile-data-overflow\").eq(3).should('be.visible').contains(addexaminationevent.Family_History_Side + \" \" + addexaminationevent.Family_History_Relative + \": \" + addexaminationevent.Family_History_Condition);\n});",
              "err": {},
              "uuid": "cf1b9204-aa18-48ff-ae0e-ea8682746a6e",
              "parentUUID": "187713a1-ab25-4673-9894-51c98db2ab1b",
              "isHook": false,
              "skipped": false
            },
            {
              "title": "060.51_Validate Follow-up",
              "fullTitle": "060_Add Examination Event 060.51_Validate Follow-up",
              "timedOut": null,
              "duration": 31,
              "state": "passed",
              "speed": "fast",
              "pass": true,
              "fail": false,
              "pending": false,
              "context": null,
              "code": "cy.fixture(\"addexaminationevent.json\").then(addexaminationevent => {\n  //Follow-up information to be verified against the data in the addexaminationevent json file\n  cy.get(\".tile-data-overflow > .last-left > tbody > tr > :nth-child(2)\").should('be.visible').should('contain', addexaminationevent.Follow_up_outcome_options + \" \" + addexaminationevent.Follow_up_quantity_options + \" \" + addexaminationevent.Follow_up_period_options + \" \" + \"with\" + \" \" + addexaminationevent.Follow_up_role_options);\n});",
              "err": {},
              "uuid": "c72dd9cb-5857-475a-a3fd-87ce24914867",
              "parentUUID": "187713a1-ab25-4673-9894-51c98db2ab1b",
              "isHook": false,
              "skipped": false
            },
            {
              "title": "060.52_Validate Drops",
              "fullTitle": "060_Add Examination Event 060.52_Validate Drops",
              "timedOut": null,
              "duration": 78,
              "state": "passed",
              "speed": "slow",
              "pass": true,
              "fail": false,
              "pending": false,
              "context": null,
[...]
              "err": {},
              "uuid": "2f36b57b-6848-4c6f-9d2d-dd676a764700",
              "parentUUID": "187713a1-ab25-4673-9894-51c98db2ab1b",
              "isHook": false,
              "skipped": false
            },
            {
              "title": "060.54_Validate Risks",
              "fullTitle": "060_Add Examination Event 060.54_Validate Risks",
              "timedOut": null,
              "duration": 132,
              "state": "passed",
              "speed": "slow",
              "pass": true,
              "fail": false,
              "pending": false,
              "context": null,
              "code": "//Scroll to Risks section\ncy.get(\".element-data > .large > tbody > tr > :nth-child(1)\").scrollIntoView().should('be.visible');\ncy.fixture(\"addexaminationevent.json\").then(addexaminationevent => {\n  //Risks information to be verified against the data in the addexaminationevent json file\n  cy.get(\":nth-child(1) > :nth-child(2) > .dot-list > :nth-child(2)\").should('be.visible').contains(addexaminationevent.Risk1);\n  cy.get(\".dot-list > :nth-child(4)\").should('be.visible').should('contain', addexaminationevent.Risk2);\n});",
              "err": {},
              "uuid": "d563c980-4363-4742-9aa3-fb6f7953a30e",
              "parentUUID": "187713a1-ab25-4673-9894-51c98db2ab1b",
              "isHook": false,
              "skipped": false
            },
            {
              "title": "060.55_Validate CVI status",
              "fullTitle": "060_Add Examination Event 060.55_Validate CVI status",
              "timedOut": null,
              "duration": 39,
              "state": "passed",
              "speed": "medium",
              "pass": true,
              "fail": false,
              "pending": false,
              "context": null,
              "code": "//Scroll to CVI status\ncy.get(\".element-data > .large > tbody > tr > :nth-child(1)\").scrollIntoView().should('be.visible');\ncy.fixture(\"addexaminationevent.json\").then(addexaminationevent => {\n  //CVI status text to be verified against the data in the addexaminationevent json file\n  cy.get(\".element-data > .large > tbody > tr > :nth-child(1)\").should('be.visible').should('contain', addexaminationevent.CVI_status);\n});",
              "err": {},
              "uuid": "c8f7a54f-a566-445c-a4c8-84510504e245",
              "parentUUID": "187713a1-ab25-4673-9894-51c98db2ab1b",
              "isHook": false,
              "skipped": false
            },
            {
              "title": "060.56_Validate Communication Preferences",
              "fullTitle": "060_Add Examination Event 060.56_Validate Communication Preferences",
              "timedOut": null,
              "duration": 4283,
              "state": "failed",
              "speed": null,
              "pass": false,
              "fail": true,
              "pending": false,
              "context": null,
              "code": "//Scroll to \"Large print for correspondence\" element\ncy.get(\"tbody > :nth-child(1) > :nth-child(2) > .data-value\").scrollIntoView().should('be.visible'); //Verify that the value is in accordance to the one mentioned in the addexaminationevent json file\ncy.fixture(\"addexaminationevent.json\").then(addexaminationevent => {\n  cy.get(\"tbody > :nth-child(1) > :nth-child(2) > .data-value\").should('be.visible').should('contain', addexaminationevent.Large_print_for_correspondence);\n});",
              "err": {
                "message": "AssertionError: Timed out retrying after 4000ms: expected '<span.data-value.large-text>' to contain 'Yes'",
                "estack": "AssertionError: Timed out retrying after 4000ms: expected '<span.data-value.large-text>' to contain 'Yes'\n    at Context.eval (https://develop-test.meh.toukan.co/__cypress/tests?p=cypress\\integration\\060_addeventexamination_spec.js:925:90)",
                "diff": null
              },
              "uuid": "24059e47-d59c-460d-bfa2-3901d7fda212",
              "parentUUID": "187713a1-ab25-4673-9894-51c98db2ab1b",
              "isHook": false,
              "skipped": false
            },
            {
              "title": "060.57_Validate Intraocular Pressure",
              "fullTitle": "060_Add Examination Event 060.57_Validate Intraocular Pressure",
              "timedOut": null,
              "duration": 229,
              "state": "passed",
              "speed": "slow",
              "pass": true,
              "fail": false,
              "pending": false,
              "context": null,
              "code": "//Intraocular Pressure information to be verified against the data in the addexaminationevent json file\ncy.fixture(\"addexaminationevent.json\").then(addexaminationevent => {\n  cy.get(\".OEModule_OphCiExamination_models_Element_OphCiExamination_IntraocularPressure > .element-data > .right-eye > .large > tbody > tr > :nth-child(1)\").should('be.visible').contains(addexaminationevent.Intraocular_Pressure_mm_Right_Eye + addexaminationevent.Intraocular_Pressure_hg_Right_Eye + \"mm Hg\");\n  cy.get(\".OEModule_OphCiExamination_models_Element_OphCiExamination_IntraocularPressure > .element-data > .right-eye > .large > tbody > tr > :nth-child(3)\").should('be.visible').should('contain', addexaminationevent.Intraocular_Pressure_Instrument_Right_Eye);\n  cy.get(\".OEModule_OphCiExamination_models_Element_OphCiExamination_IntraocularPressure > .element-data > .left-eye > .large > tbody > tr > :nth-child(1)\").should('be.visible').contains(addexaminationevent.Intraocular_Pressure_mm_Left_Eye + addexaminationevent.Intraocular_Pressure_hg_Left_Eye + \"mm Hg\");\n  cy.get(\".OEModule_OphCiExamination_models_Element_OphCiExamination_IntraocularPressure > .element-data > .left-eye > .large > tbody > tr > :nth-child(3)\").should('be.visible').should('contain', addexaminationevent.Intraocular_Pressure_Instrument_Left_Eye);\n});",
              "err": {},
              "uuid": "f89f4620-1d33-452f-b381-eea5f3d130b1",
              "parentUUID": "187713a1-ab25-4673-9894-51c98db2ab1b",
              "isHook": false,
              "skipped": false
            },
            {
              "title": "060.58_Validate Visual Acuity",
              "fullTitle": "060_Add Examination Event 060.58_Validate Visual Acuity",
              "timedOut": null,
              "duration": 37,
              "state": "passed",
              "speed": "fast",
              "pass": true,
              "fail": false,
              "pending": false,
              "context": null,
              "code": "cy.fixture(\"addexaminationevent.json\").then(addexaminationevent => {\n  //Visual Acuity information to be verified against the data in the addexaminationevent json file\n  cy.get(\".element-title > small\").should('be.visible').contains(addexaminationevent.Visual_Acuity_VA_Scale);\n  cy.get(\".right-eye > .data-value > .priority-text\").should('be.visible').contains(addexaminationevent.Visual_Acuity_Value_Right_Eye + \" \" + addexaminationevent.Visual_Acuity_Method_Right_Eye);\n  cy.get(\".left-eye > .data-value > .priority-text\").should('be.visible').contains(addexaminationevent.Visual_Acuity_Value_Left_Eye + \" \" + addexaminationevent.Visual_Acuity_Method_Left_Eye);\n});",
              "err": {},
              "uuid": "863c39b1-5709-4bb4-8d86-61e9fbc05c01",
              "parentUUID": "187713a1-ab25-4673-9894-51c98db2ab1b",
              "isHook": false,
              "skipped": false
            },
            {
              "title": "060.59_Validate Pupils",
              "fullTitle": "060_Add Examination Event 060.59_Validate Pupils",
              "timedOut": null,
              "duration": 74,
              "state": "passed",
              "speed": "medium",
              "pass": true,
              "fail": false,
              "pending": false,
              "context": null,
              "code": "cy.fixture(\"addexaminationevent.json\").then(addexaminationevent => {\n  //Pupils (right eye) information to be verified\n  cy.get(\".right-eye > .last-left > tbody > :nth-child(1) > :nth-child(2) > .dot-list > li\").should('be.visible').contains(\"RAPD\");\n  cy.get(\".right-eye > .last-left > tbody > :nth-child(3) > :nth-child(2) > .dot-list > :nth-child(1)\").should('be.visible').contains(\"Poor Dilator\");\n  cy.get(\".right-eye > .last-left > tbody > :nth-child(3) > :nth-child(2) > .dot-list > :nth-child(2)\").should('be.visible').contains(\"PEARL\"); //Pupils (left eye) information to be verified\n  cy.get(\".left-eye > .last-left > tbody > :nth-child(1) > :nth-child(2) > .dot-list > li\").should('be.visible').contains(\"RAPD\");\n  cy.get(\".left-eye > .last-left > tbody > :nth-child(3) > :nth-child(2) > .dot-list > :nth-child(1)\").should('be.visible').contains(\"Poor Dilator\");\n  cy.get(\".left-eye > .last-left > tbody > :nth-child(3) > :nth-child(2) > .dot-list > :nth-child(2)\").should('be.visible').contains(\"PEARL\");\n});",
              "err": {},
              "uuid": "d7ac2b32-3ed2-4cf6-8817-8f7a4b46d65c",
              "parentUUID": "187713a1-ab25-4673-9894-51c98db2ab1b",
              "isHook": false,
              "skipped": false
            },
            {
              "title": "060.60_Validate Anterior Segment",
              "fullTitle": "060_Add Examination Event 060.60_Validate Anterior Segment",
              "timedOut": null,
              "duration": 150,
              "state": "passed",
              "speed": "slow",
              "pass": true,
              "fail": false,
              "pending": false,
              "context": null,
              "code": "cy.fixture(\"addexaminationevent.json\").then(addexaminationevent => {\n  //Scroll to the Anterior Segment Right Eye Comments\n  cy.get(\".data-value\").eq(16).scrollIntoView().should('be.visible'); //Anterior Segment comments (Right Eye) to be verified against the data in the addexaminationevent json file\n  cy.get(\".data-value\").eq(16).should('be.visible').contains(addexaminationevent.Anterior_Segment_Right_Comments); //Scroll to the Anterior Segment Left Eye Comments\n  cy.get(\".data-value\").eq(20).scrollIntoView().should('be.visible'); //Anterior Segment comments (Left Eye) to be verified against the data in the addexaminationevent json file\n  cy.get(\".data-value\").eq(20).should('be.visible').contains(addexaminationevent.Anterior_Segment_Left_Comments);\n});",
              "err": {},
              "uuid": "90cfed0d-a38e-4423-a8c8-8de9f7341938",
              "parentUUID": "187713a1-ab25-4673-9894-51c98db2ab1b",
              "isHook": false,
              "skipped": false
            },
            {
              "title": "060.61_Validate Macula",
              "fullTitle": "060_Add Examination Event 060.61_Validate Macula",
              "timedOut": null,
              "duration": 4556,
              "state": "failed",
              "speed": null,
              "pass": false,
              "fail": true,
              "pending": false,
              "context": null,
              "code": "//Scroll to the Macula section\ncy.get(\".large-text\").eq(8).scrollIntoView().should('be.visible');\ncy.fixture(\"addexaminationevent.json\").then(addexaminationevent => {\n  //Macula information to be verified against the data in the addexaminationevent json file\n  cy.get(\".data-value\").eq(23).should('be.visible').contains(addexaminationevent.Drusen_Type_Right, {\n    matchCase: false\n  });\n  cy.get(\".data-value\").eq(23).should('be.visible').contains(addexaminationevent.Macula_Right, {\n    matchCase: false\n  });\n  cy.get(\".data-value\").eq(25).should('be.visible').contains(addexaminationevent.Drusen_Type_Left, {\n    matchCase: false\n  });\n  cy.get(\".data-value\").eq(25).should('be.visible').contains(addexaminationevent.Macula_Left, {\n    matchCase: false\n  }); //Macula comments to be verified against the data in the addexaminationevent json file\n  cy.get(\".data-value\").eq(24).should('be.visible').contains(addexaminationevent.Drusen_Comments_Right, {\n    matchCase: false\n  });\n  cy.get(\".data-value\").eq(26).should('be.visible').contains(addexaminationevent.Drusen_Comments_Left, {\n    matchCase: false\n  });\n});",
              "err": {
                "message": "AssertionError: Timed out retrying after 4000ms: Expected to find content: 'Soft' within the element: <div.data-value> but never did.",
                "estack": "AssertionError: Timed out retrying after 4000ms: Expected to find content: 'Soft' within the element: <div.data-value> but never did.\n    at Context.eval (https://develop-test.meh.toukan.co/__cypress/tests?p=cypress\\integration\\060_addeventexamination_spec.js:985:57)",
                "diff": null
              },
              "uuid": "7bb576bc-c8e2-4f02-87e9-c3ac75d3a5df",
              "parentUUID": "187713a1-ab25-4673-9894-51c98db2ab1b",
              "isHook": false,
              "skipped": false
            },
            {
              "title": "060.62_Validate Investigation",
              "fullTitle": "060_Add Examination Event 060.62_Validate Investigation",
              "timedOut": null,
              "duration": 110,
              "state": "passed",
              "speed": "slow",
              "pass": true,
              "fail": false,
              "pending": false,
              "context": null,
              "code": "//Scroll to the Investigation text\ncy.get(\".large-text\").eq(8).scrollIntoView().should('be.visible');\ncy.fixture(\"addexaminationevent.json\").then(addexaminationevent => {\n  //Investigation text to be verified against the data in the addexaminationevent json file\n  cy.get(\".large-text\").eq(8).should('be.visible').contains(addexaminationevent.Investigation_OCT + \" \" + addexaminationevent.Investigation_B_Scan + \" \" + addexaminationevent.Investigation_Add + \" \" + addexaminationevent.Investigation_Visual_Fields + \" \" + addexaminationevent.Investigation_Topography);\n});",
              "err": {},
              "uuid": "1e49efdd-2f50-46ef-a387-9a42e484456d",
              "parentUUID": "187713a1-ab25-4673-9894-51c98db2ab1b",
              "isHook": false,
              "skipped": false
            },
            {
              "title": "060.63_Validate Follow-up",
              "fullTitle": "060_Add Examination Event 060.63_Validate Follow-up",
              "timedOut": null,
              "duration": 78,
              "state": "passed",
              "speed": "slow",
              "pass": true,
              "fail": false,
              "pending": false,
              "context": null,
              "code": "cy.fixture(\"addexaminationevent.json\").then(addexaminationevent => {\n  //Follow-up text to be verified against the data in the addexaminationevent json file\n  cy.get(\".large-text\").eq(9).should('be.visible').should('contain', addexaminationevent.Follow_up_outcome_options + \" \" + addexaminationevent.Follow_up_quantity_options + \" \" + addexaminationevent.Follow_up_period_options + \" \" + \"with\" + \" \" + addexaminationevent.Follow_up_role_options);\n});",
              "err": {},
              "uuid": "95309a4e-dacc-4886-887a-f1138c64e58e",
              "parentUUID": "187713a1-ab25-4673-9894-51c98db2ab1b",
              "isHook": false,
              "skipped": false
            }
          ],
          "suites": [],
          "passes": [
            "6e28b760-6874-48df-aab8-ab92491f8f98",
            "b7a74e87-b1d0-484d-8cff-5f3fdab1b8ec",
            "0edd1b35-e74b-4741-9313-31544b7a3699",
            "c9e472b0-c5c0-47a6-982c-4411c5b4e5e0",
            "071fc373-bb60-4006-a45c-1ce2382151d7",
            "4d18df44-cc5c-40c5-b395-bd52d8b2f563",
            "2a3edd3a-d4ce-4d57-87f6-7d1e71cc638d",
            "cc15806f-8e04-4808-af5e-e27bd3a16444",
            "4204c3d0-053b-4553-baaf-a5d826775916",
            "7ecb43a2-13eb-4b2d-b0da-c5ea5466dcca",
            "ed235f51-89b3-4185-8856-283765001d28",
            "ef202601-c215-4c02-8eb5-12fc2aae8c06",
            "a1d52b49-166b-4f3c-b9e6-1ea7f9f12348",
            "13a1d143-886b-4042-b525-8fdbe160978f",
            "25f695dc-f715-4428-a42c-d150a5317274",
            "2aebf409-6b3a-4635-abc8-a81af3ba7ebd",
            "5f2cda15-c9d2-4c76-966d-75d78d4a61c2",
            "0cd54952-df59-4e5b-b98d-bd3988ba5431",
            "26a44b76-0e9f-4a0b-a60f-648320a07bcd",
            "a37d37be-8403-4c93-b4c6-c2ee9e2b416b",
            "d42970b9-bf6d-4ebf-9b2e-696045acbc3d",
            "acc5167d-326b-440f-b8bd-c4cfd51dd7b0",
            "e1013a90-62b8-4e08-b204-f3fea3811585",
            "693ba5f9-4895-45b9-b9c8-2dde17d99d52",
            "174a0f26-6577-4d13-a25e-6e259c1001b8",
            "72ed3c96-e643-4f47-893a-7cc8fcea9276",
            "7cc4576b-e6a8-4615-be81-9eeb269484c1",
            "09c7f11b-228c-43e9-9050-140facbf83c0",
            "70d014dc-82cd-482a-a294-01bde31beeb7",
            "8a9ecf2c-9e46-4e1b-949f-40aadfd64169",
            "e2731d6e-eca7-430f-956a-28492804fc61",
            "e944bcd4-8b05-487a-8a9e-771883f36fc6",
            "b0023a33-3397-4456-b081-68aa8b5fc465",
            "7b7d8b80-cd80-4a6a-a1cf-d870046e285f",
            "4d5349d2-a0db-4878-bc71-cc10012581e1",
            "86270617-a9cd-4a6f-b377-7bfb78c0a16d",
            "a46a1227-51bf-4250-b9f8-2b438d9a35a2",
            "70211484-4911-448c-b42e-6381ac81fa09",
            "01c6fd92-ae6d-4345-bb1d-e9c1a9ff38dd",
            "beab11c9-53bc-4bab-8256-289520e27b50",
            "43f3d526-2ce9-4ffa-bfd9-d383091b80e3",
            "95a2e8ef-d906-499f-b1f5-e6c09e8661a0",
            "a8a18b01-b7a6-4c3c-95bf-2f51762ff8ad",
            "4ed36354-6399-43bf-aa5d-931c8bf42fe5",
            "c171d898-6e7e-46fe-bb1f-a550a23212c9",
            "50eca172-dfa6-405a-b9de-ccb793ae2e2f",
            "c8f4b033-7c5c-4c70-8193-e34ca61d829f",
            "8ef81482-5986-4587-bd12-24f86cd9032c",
            "42310edc-715b-4a76-a4c3-78aaf6989d1d",
            "b074659f-4fc4-4c5f-a8d0-34fcad99803f",
            "cf1b9204-aa18-48ff-ae0e-ea8682746a6e",
            "c72dd9cb-5857-475a-a3fd-87ce24914867",
            "a8d2148d-bc00-4247-bf59-61c3a41c9a91",
            "2f36b57b-6848-4c6f-9d2d-dd676a764700",
            "d563c980-4363-4742-9aa3-fb6f7953a30e",
            "c8f7a54f-a566-445c-a4c8-84510504e245",
            "f89f4620-1d33-452f-b381-eea5f3d130b1",
            "863c39b1-5709-4bb4-8d86-61e9fbc05c01",
            "d7ac2b32-3ed2-4cf6-8817-8f7a4b46d65c",
            "90cfed0d-a38e-4423-a8c8-8de9f7341938",
            "1e49efdd-2f50-46ef-a387-9a42e484456d",
            "95309a4e-dacc-4886-887a-f1138c64e58e"
          ],
          "failures": [
            "24059e47-d59c-460d-bfa2-3901d7fda212",
            "7bb576bc-c8e2-4f02-87e9-c3ac75d3a5df"
          ],
          "pending": [],
          "skipped": [],
          "duration": 164842,
          "root": false,
          "rootEmpty": false,
          "_timeout": 2000
        }
      ],
      "passes": [],
      "failures": [],
      "pending": [],
      "skipped": [],
      "duration": 0,
      "root": true,
      "rootEmpty": true,
      "_timeout": 2000
    }
  ],
  "meta": {
    "mocha": {
      "version": "7.0.1"
    },
    "mochawesome": {
      "options": {
        "quiet": false,
        "reportFilename": "mochawesome",
        "saveHtml": false,
        "saveJson": true,
        "consoleReporter": "spec",
        "useInlineDiffs": false,
        "code": true
      },
      "version": "6.2.2"
    },
    "marge": {
      "options": {
        "overwrite": false,
        "html": false,
        "json": true
      },
      "version": "5.2.0"
    }
  }
}