{
  "stats": {
    "suites": 1,
    "tests": 21,
    "passes": 21,
    "pending": 0,
    "failures": 0,
    "start": "2021-07-01T15:18:06.828Z",
    "end": "2021-07-01T15:18:28.563Z",
    "duration": 21735,
    "testsRegistered": 21,
    "passPercent": 100,
    "pendingPercent": 0,
    "other": 0,
    "hasOther": false,
    "skipped": 0,
    "hasSkipped": false
  },
  "results": [
    {
      "uuid": "2da66f79-ca3d-411f-9ace-a3ad6a79951d",
      "title": "",
      "fullFile": "cypress/integration/005_patientoverview_spec.js",
      "file": "cypress/integration/005_patientoverview_spec.js",
      "beforeHooks": [],
      "afterHooks": [],
      "tests": [],
      "suites": [
        {
          "uuid": "5d23c32e-3e2c-4b86-8716-a129a2ffc5fb",
          "title": "005_Patient Overview Page",
          "fullFile": "",
          "file": "",
          "beforeHooks": [],
          "afterHooks": [],
          "tests": [
            {
              "title": "5.1_EyeDiagnoses_isAvailable",
              "fullTitle": "005_Patient Overview Page 5.1_EyeDiagnoses_isAvailable",
              "timedOut": null,
              "duration": 17582,
              "state": "passed",
              "speed": "slow",
              "pass": true,
              "fail": false,
              "pending": false,
              "context": null,
              "code": "cy.get(\"#idg-ele-view-eye-diagnoses>header>.element-title\").should('have.text', 'Eye Diagnoses');",
              "err": {},
              "uuid": "a3fcba98-9e18-4a56-9121-7cceb6cbe200",
              "parentUUID": "5d23c32e-3e2c-4b86-8716-a129a2ffc5fb",
              "isHook": false,
              "skipped": false
            },
            {
              "title": "5.2_EyeProcedures_isAvailable",
              "fullTitle": "005_Patient Overview Page 5.2_EyeProcedures_isAvailable",
              "timedOut": null,
              "duration": 50,
              "state": "passed",
              "speed": "medium",
              "pass": true,
              "fail": false,
              "pending": false,
              "context": null,
              "code": "cy.get(\"#idg-ele-view-eye-procedures>header>.element-title\").should('have.text', 'Eye Procedures');",
              "err": {},
              "uuid": "ff2467ff-866d-4d71-8677-8a7f7b8adf8f",
              "parentUUID": "5d23c32e-3e2c-4b86-8716-a129a2ffc5fb",
              "isHook": false,
              "skipped": false
            },
            {
              "title": "5.3_EyeMedications_isAvailable",
              "fullTitle": "005_Patient Overview Page 5.3_EyeMedications_isAvailable",
              "timedOut": null,
              "duration": 31,
              "state": "passed",
              "speed": "fast",
              "pass": true,
              "fail": false,
              "pending": false,
              "context": null,
              "code": "cy.get(\"#idg-ele-view-eye-medications>header>.element-title\").should('have.text', 'Eye Medications');",
              "err": {},
              "uuid": "1316a66c-def4-4d2c-bf91-002258a238e3",
              "parentUUID": "5d23c32e-3e2c-4b86-8716-a129a2ffc5fb",
              "isHook": false,
              "skipped": false
            },
            {
              "title": "5.4_ManagementSummaries_isAvailable",
              "fullTitle": "005_Patient Overview Page 5.4_ManagementSummaries_isAvailable",
              "timedOut": null,
              "duration": 40,
              "state": "passed",
              "speed": "medium",
              "pass": true,
              "fail": false,
              "pending": false,
              "context": null,
              "code": "cy.get(\"#idg-ele-view-management-summaries>header>.element-title\").should('have.text', 'Management Summaries');",
              "err": {},
              "uuid": "9133feca-a06f-4344-b411-30add04db299",
              "parentUUID": "5d23c32e-3e2c-4b86-8716-a129a2ffc5fb",
              "isHook": false,
              "skipped": false
            },
            {
              "title": "5.5_ViewAppointmentSection_isAvailable",
              "fullTitle": "005_Patient Overview Page 5.5_ViewAppointmentSection_isAvailable",
              "timedOut": null,
              "duration": 31,
              "state": "passed",
              "speed": "fast",
              "pass": true,
              "fail": false,
              "pending": false,
              "context": null,
              "code": "cy.get(\"#idg-ele-view-appointments>header>.element-title\").should('have.text', 'Appointments');",
              "err": {},
              "uuid": "dddf0d73-8ff1-4719-940e-d858202c456d",
              "parentUUID": "5d23c32e-3e2c-4b86-8716-a129a2ffc5fb",
              "isHook": false,
              "skipped": false
            },
            {
              "title": "5.6_Problems & Plans_isAvailable",
              "fullTitle": "005_Patient Overview Page 5.6_Problems & Plans_isAvailable",
              "timedOut": null,
              "duration": 64,
              "state": "passed",
              "speed": "medium",
              "pass": true,
              "fail": false,
              "pending": false,
              "context": null,
              "code": "cy.get(\".element-header>.element-title\").eq(5).should('have.text', 'Problems & Plans');",
              "err": {},
              "uuid": "74387acd-afeb-4987-b1c4-e67d9b484d0c",
              "parentUUID": "5d23c32e-3e2c-4b86-8716-a129a2ffc5fb",
              "isHook": false,
              "skipped": false
            },
            {
              "title": "5.7_EventHistory_isAvailable",
              "fullTitle": "005_Patient Overview Page 5.7_EventHistory_isAvailable",
              "timedOut": null,
              "duration": 76,
              "state": "passed",
              "speed": "slow",
              "pass": true,
              "fail": false,
              "pending": false,
              "context": null,
              "code": "cy.get(\".fade\").eq(5).should('contain', 'ted:');",
              "err": {},
              "uuid": "b06c57fc-9a57-4f12-95eb-c28bb3bccec0",
              "parentUUID": "5d23c32e-3e2c-4b86-8716-a129a2ffc5fb",
              "isHook": false,
              "skipped": false
            },
            {
              "title": "5.8_Alergies&Alerts_isAvailable",
              "fullTitle": "005_Patient Overview Page 5.8_Alergies&Alerts_isAvailable",
              "timedOut": null,
              "duration": 180,
              "state": "passed",
              "speed": "slow",
              "pass": true,
              "fail": false,
              "pending": false,
              "context": null,
              "code": "cy.get(\".patient-allergies-risks\").should('be.visible').trigger('mouseover');\ncy.get(\".cols-left > .popup-overflow > .alert-box > strong\").should('contain', 'Allergies');\ncy.get(\".cols-right>.popup-overflow>.alert-box>strong\").should('contain', 'Alerts');",
              "err": {},
              "uuid": "64f832c6-1483-4235-b33b-32089215bcd8",
              "parentUUID": "5d23c32e-3e2c-4b86-8716-a129a2ffc5fb",
              "isHook": false,
              "skipped": false
            },
            {
              "title": "5.9_PatientInfo_isAvailable",
              "fullTitle": "005_Patient Overview Page 5.9_PatientInfo_isAvailable",
              "timedOut": null,
              "duration": 289,
              "state": "passed",
              "speed": "slow",
              "pass": true,
              "fail": false,
              "pending": false,
              "context": null,
              "code": "cy.get(\"#js-demographics-btn\").should('be.visible').trigger('mouseover'); // Demographics\ncy.get(\".patient-popup-demographics>.flex-layout>.cols-left>.popup-overflow>.subtitle\").should('contain', 'Demographics'); // PAS Contacts\ncy.get(\".popup-overflow>.patient-demographics>tbody\").eq(1).children(\"tr\").eq(0).children(\"td\").children(\"h2\").should('contain', 'PAS Contacts');",
              "err": {},
              "uuid": "d610f3b5-d647-4cfc-839c-bfef86417a21",
              "parentUUID": "5d23c32e-3e2c-4b86-8716-a129a2ffc5fb",
              "isHook": false,
              "skipped": false
            },
            {
              "title": "5.10_PatientManagement_ManagementSummaries_isAvailable",
              "fullTitle": "005_Patient Overview Page 5.10_PatientManagement_ManagementSummaries_isAvailable",
              "timedOut": null,
              "duration": 187,
              "state": "passed",
              "speed": "slow",
              "pass": true,
              "fail": false,
              "pending": false,
              "context": null,
              "code": "cy.get(\".patient-management\").should('be.visible').trigger('mouseover');\ncy.get(\".popup-overflow\").eq(2).children(\".subtitle\").should('contain', 'Management Summaries');",
              "err": {},
              "uuid": "7d34a7f0-fed1-45f1-aed3-1607d7592905",
              "parentUUID": "5d23c32e-3e2c-4b86-8716-a129a2ffc5fb",
              "isHook": false,
              "skipped": false
            },
            {
              "title": "5.11_PatientManagement_Appointments_isAvailable",
              "fullTitle": "005_Patient Overview Page 5.11_PatientManagement_Appointments_isAvailable",
              "timedOut": null,
              "duration": 208,
              "state": "passed",
              "speed": "slow",
              "pass": true,
              "fail": false,
              "pending": false,
              "context": null,
              "code": "cy.get(\".patient-management\").should('be.visible').trigger('mouseover');\ncy.get(\".popup-overflow\").eq(3).children(\".subtitle\").should('contain', 'Appointments');",
              "err": {},
              "uuid": "36f114f9-91a2-4f9f-9858-b7a023d7e27c",
              "parentUUID": "5d23c32e-3e2c-4b86-8716-a129a2ffc5fb",
              "isHook": false,
              "skipped": false
            },
            {
              "title": "5.12_PatientManagement_Problems&Plans_isAvailable",
              "fullTitle": "005_Patient Overview Page 5.12_PatientManagement_Problems&Plans_isAvailable",
              "timedOut": null,
              "duration": 180,
              "state": "passed",
              "speed": "slow",
              "pass": true,
              "fail": false,
              "pending": false,
              "context": null,
              "code": "cy.get(\".patient-management\").should('be.visible').trigger('mouseover');\ncy.get(\".problems-plans\").eq(1).children(\"h3\").should('contain', 'Problems & Plans');",
              "err": {},
              "uuid": "44ad9bd4-3675-4dc7-9731-4542c27cd37d",
              "parentUUID": "5d23c32e-3e2c-4b86-8716-a129a2ffc5fb",
              "isHook": false,
              "skipped": false
            },
            {
              "title": "5.13_PatientManagement_EventHistory(PastAppointments)_isAvailable",
              "fullTitle": "005_Patient Overview Page 5.13_PatientManagement_EventHistory(PastAppointments)_isAvailable",
              "timedOut": null,
              "duration": 190,
              "state": "passed",
              "speed": "slow",
              "pass": true,
              "fail": false,
              "pending": false,
              "context": null,
              "code": "cy.get(\".patient-management\").should('be.visible').trigger('mouseover');\ncy.get(\".js-get-past-appointments\").eq(0).children(\"h3\").should('contain', 'Past Appointments');",
              "err": {},
              "uuid": "366d4475-65e0-4ff0-86bd-c31c6fec90f3",
              "parentUUID": "5d23c32e-3e2c-4b86-8716-a129a2ffc5fb",
              "isHook": false,
              "skipped": false
            },
            {
              "title": "5.14_PatientQuickSummary_EyeDiagnoses_isAvailable",
              "fullTitle": "005_Patient Overview Page 5.14_PatientQuickSummary_EyeDiagnoses_isAvailable",
              "timedOut": null,
              "duration": 231,
              "state": "passed",
              "speed": "slow",
              "pass": true,
              "fail": false,
              "pending": false,
              "context": null,
              "code": "cy.get(\"#js-quicklook-btn\").should('be.visible').trigger('mouseover');\ncy.get(\".oe-popup-overflow\").children(\".group\").children(\".label\").eq(0).should('contain', 'Eye Diagnoses');",
              "err": {},
              "uuid": "ffaea3c8-c5d7-47eb-9af8-dde1e39a8086",
              "parentUUID": "5d23c32e-3e2c-4b86-8716-a129a2ffc5fb",
              "isHook": false,
              "skipped": false
            },
            {
              "title": "5.15_PatientQuickSummary_Systemic Diagnoses_isAvailable",
              "fullTitle": "005_Patient Overview Page 5.15_PatientQuickSummary_Systemic Diagnoses_isAvailable",
              "timedOut": null,
              "duration": 295,
              "state": "passed",
              "speed": "slow",
              "pass": true,
              "fail": false,
              "pending": false,
              "context": null,
              "code": "cy.get(\"#js-quicklook-btn\").should('be.visible').trigger('mouseover');\ncy.get(\".oe-popup-overflow\").children(\".group\").children(\".label\").eq(1).should('contain', 'Systemic Diagnoses');",
              "err": {},
              "uuid": "06a7ac7e-160f-4a26-a23d-0a794789be3b",
              "parentUUID": "5d23c32e-3e2c-4b86-8716-a129a2ffc5fb",
              "isHook": false,
              "skipped": false
            },
            {
              "title": "5.16_PatientQuickSummary_EyeProcedures_isAvailable",
              "fullTitle": "005_Patient Overview Page 5.16_PatientQuickSummary_EyeProcedures_isAvailable",
              "timedOut": null,
              "duration": 249,
              "state": "passed",
              "speed": "slow",
              "pass": true,
              "fail": false,
              "pending": false,
              "context": null,
              "code": "cy.get(\"#js-quicklook-btn\").should('be.visible').trigger('mouseover');\ncy.get(\".oe-popup-overflow\").children(\".group\").children(\".label\").eq(2).should('contain', 'Eye Procedures');",
              "err": {},
              "uuid": "62e7bdd3-35ee-430b-899e-610cc5cd307f",
              "parentUUID": "5d23c32e-3e2c-4b86-8716-a129a2ffc5fb",
              "isHook": false,
              "skipped": false
            },
            {
              "title": "5.17_PatientQuickSummary_SystemicProcedures_isAvailable",
              "fullTitle": "005_Patient Overview Page 5.17_PatientQuickSummary_SystemicProcedures_isAvailable",
              "timedOut": null,
              "duration": 313,
              "state": "passed",
              "speed": "slow",
              "pass": true,
              "fail": false,
              "pending": false,
              "context": null,
              "code": "cy.get(\"#js-quicklook-btn\").should('be.visible').trigger('mouseover');\ncy.get(\".oe-popup-overflow\").children(\".group\").children(\".label\").eq(3).should('contain', 'Systemic Procedures');",
              "err": {},
              "uuid": "4d4c656c-63b2-4395-8ef4-20f85f3b04b1",
              "parentUUID": "5d23c32e-3e2c-4b86-8716-a129a2ffc5fb",
              "isHook": false,
              "skipped": false
            },
            {
              "title": "5.18_PatientQuickSummary_SystemicMedications_isAvailable",
              "fullTitle": "005_Patient Overview Page 5.18_PatientQuickSummary_SystemicMedications_isAvailable",
              "timedOut": null,
              "duration": 240,
              "state": "passed",
              "speed": "slow",
              "pass": true,
              "fail": false,
              "pending": false,
              "context": null,
              "code": "cy.get(\"#js-quicklook-btn\").should('be.visible').trigger('mouseover');\ncy.get(\".oe-popup-overflow\").children(\".group\").children(\".label\").eq(4).should('contain', 'Systemic Medications');",
              "err": {},
              "uuid": "bbb63bac-f55d-4fce-83df-205dd7967ae6",
              "parentUUID": "5d23c32e-3e2c-4b86-8716-a129a2ffc5fb",
              "isHook": false,
              "skipped": false
            },
            {
              "title": "5.19_PatientQuickSummary_EyeMedications_isAvailable",
              "fullTitle": "005_Patient Overview Page 5.19_PatientQuickSummary_EyeMedications_isAvailable",
              "timedOut": null,
              "duration": 233,
              "state": "passed",
              "speed": "slow",
              "pass": true,
              "fail": false,
              "pending": false,
              "context": null,
              "code": "cy.get(\"#js-quicklook-btn\").should('be.visible').trigger('mouseover');\ncy.get(\".oe-popup-overflow\").children(\".group\").children(\".label\").eq(5).should('contain', 'Eye Medications');",
              "err": {},
              "uuid": "739ddfe8-1e6d-48e8-898d-333e0ce55b37",
              "parentUUID": "5d23c32e-3e2c-4b86-8716-a129a2ffc5fb",
              "isHook": false,
              "skipped": false
            },
            {
              "title": "5.20_PatientQuickSummary_FamilyHistory_isAvailable",
              "fullTitle": "005_Patient Overview Page 5.20_PatientQuickSummary_FamilyHistory_isAvailable",
              "timedOut": null,
              "duration": 242,
              "state": "passed",
              "speed": "slow",
              "pass": true,
              "fail": false,
              "pending": false,
              "context": null,
              "code": "cy.get(\"#js-quicklook-btn\").should('be.visible').trigger('mouseover');\ncy.get(\".oe-popup-overflow\").children(\".group\").children(\".label\").eq(6).should('contain', 'Family History');",
              "err": {},
              "uuid": "cdd6a5bd-682a-416a-9321-68b547cef4f6",
              "parentUUID": "5d23c32e-3e2c-4b86-8716-a129a2ffc5fb",
              "isHook": false,
              "skipped": false
            },
            {
              "title": "5.21_PatientQuickSummary_SocialHistory_isAvailable",
              "fullTitle": "005_Patient Overview Page 5.21_PatientQuickSummary_SocialHistory_isAvailable",
              "timedOut": null,
              "duration": 283,
              "state": "passed",
              "speed": "slow",
              "pass": true,
              "fail": false,
              "pending": false,
              "context": null,
              "code": "cy.get(\"#js-quicklook-btn\").should('be.visible').trigger('mouseover');\ncy.get(\".oe-popup-overflow\").children(\".group\").children(\".label\").eq(7).should('contain', 'Social History');",
              "err": {},
              "uuid": "277c3325-4f97-4387-8247-3fddb0941686",
              "parentUUID": "5d23c32e-3e2c-4b86-8716-a129a2ffc5fb",
              "isHook": false,
              "skipped": false
            }
          ],
          "suites": [],
          "passes": [
            "a3fcba98-9e18-4a56-9121-7cceb6cbe200",
            "ff2467ff-866d-4d71-8677-8a7f7b8adf8f",
            "1316a66c-def4-4d2c-bf91-002258a238e3",
            "9133feca-a06f-4344-b411-30add04db299",
            "dddf0d73-8ff1-4719-940e-d858202c456d",
            "74387acd-afeb-4987-b1c4-e67d9b484d0c",
            "b06c57fc-9a57-4f12-95eb-c28bb3bccec0",
            "64f832c6-1483-4235-b33b-32089215bcd8",
            "d610f3b5-d647-4cfc-839c-bfef86417a21",
            "7d34a7f0-fed1-45f1-aed3-1607d7592905",
            "36f114f9-91a2-4f9f-9858-b7a023d7e27c",
            "44ad9bd4-3675-4dc7-9731-4542c27cd37d",
            "366d4475-65e0-4ff0-86bd-c31c6fec90f3",
            "ffaea3c8-c5d7-47eb-9af8-dde1e39a8086",
            "06a7ac7e-160f-4a26-a23d-0a794789be3b",
            "62e7bdd3-35ee-430b-899e-610cc5cd307f",
            "4d4c656c-63b2-4395-8ef4-20f85f3b04b1",
            "bbb63bac-f55d-4fce-83df-205dd7967ae6",
            "739ddfe8-1e6d-48e8-898d-333e0ce55b37",
            "cdd6a5bd-682a-416a-9321-68b547cef4f6",
            "277c3325-4f97-4387-8247-3fddb0941686"
          ],
          "failures": [],
          "pending": [],
          "skipped": [],
          "duration": 21194,
          "root": false,
          "rootEmpty": false,
          "_timeout": 2000
        }
      ],
      "passes": [],
      "failures": [],
      "pending": [],
      "skipped": [],
      "duration": 0,
      "root": true,
      "rootEmpty": true,
      "_timeout": 2000
    }
  ],
  "meta": {
    "mocha": {
      "version": "7.0.1"
    },
    "mochawesome": {
      "options": {
        "quiet": false,
        "reportFilename": "mochawesome",
        "saveHtml": false,
        "saveJson": true,
        "consoleReporter": "spec",
        "useInlineDiffs": false,
        "code": true
      },
      "version": "6.2.2"
    },
    "marge": {
      "options": {
        "overwrite": false,
        "html": false,
        "json": true,
        "charts": true
      },
      "version": "5.2.0"
    }
  }
}