{
  "stats": {
    "suites": 1,
    "tests": 2,
    "passes": 2,
    "pending": 0,
    "failures": 0,
    "start": "2021-07-06T05:45:13.572Z",
    "end": "2021-07-06T05:45:31.372Z",
    "duration": 17800,
    "testsRegistered": 2,
    "passPercent": 100,
    "pendingPercent": 0,
    "other": 0,
    "hasOther": false,
    "skipped": 0,
    "hasSkipped": false
  },
  "results": [
    {
      "uuid": "41fefd61-5ce0-41be-8619-9536aeac60b4",
      "title": "",
      "fullFile": "cypress/integration/001_login_spec.js",
      "file": "cypress/integration/001_login_spec.js",
      "beforeHooks": [],
      "afterHooks": [],
      "tests": [],
      "suites": [
        {
          "uuid": "47f62d8f-3155-4c02-82fc-bc44911418e5",
          "title": "001_Visit Website and Login",
          "fullFile": "",
          "file": "",
          "beforeHooks": [],
          "afterHooks": [],
          "tests": [
            {
              "title": "1.1_Visit OE Login Page and Check Title",
              "fullTitle": "001_Visit Website and Login 1.1_Visit OE Login Page and Check Title",
              "timedOut": null,
              "duration": 12658,
              "state": "passed",
              "speed": "slow",
              "pass": true,
              "fail": false,
              "pending": false,
              "context": null,
              "code": "cy.visit('/site/login');\ncy.get('body').then($body => {\n  if ($body.find('#js-logout-btn').length) {\n    cy.get(\"#js-logout-btn\").should('be.visible').click();\n  }\n});\ncy.title().should('eq', 'OpenEyes - Login - OE');",
              "err": {},
              "uuid": "504108ab-20a6-4526-9d37-635c1d3c05b2",
              "parentUUID": "47f62d8f-3155-4c02-82fc-bc44911418e5",
              "isHook": false,
              "skipped": false
            },
            {
              "title": "1.2_Login with Valid Credentials and reach Landing Page",
              "fullTitle": "001_Visit Website and Login 1.2_Login with Valid Credentials and reach Landing Page",
              "timedOut": null,
              "duration": 5002,
              "state": "passed",
              "speed": "slow",
              "pass": true,
              "fail": false,
              "pending": false,
              "context": null,
              "code": "cy.login();\ncy.title().should('eq', 'Home - OE');",
              "err": {},
              "uuid": "76befa33-579d-4b33-8b67-6a4648872656",
              "parentUUID": "47f62d8f-3155-4c02-82fc-bc44911418e5",
              "isHook": false,
              "skipped": false
            }
          ],
          "suites": [],
          "passes": [
            "504108ab-20a6-4526-9d37-635c1d3c05b2",
            "76befa33-579d-4b33-8b67-6a4648872656"
          ],
          "failures": [],
          "pending": [],
          "skipped": [],
          "duration": 17660,
          "root": false,
          "rootEmpty": false,
          "_timeout": 2000
        }
      ],
      "passes": [],
      "failures": [],
      "pending": [],
      "skipped": [],
      "duration": 0,
      "root": true,
      "rootEmpty": true,
      "_timeout": 2000
    }
  ],
  "meta": {
    "mocha": {
      "version": "7.0.1"
    },
    "mochawesome": {
      "options": {
        "quiet": false,
        "reportFilename": "mochawesome",
        "saveHtml": false,
        "saveJson": true,
        "consoleReporter": "spec",
        "useInlineDiffs": false,
        "code": true
      },
      "version": "6.2.2"
    },
    "marge": {
      "options": {
        "overwrite": false,
        "html": false,
        "json": true,
        "charts": true
      },
      "version": "5.2.0"
    }
  }
}