{
  "stats": {
    "suites": 1,
    "tests": 1,
    "passes": 1,
    "pending": 0,
    "failures": 0,
    "start": "2021-08-10T07:40:29.667Z",
    "end": "2021-08-10T07:40:43.257Z",
    "duration": 13590,
    "testsRegistered": 1,
    "passPercent": 100,
    "pendingPercent": 0,
    "other": 0,
    "hasOther": false,
    "skipped": 0,
    "hasSkipped": false
  },
  "results": [
    {
      "uuid": "73afef77-aef7-4172-8572-15785b9e9dc5",
      "title": "",
      "fullFile": "cypress/integration/004_search_spec.js",
      "file": "cypress/integration/004_search_spec.js",
      "beforeHooks": [],
      "afterHooks": [],
      "tests": [],
      "suites": [
        {
          "uuid": "d35b1bc4-bc5b-4990-a566-0c50dbbbdb4e",
          "title": "004_Search Patient",
          "fullFile": "",
          "file": "",
          "beforeHooks": [],
          "afterHooks": [],
          "tests": [
            {
              "title": "4.1_User lands on Patient Overview Page post Successful Search",
              "fullTitle": "004_Search Patient 4.1_User lands on Patient Overview Page post Successful Search",
              "timedOut": null,
              "duration": 13531,
              "state": "passed",
              "speed": "slow",
              "pass": true,
              "fail": false,
              "pending": false,
              "context": null,
              "code": "// Check Patient Overview has loaded after succesful search\ncy.get(\".event-header-title\").should('be.visible').should('have.text', 'Patient Overview');",
              "err": {},
              "uuid": "e8b4eb4f-3395-4c5c-b039-b5aa71419d50",
              "parentUUID": "d35b1bc4-bc5b-4990-a566-0c50dbbbdb4e",
              "isHook": false,
              "skipped": false
            }
          ],
          "suites": [],
          "passes": [
            "e8b4eb4f-3395-4c5c-b039-b5aa71419d50"
          ],
          "failures": [],
          "pending": [],
          "skipped": [],
          "duration": 13531,
          "root": false,
          "rootEmpty": false,
          "_timeout": 2000
        }
      ],
      "passes": [],
      "failures": [],
      "pending": [],
      "skipped": [],
      "duration": 0,
      "root": true,
      "rootEmpty": true,
      "_timeout": 2000
    }
  ],
  "meta": {
    "mocha": {
      "version": "7.0.1"
    },
    "mochawesome": {
      "options": {
        "quiet": false,
        "reportFilename": "mochawesome",
        "saveHtml": false,
        "saveJson": true,
        "consoleReporter": "spec",
        "useInlineDiffs": false,
        "code": true
      },
      "version": "6.2.2"
    },
    "marge": {
      "options": {
        "overwrite": false,
        "html": false,
        "json": true
      },
      "version": "5.2.0"
    }
  }
}