{
  "stats": {
    "suites": 1,
    "tests": 21,
    "passes": 21,
    "pending": 0,
    "failures": 0,
    "start": "2021-07-05T10:33:29.970Z",
    "end": "2021-07-05T10:33:52.224Z",
    "duration": 22254,
    "testsRegistered": 21,
    "passPercent": 100,
    "pendingPercent": 0,
    "other": 0,
    "hasOther": false,
    "skipped": 0,
    "hasSkipped": false
  },
  "results": [
    {
      "uuid": "c1bbbbb6-3d74-44da-8ffb-6bd410ca1fd6",
      "title": "",
      "fullFile": "cypress/integration/005_patientoverview_spec.js",
      "file": "cypress/integration/005_patientoverview_spec.js",
      "beforeHooks": [],
      "afterHooks": [],
      "tests": [],
      "suites": [
        {
          "uuid": "97aac763-08b6-42b1-8953-bf5a27f06c06",
          "title": "005_Patient Overview Page",
          "fullFile": "",
          "file": "",
          "beforeHooks": [],
          "afterHooks": [],
          "tests": [
            {
              "title": "5.1_EyeDiagnoses_isAvailable",
              "fullTitle": "005_Patient Overview Page 5.1_EyeDiagnoses_isAvailable",
              "timedOut": null,
              "duration": 18296,
              "state": "passed",
              "speed": "slow",
              "pass": true,
              "fail": false,
              "pending": false,
              "context": null,
              "code": "cy.get(\"#idg-ele-view-eye-diagnoses>header>.element-title\").should('have.text', 'Eye Diagnoses');",
              "err": {},
              "uuid": "cfb59a64-4b45-46fc-b06e-e5fa4857452e",
              "parentUUID": "97aac763-08b6-42b1-8953-bf5a27f06c06",
              "isHook": false,
              "skipped": false
            },
            {
              "title": "5.2_EyeProcedures_isAvailable",
              "fullTitle": "005_Patient Overview Page 5.2_EyeProcedures_isAvailable",
              "timedOut": null,
              "duration": 46,
              "state": "passed",
              "speed": "medium",
              "pass": true,
              "fail": false,
              "pending": false,
              "context": null,
              "code": "cy.get(\"#idg-ele-view-eye-procedures>header>.element-title\").should('have.text', 'Eye Procedures');",
              "err": {},
              "uuid": "e2360366-9d9d-49fd-96d6-dbd3cee7f917",
              "parentUUID": "97aac763-08b6-42b1-8953-bf5a27f06c06",
              "isHook": false,
              "skipped": false
            },
            {
              "title": "5.3_EyeMedications_isAvailable",
              "fullTitle": "005_Patient Overview Page 5.3_EyeMedications_isAvailable",
              "timedOut": null,
              "duration": 49,
              "state": "passed",
              "speed": "medium",
              "pass": true,
              "fail": false,
              "pending": false,
              "context": null,
              "code": "cy.get(\"#idg-ele-view-eye-medications>header>.element-title\").should('have.text', 'Eye Medications');",
              "err": {},
              "uuid": "a54baf94-9b31-42ef-b24e-4f2e051f9a04",
              "parentUUID": "97aac763-08b6-42b1-8953-bf5a27f06c06",
              "isHook": false,
              "skipped": false
            },
            {
              "title": "5.4_ManagementSummaries_isAvailable",
              "fullTitle": "005_Patient Overview Page 5.4_ManagementSummaries_isAvailable",
              "timedOut": null,
              "duration": 43,
              "state": "passed",
              "speed": "medium",
              "pass": true,
              "fail": false,
              "pending": false,
              "context": null,
              "code": "cy.get(\"#idg-ele-view-management-summaries>header>.element-title\").should('have.text', 'Management Summaries');",
              "err": {},
              "uuid": "427b67e2-3896-4b6d-88b2-62879b1d8c25",
              "parentUUID": "97aac763-08b6-42b1-8953-bf5a27f06c06",
              "isHook": false,
              "skipped": false
            },
            {
              "title": "5.5_ViewAppointmentSection_isAvailable",
              "fullTitle": "005_Patient Overview Page 5.5_ViewAppointmentSection_isAvailable",
              "timedOut": null,
              "duration": 31,
              "state": "passed",
              "speed": "fast",
              "pass": true,
              "fail": false,
              "pending": false,
              "context": null,
              "code": "cy.get(\"#idg-ele-view-appointments>header>.element-title\").should('have.text', 'Appointments');",
              "err": {},
              "uuid": "ba7445d9-d7a0-4530-8110-a8e0d3c02c08",
              "parentUUID": "97aac763-08b6-42b1-8953-bf5a27f06c06",
              "isHook": false,
              "skipped": false
            },
            {
              "title": "5.6_Problems & Plans_isAvailable",
              "fullTitle": "005_Patient Overview Page 5.6_Problems & Plans_isAvailable",
              "timedOut": null,
              "duration": 50,
              "state": "passed",
              "speed": "medium",
              "pass": true,
              "fail": false,
              "pending": false,
              "context": null,
              "code": "cy.get(\".element-header>.element-title\").eq(5).should('have.text', 'Problems & Plans');",
              "err": {},
              "uuid": "3c1b4f8a-e8d0-449f-a656-e670bea1c13b",
              "parentUUID": "97aac763-08b6-42b1-8953-bf5a27f06c06",
              "isHook": false,
              "skipped": false
            },
            {
              "title": "5.7_EventHistory_isAvailable",
              "fullTitle": "005_Patient Overview Page 5.7_EventHistory_isAvailable",
              "timedOut": null,
              "duration": 71,
              "state": "passed",
              "speed": "medium",
              "pass": true,
              "fail": false,
              "pending": false,
              "context": null,
              "code": "cy.get(\".fade\").eq(5).should('contain', 'ted:');",
              "err": {},
              "uuid": "45b3ffb9-114e-49ab-8524-7f43e51517ed",
              "parentUUID": "97aac763-08b6-42b1-8953-bf5a27f06c06",
              "isHook": false,
              "skipped": false
            },
            {
              "title": "5.8_Allergies&Alerts_isAvailable",
              "fullTitle": "005_Patient Overview Page 5.8_Allergies&Alerts_isAvailable",
              "timedOut": null,
              "duration": 190,
              "state": "passed",
              "speed": "slow",
              "pass": true,
              "fail": false,
              "pending": false,
              "context": null,
              "code": "cy.get(\".patient-allergies-risks\").should('be.visible').trigger('mouseover');\ncy.get(\".cols-left > .popup-overflow > .alert-box > strong\").should('contain', 'Allergies');\ncy.get(\".cols-right>.popup-overflow>.alert-box>strong\").should('contain', 'Alerts');",
              "err": {},
              "uuid": "8bb268b2-7a21-4749-8c0b-fb38412e5f77",
              "parentUUID": "97aac763-08b6-42b1-8953-bf5a27f06c06",
              "isHook": false,
              "skipped": false
            },
            {
              "title": "5.9_PatientInfo_isAvailable",
              "fullTitle": "005_Patient Overview Page 5.9_PatientInfo_isAvailable",
              "timedOut": null,
              "duration": 229,
              "state": "passed",
              "speed": "slow",
              "pass": true,
              "fail": false,
              "pending": false,
              "context": null,
              "code": "cy.get(\"#js-demographics-btn\").should('be.visible').trigger('mouseover'); // Demographics sectuon\ncy.get(\".patient-popup-demographics>.flex-layout>.cols-left>.popup-overflow>.subtitle\").should('contain', 'Demographics'); // PAS Contacts section\ncy.get(\".popup-overflow>.patient-demographics>tbody\").eq(1).children(\"tr\").eq(0).children(\"td\").children(\"h2\").should('contain', 'PAS Contacts');",
              "err": {},
              "uuid": "ef2e9ac6-9f0c-41e4-a5b1-13d6b43e6a06",
              "parentUUID": "97aac763-08b6-42b1-8953-bf5a27f06c06",
              "isHook": false,
              "skipped": false
            },
            {
              "title": "5.10_PatientManagement_ManagementSummaries_isAvailable",
              "fullTitle": "005_Patient Overview Page 5.10_PatientManagement_ManagementSummaries_isAvailable",
              "timedOut": null,
              "duration": 201,
              "state": "passed",
              "speed": "slow",
              "pass": true,
              "fail": false,
              "pending": false,
              "context": null,
              "code": "cy.get(\".patient-management\").should('be.visible').trigger('mouseover');\ncy.get(\".popup-overflow\").eq(2).children(\".subtitle\").should('contain', 'Management Summaries');",
              "err": {},
              "uuid": "deb77253-cd22-44de-b28e-a00372be82e6",
              "parentUUID": "97aac763-08b6-42b1-8953-bf5a27f06c06",
              "isHook": false,
              "skipped": false
            },
            {
              "title": "5.11_PatientManagement_Appointments_isAvailable",
              "fullTitle": "005_Patient Overview Page 5.11_PatientManagement_Appointments_isAvailable",
              "timedOut": null,
              "duration": 278,
              "state": "passed",
              "speed": "slow",
              "pass": true,
              "fail": false,
              "pending": false,
              "context": null,
              "code": "cy.get(\".patient-management\").should('be.visible').trigger('mouseover');\ncy.get(\".popup-overflow\").eq(3).children(\".subtitle\").should('contain', 'Appointments');",
              "err": {},
              "uuid": "2e77c0d6-a8e3-431a-9493-065c3e309185",
              "parentUUID": "97aac763-08b6-42b1-8953-bf5a27f06c06",
              "isHook": false,
              "skipped": false
            },
            {
              "title": "5.12_PatientManagement_Problems&Plans_isAvailable",
              "fullTitle": "005_Patient Overview Page 5.12_PatientManagement_Problems&Plans_isAvailable",
              "timedOut": null,
              "duration": 251,
              "state": "passed",
              "speed": "slow",
              "pass": true,
              "fail": false,
              "pending": false,
              "context": null,
              "code": "cy.get(\".patient-management\").should('be.visible').trigger('mouseover');\ncy.get(\".problems-plans\").eq(1).children(\"h3\").should('contain', 'Problems & Plans');",
              "err": {},
              "uuid": "a161e48c-5180-4edf-90c5-6883bf094b3c",
              "parentUUID": "97aac763-08b6-42b1-8953-bf5a27f06c06",
              "isHook": false,
              "skipped": false
            },
            {
              "title": "5.13_PatientManagement_EventHistory(PastAppointments)_isAvailable",
              "fullTitle": "005_Patient Overview Page 5.13_PatientManagement_EventHistory(PastAppointments)_isAvailable",
              "timedOut": null,
              "duration": 192,
              "state": "passed",
              "speed": "slow",
              "pass": true,
              "fail": false,
              "pending": false,
              "context": null,
              "code": "cy.get(\".patient-management\").should('be.visible').trigger('mouseover');\ncy.get(\".js-get-past-appointments\").eq(0).children(\"h3\").should('contain', 'Past Appointments');",
              "err": {},
              "uuid": "1b4b3715-be1f-4f38-ba2d-881cdc9dfa6b",
              "parentUUID": "97aac763-08b6-42b1-8953-bf5a27f06c06",
              "isHook": false,
              "skipped": false
            },
            {
              "title": "5.14_PatientQuickSummary_EyeDiagnoses_isAvailable",
              "fullTitle": "005_Patient Overview Page 5.14_PatientQuickSummary_EyeDiagnoses_isAvailable",
              "timedOut": null,
              "duration": 240,
              "state": "passed",
              "speed": "slow",
              "pass": true,
              "fail": false,
              "pending": false,
              "context": null,
              "code": "cy.get(\"#js-quicklook-btn\").should('be.visible').trigger('mouseover');\ncy.get(\".oe-popup-overflow\").children(\".group\").children(\".label\").eq(0).should('contain', 'Eye Diagnoses');",
              "err": {},
              "uuid": "563e947f-a309-4bf3-bb34-09e1c0521e0f",
              "parentUUID": "97aac763-08b6-42b1-8953-bf5a27f06c06",
              "isHook": false,
              "skipped": false
            },
            {
              "title": "5.15_PatientQuickSummary_Systemic Diagnoses_isAvailable",
              "fullTitle": "005_Patient Overview Page 5.15_PatientQuickSummary_Systemic Diagnoses_isAvailable",
              "timedOut": null,
              "duration": 278,
              "state": "passed",
              "speed": "slow",
              "pass": true,
              "fail": false,
              "pending": false,
              "context": null,
              "code": "cy.get(\"#js-quicklook-btn\").should('be.visible').trigger('mouseover');\ncy.get(\".oe-popup-overflow\").children(\".group\").children(\".label\").eq(1).should('contain', 'Systemic Diagnoses');",
              "err": {},
              "uuid": "4ce301a4-0920-4de5-8e84-5cb99a5fcbec",
              "parentUUID": "97aac763-08b6-42b1-8953-bf5a27f06c06",
              "isHook": false,
              "skipped": false
            },
            {
              "title": "5.16_PatientQuickSummary_EyeProcedures_isAvailable",
              "fullTitle": "005_Patient Overview Page 5.16_PatientQuickSummary_EyeProcedures_isAvailable",
              "timedOut": null,
              "duration": 203,
              "state": "passed",
              "speed": "slow",
              "pass": true,
              "fail": false,
              "pending": false,
              "context": null,
              "code": "cy.get(\"#js-quicklook-btn\").should('be.visible').trigger('mouseover');\ncy.get(\".oe-popup-overflow\").children(\".group\").children(\".label\").eq(2).should('contain', 'Eye Procedures');",
              "err": {},
              "uuid": "9a9f4d26-9133-4eab-8a8b-66c33314611f",
              "parentUUID": "97aac763-08b6-42b1-8953-bf5a27f06c06",
              "isHook": false,
              "skipped": false
            },
            {
              "title": "5.17_PatientQuickSummary_SystemicProcedures_isAvailable",
              "fullTitle": "005_Patient Overview Page 5.17_PatientQuickSummary_SystemicProcedures_isAvailable",
              "timedOut": null,
              "duration": 233,
              "state": "passed",
              "speed": "slow",
              "pass": true,
              "fail": false,
              "pending": false,
              "context": null,
              "code": "cy.get(\"#js-quicklook-btn\").should('be.visible').trigger('mouseover');\ncy.get(\".oe-popup-overflow\").children(\".group\").children(\".label\").eq(3).should('contain', 'Systemic Procedures');",
              "err": {},
              "uuid": "89f42344-2c10-4fa9-ab92-c5c039eb7627",
              "parentUUID": "97aac763-08b6-42b1-8953-bf5a27f06c06",
              "isHook": false,
              "skipped": false
            },
            {
              "title": "5.18_PatientQuickSummary_SystemicMedications_isAvailable",
              "fullTitle": "005_Patient Overview Page 5.18_PatientQuickSummary_SystemicMedications_isAvailable",
              "timedOut": null,
              "duration": 226,
              "state": "passed",
              "speed": "slow",
              "pass": true,
              "fail": false,
              "pending": false,
              "context": null,
              "code": "cy.get(\"#js-quicklook-btn\").should('be.visible').trigger('mouseover');\ncy.get(\".oe-popup-overflow\").children(\".group\").children(\".label\").eq(4).should('contain', 'Systemic Medications');",
              "err": {},
              "uuid": "d6f9b194-e833-402b-b6c2-41f81ac1ea69",
              "parentUUID": "97aac763-08b6-42b1-8953-bf5a27f06c06",
              "isHook": false,
              "skipped": false
            },
            {
              "title": "5.19_PatientQuickSummary_EyeMedications_isAvailable",
              "fullTitle": "005_Patient Overview Page 5.19_PatientQuickSummary_EyeMedications_isAvailable",
              "timedOut": null,
              "duration": 207,
              "state": "passed",
              "speed": "slow",
              "pass": true,
              "fail": false,
              "pending": false,
              "context": null,
              "code": "cy.get(\"#js-quicklook-btn\").should('be.visible').trigger('mouseover');\ncy.get(\".oe-popup-overflow\").children(\".group\").children(\".label\").eq(5).should('contain', 'Eye Medications');",
              "err": {},
              "uuid": "65bb844a-7c17-46ab-aec6-297bbeb8e1bf",
              "parentUUID": "97aac763-08b6-42b1-8953-bf5a27f06c06",
              "isHook": false,
              "skipped": false
            },
            {
              "title": "5.20_PatientQuickSummary_FamilyHistory_isAvailable",
              "fullTitle": "005_Patient Overview Page 5.20_PatientQuickSummary_FamilyHistory_isAvailable",
              "timedOut": null,
              "duration": 211,
              "state": "passed",
              "speed": "slow",
              "pass": true,
              "fail": false,
              "pending": false,
              "context": null,
              "code": "cy.get(\"#js-quicklook-btn\").should('be.visible').trigger('mouseover');\ncy.get(\".oe-popup-overflow\").children(\".group\").children(\".label\").eq(6).should('contain', 'Family History');",
              "err": {},
              "uuid": "abe0ed72-8947-4202-9289-61560f776cc9",
              "parentUUID": "97aac763-08b6-42b1-8953-bf5a27f06c06",
              "isHook": false,
              "skipped": false
            },
            {
              "title": "5.21_PatientQuickSummary_SocialHistory_isAvailable",
              "fullTitle": "005_Patient Overview Page 5.21_PatientQuickSummary_SocialHistory_isAvailable",
              "timedOut": null,
              "duration": 206,
              "state": "passed",
              "speed": "slow",
              "pass": true,
              "fail": false,
              "pending": false,
              "context": null,
              "code": "cy.get(\"#js-quicklook-btn\").should('be.visible').trigger('mouseover');\ncy.get(\".oe-popup-overflow\").children(\".group\").children(\".label\").eq(7).should('contain', 'Social History');",
              "err": {},
              "uuid": "d3588e35-4b40-4505-991b-68e92739e143",
              "parentUUID": "97aac763-08b6-42b1-8953-bf5a27f06c06",
              "isHook": false,
              "skipped": false
            }
          ],
          "suites": [],
          "passes": [
            "cfb59a64-4b45-46fc-b06e-e5fa4857452e",
            "e2360366-9d9d-49fd-96d6-dbd3cee7f917",
            "a54baf94-9b31-42ef-b24e-4f2e051f9a04",
            "427b67e2-3896-4b6d-88b2-62879b1d8c25",
            "ba7445d9-d7a0-4530-8110-a8e0d3c02c08",
            "3c1b4f8a-e8d0-449f-a656-e670bea1c13b",
            "45b3ffb9-114e-49ab-8524-7f43e51517ed",
            "8bb268b2-7a21-4749-8c0b-fb38412e5f77",
            "ef2e9ac6-9f0c-41e4-a5b1-13d6b43e6a06",
            "deb77253-cd22-44de-b28e-a00372be82e6",
            "2e77c0d6-a8e3-431a-9493-065c3e309185",
            "a161e48c-5180-4edf-90c5-6883bf094b3c",
            "1b4b3715-be1f-4f38-ba2d-881cdc9dfa6b",
            "563e947f-a309-4bf3-bb34-09e1c0521e0f",
            "4ce301a4-0920-4de5-8e84-5cb99a5fcbec",
            "9a9f4d26-9133-4eab-8a8b-66c33314611f",
            "89f42344-2c10-4fa9-ab92-c5c039eb7627",
            "d6f9b194-e833-402b-b6c2-41f81ac1ea69",
            "65bb844a-7c17-46ab-aec6-297bbeb8e1bf",
            "abe0ed72-8947-4202-9289-61560f776cc9",
            "d3588e35-4b40-4505-991b-68e92739e143"
          ],
          "failures": [],
          "pending": [],
          "skipped": [],
          "duration": 21731,
          "root": false,
          "rootEmpty": false,
          "_timeout": 2000
        }
      ],
      "passes": [],
      "failures": [],
      "pending": [],
      "skipped": [],
      "duration": 0,
      "root": true,
      "rootEmpty": true,
      "_timeout": 2000
    }
  ],
  "meta": {
    "mocha": {
      "version": "7.0.1"
    },
    "mochawesome": {
      "options": {
        "quiet": false,
        "reportFilename": "mochawesome",
        "saveHtml": false,
        "saveJson": true,
        "consoleReporter": "spec",
        "useInlineDiffs": false,
        "code": true
      },
      "version": "6.2.2"
    },
    "marge": {
      "options": {
        "overwrite": false,
        "html": false,
        "json": true,
        "charts": true
      },
      "version": "5.2.0"
    }
  }
}