{
  "stats": {
    "suites": 1,
    "tests": 31,
    "passes": 30,
    "pending": 0,
    "failures": 1,
    "start": "2021-08-10T07:44:02.673Z",
    "end": "2021-08-10T07:45:02.210Z",
    "duration": 59537,
    "testsRegistered": 31,
    "passPercent": 96.7741935483871,
    "pendingPercent": 0,
    "other": 0,
    "hasOther": false,
    "skipped": 0,
    "hasSkipped": false
  },
  "results": [
    {
      "uuid": "32ca4fee-6aad-4369-b6e3-00769c583999",
      "title": "",
      "fullFile": "cypress/integration/070_operationbookingevent_spec.js",
      "file": "cypress/integration/070_operationbookingevent_spec.js",
      "beforeHooks": [],
      "afterHooks": [],
      "tests": [],
      "suites": [
        {
          "uuid": "9a4ed352-667f-4d1f-adfc-239a96a90800",
          "title": "070_Operation Booking Event",
          "fullFile": "",
          "file": "",
          "beforeHooks": [],
          "afterHooks": [],
          "tests": [
            {
              "title": "070.1_Check_Add_Event_Button_And_Click",
              "fullTitle": "070_Operation Booking Event 070.1_Check_Add_Event_Button_And_Click",
              "timedOut": null,
              "duration": 20199,
              "state": "passed",
              "speed": "slow",
              "pass": true,
              "fail": false,
              "pending": false,
              "context": null,
              "code": "//Check and click the Add Event button\ncy.get(\"#add-event\").should('be.visible').click();",
              "err": {},
              "uuid": "208364fc-a111-433b-a34a-cb1d9da99bf7",
              "parentUUID": "9a4ed352-667f-4d1f-adfc-239a96a90800",
              "isHook": false,
              "skipped": false
            },
            {
              "title": "070.2_Check_Operation_Booking_Link_And_Click",
              "fullTitle": "070_Operation Booking Event 070.2_Check_Operation_Booking_Link_And_Click",
              "timedOut": null,
              "duration": 5170,
              "state": "passed",
              "speed": "slow",
              "pass": true,
              "fail": false,
              "pending": false,
              "context": null,
              "code": "//Check and click the Add Operation Booking Event link\ncy.get(\"#OphTrOperationbooking-link\").should('be.visible').click();",
              "err": {},
              "uuid": "aa4dba86-55c5-483c-be21-8573b8b90e62",
              "parentUUID": "9a4ed352-667f-4d1f-adfc-239a96a90800",
              "isHook": false,
              "skipped": false
            },
            {
              "title": "070.3_Check_Add_Operation_Booking_Page_Loaded_Successfully",
              "fullTitle": "070_Operation Booking Event 070.3_Check_Add_Operation_Booking_Page_Loaded_Successfully",
              "timedOut": null,
              "duration": 31,
              "state": "passed",
              "speed": "fast",
              "pass": true,
              "fail": false,
              "pending": false,
              "context": null,
              "code": "//Check that the Operation Booking Event page is loaded successfully, by verifying the page-headers\ncy.fixture(\"operationbooking.json\").then(operationbooking => {\n  cy.get('.event-title').should('contain', operationbooking.Operation_booking_header);\n});",
              "err": {},
              "uuid": "0dc830bc-9633-436d-8f97-299602bd5a53",
              "parentUUID": "9a4ed352-667f-4d1f-adfc-239a96a90800",
              "isHook": false,
              "skipped": false
            },
            {
              "title": "070.4_Check_Diagnosis_Options",
              "fullTitle": "070_Operation Booking Event 070.4_Check_Diagnosis_Options",
              "timedOut": null,
              "duration": 29,
              "state": "passed",
              "speed": "fast",
              "pass": true,
              "fail": false,
              "pending": false,
              "context": null,
              "code": "//To verify that Both is selected\ncy.get(\"#Element_OphTrOperationbooking_Diagnosis_eye_id_3\").should('be.visible').should('be.checked');",
              "err": {},
              "uuid": "88acb1b2-9b23-4bde-b4f6-c50fead9186c",
              "parentUUID": "9a4ed352-667f-4d1f-adfc-239a96a90800",
              "isHook": false,
              "skipped": false
            },
            {
              "title": "070.5_Check_Diagnosis",
              "fullTitle": "070_Operation Booking Event 070.5_Check_Diagnosis",
              "timedOut": null,
              "duration": 30,
              "state": "passed",
              "speed": "fast",
              "pass": true,
              "fail": false,
              "pending": false,
              "context": null,
              "code": "//to verify that the Diagnosis is pre-populated with the value provided as \"Diagnosis\", in the operationbooking json file\ncy.fixture(\"operationbooking.json\").then(operationbooking => {\n  cy.get(\"#enteredDiagnosisText\").should('be.visible').contains(operationbooking.Diagnosis);\n});",
              "err": {},
              "uuid": "2a9e72e1-b24e-4434-a731-9984ade0c3e5",
              "parentUUID": "9a4ed352-667f-4d1f-adfc-239a96a90800",
              "isHook": false,
              "skipped": false
            },
            {
              "title": "070.6_Check_And_Select_Procedure",
              "fullTitle": "070_Operation Booking Event 070.6_Check_And_Select_Procedure",
              "timedOut": null,
              "duration": 467,
              "state": "passed",
              "speed": "slow",
              "pass": true,
              "fail": false,
              "pending": false,
              "context": null,
              "code": "//Click the (+) button for procedure\ncy.get(\"#add-procedure-list-btn-procs\").should('be.visible').click(); //Select the Procedure value as specified in the operationbooking json for Operation\ncy.fixture(\"operationbooking.json\").then(operationbooking => {\n  cy.get(\".add-options\").eq(2).contains(operationbooking.Operation).parent().click();\n}); //Click the (+Click to add) button\ncy.get(\".add-icon-btn\").eq(1).should('be.visible').click();",
              "err": {},
              "uuid": "f3363e83-d362-4a4a-86a2-7a78f00b9629",
              "parentUUID": "9a4ed352-667f-4d1f-adfc-239a96a90800",
              "isHook": false,
              "skipped": false
            },
            {
              "title": "070.7_Check_And_Select_Eye_For_Operation",
              "fullTitle": "070_Operation Booking Event 070.7_Check_And_Select_Eye_For_Operation",
              "timedOut": null,
              "duration": 148,
              "state": "passed",
              "speed": "slow",
              "pass": true,
              "fail": false,
              "pending": false,
              "context": null,
              "code": "cy.fixture(\"operationbooking.json\").then(operationbooking => {\n  //Get the value of Operation_eye, as mentioned in the operationbooking json file\n  const cntOperation_eye = operationbooking.Operation_eye; //For the right eye, select accordingly\n  if (cntOperation_eye == \"Right\") {\n    //click the Right radio-button\n    cy.get(\"#Element_OphTrOperationbooking_Operation_eye_id_2\").should('be.visible').click();\n  } //For the left eye, select accordingly\n\n  if (cntOperation_eye == \"Left\") {\n    //click the Left radio-button\n    cy.get(\"#Element_OphTrOperationbooking_Operation_eye_id_1\").should('be.visible').click();\n  }\n});",
              "err": {},
              "uuid": "26e6771a-7d97-4389-b8f0-7aa4341a87fc",
              "parentUUID": "9a4ed352-667f-4d1f-adfc-239a96a90800",
              "isHook": false,
              "skipped": false
            },
            {
              "title": "070.8_Check_And_Select_Complexity",
              "fullTitle": "070_Operation Booking Event 070.8_Check_And_Select_Complexity",
              "timedOut": null,
              "duration": 147,
              "state": "passed",
              "speed": "slow",
              "pass": true,
              "fail": false,
              "pending": false,
              "context": null,
              "code": "cy.fixture(\"operationbooking.json\").then(operationbooking => {\n  //Get the value of Complexity, as mentioned in the operationbooking json file\n  const cntComplexity = operationbooking.Complexity; //For the Complexity low, select accordingly\n  if (cntComplexity == \"Low\") {\n    //click the Low radio-button\n    cy.get(\"#Element_OphTrOperationbooking_Operation_complexity_0\").should('be.visible').click();\n  } //For the Complexity medium, select accordingly\n\n  if (cntComplexity == \"Medium\") {\n    //click the Medium radio-button\n    cy.get(\"#Element_OphTrOperationbooking_Operation_complexity_5\").should('be.visible').click();\n  } //For the Complexity high, select accordingly\n\n  if (cntComplexity == \"High\") {\n    //click the High radio-button\n    cy.get(\"#Element_OphTrOperationbooking_Operation_complexity_10\").should('be.visible').click();\n  }\n});",
              "err": {},
              "uuid": "90fd2d3c-38e7-4ed2-89d6-0f199405b03f",
              "parentUUID": "9a4ed352-667f-4d1f-adfc-239a96a90800",
              "isHook": false,
              "skipped": false
            },
            {
              "title": "070.9_Check_And_Select_Anaesthetic_Type",
              "fullTitle": "070_Operation Booking Event 070.9_Check_And_Select_Anaesthetic_Type",
              "timedOut": null,
              "duration": 174,
              "state": "passed",
              "speed": "slow",
              "pass": true,
              "fail": false,
              "pending": false,
              "context": null,
              "code": "cy.fixture(\"operationbooking.json\").then(operationbooking => {\n  //Get the value of Anaesthetic_Type, as mentioned in the operationbooking json file\n  const cntAnaesthetic_Type = operationbooking.Anaesthetic_type; //For the Anaesthetic Type as LA\n  if (cntAnaesthetic_Type == \"LA\") {\n    //Get the current state of the LA checkbox\n    cy.get(\"input#Element_OphTrOperationbooking_Operation_AnaestheticType_LA\").then($checkbox => {\n      const isChecked = Boolean($checkbox.prop('checked')); //console.log(`Initial checkbox: **${initial}**`) //to print the state of the checkbox\n      //If the checkbox is already check, then do nothing. Otherwise, check the checkbox\n      if (isChecked) {} else {\n        cy.get(\"#Element_OphTrOperationbooking_Operation_AnaestheticType_LA\").should('be.visible').click();\n      }\n    });\n  } //For the Anaesthetic Type as Sedation\n\n  if (cntAnaesthetic_Type == \"Sedation\") {\n    //Get the current state of the Sedation checkbox\n    cy.get(\"input#Element_OphTrOperationbooking_Operation_AnaestheticType_Sedation\").then($checkbox => {\n      const isChecked = Boolean($checkbox.prop('checked')); //console.log(`Initial checkbox: **${initial}**`) //to print the state of the checkbox\n      //If the checkbox is already check, then do nothing. Otherwise, check the checkbox\n      if (isChecked) {} else {\n        cy.get(\"#Element_OphTrOperationbooking_Operation_AnaestheticType_Sedation\").should('be.visible').click();\n      }\n    });\n  } //For the Anaesthetic Type as GA\n\n  if (cntAnaesthetic_Type == \"GA\") {\n    //Get the current state of the GA checkbox\n    cy.get(\"input#Element_OphTrOperationbooking_Operation_AnaestheticType_GA\").then($checkbox => {\n      const isChecked = Boolean($checkbox.prop('checked')); //console.log(`Initial checkbox: **${initial}**`) //to print the state of the checkbox\n      //If the checkbox is already check, then do nothing. Otherwise, check the checkbox\n      if (isChecked) {} else {\n        cy.get(\"#Element_OphTrOperationbooking_Operation_AnaestheticType_GA\").should('be.visible').click();\n      }\n    });\n  } //For the Anaesthetic Type as No Anaesthetic\n\n  if (cntAnaesthetic_Type == \"No Anaesthetic\") {\n    //Get the current state of the No Anaesthetic checkbox\n    cy.get(\"input#Element_OphTrOperationbooking_Operation_AnaestheticType_No Anaesthetic\").then($checkbox => {\n      const isChecked = Boolean($checkbox.prop('checked')); //console.log(`Initial checkbox: **${initial}**`) //to print the state of the checkbox\n      //If the checkbox is already check, then do nothing. Otherwise, check the checkbox\n      if (isChecked) {} else {\n        cy.get(\"#Element_OphTrOperationbooking_Operation_AnaestheticType_No Anaesthetic\").should('be.visible').click();\n      }\n    });\n  }\n});",
              "err": {},
              "uuid": "eaff9563-02ed-4a94-ba41-4fb3b34e5975",
              "parentUUID": "9a4ed352-667f-4d1f-adfc-239a96a90800",
              "isHook": false,
              "skipped": false
            },
            {
              "title": "070.10_Check_And_Select_Anaesthetic_Choice",
              "fullTitle": "070_Operation Booking Event 070.10_Check_And_Select_Anaesthetic_Choice",
              "timedOut": null,
              "duration": 150,
              "state": "passed",
              "speed": "slow",
              "pass": true,
              "fail": false,
              "pending": false,
              "context": null,
              "code": "cy.fixture(\"operationbooking.json\").then(operationbooking => {\n  //Get the value of Anaesthetic_choice, as mentioned in the operationbooking json file\n  const cntAnaesthetic_choice = operationbooking.Anaesthetic_choice; //For the Anaesthetic_choice Patient preference, select accordingly\n  if (cntAnaesthetic_choice == \"Patient preference\") {\n    //click the Patient preference radio-button\n    cy.get(\"#Element_OphTrOperationbooking_Operation_anaesthetic_choice_id_1\").should('be.visible').click();\n  } //For the Anaesthetic_choice Surgical requirement, select accordingly\n\n  if (cntAnaesthetic_choice == \"Surgical requirement\") {\n    //click the Surgical requirement radio-button\n    cy.get(\"#Element_OphTrOperationbooking_Operation_anaesthetic_choice_id_2\").should('be.visible').click();\n  }\n});",
              "err": {},
              "uuid": "472e73d5-02ba-43e6-af95-ce6d3465e8f6",
              "parentUUID": "9a4ed352-667f-4d1f-adfc-239a96a90800",
              "isHook": false,
              "skipped": false
            },
            {
              "title": "070.11_Check_And_Choose_Patient_Needs_To_Stop_Medication",
              "fullTitle": "070_Operation Booking Event 070.11_Check_And_Choose_Patient_Needs_To_Stop_Medication",
              "timedOut": null,
              "duration": 147,
              "state": "passed",
              "speed": "slow",
              "pass": true,
              "fail": false,
              "pending": false,
              "context": null,
              "code": "cy.fixture(\"operationbooking.json\").then(operationbooking => {\n  //Get the value of Patient_needs_to_stop_medication, as mentioned in the operationbooking json file\n  const cntPatient_needs_to_stop_medication = operationbooking.Patient_needs_to_stop_medication; //For the option as Yes, select accordingly\n  if (cntPatient_needs_to_stop_medication == \"Yes\") {\n    //click the Yes radio-button\n    cy.get(\"#Element_OphTrOperationbooking_Operation_stop_medication_1\").should('be.visible').click();\n  } //For the option No, select accordingly\n\n  if (cntPatient_needs_to_stop_medication == \"No\") {\n    //click the No radio-button\n    cy.get(\"#Element_OphTrOperationbooking_Operation_stop_medication_0\").should('be.visible').click();\n  }\n});",
              "err": {},
              "uuid": "513a56f3-7e45-4e7b-80be-469e18157e8a",
              "parentUUID": "9a4ed352-667f-4d1f-adfc-239a96a90800",
              "isHook": false,
              "skipped": false
            },
            {
              "title": "070.12_Check_And_Choose_Schedule_Option",
              "fullTitle": "070_Operation Booking Event 070.12_Check_And_Choose_Schedule_Option",
              "timedOut": null,
              "duration": 145,
              "state": "passed",
              "speed": "slow",
              "pass": true,
              "fail": false,
              "pending": false,
              "context": null,
              "code": "cy.fixture(\"operationbooking.json\").then(operationbooking => {\n  //Get the value of Schedule_option, as mentioned in the operationbooking json file\n  const cntSchedule_option = operationbooking.Schedule_option; //For the option as AM, select accordingly\n  if (cntSchedule_option == \"AM\") {\n    //click the AM radio-button\n    cy.get(\"#Element_OphTrOperationbooking_ScheduleOperation_schedule_options_id_2\").should('be.visible').click();\n  } //For the option PM, select accordingly\n\n  if (cntSchedule_option == \"PM\") {\n    //click the PM radio-button\n    cy.get(\"#Element_OphTrOperationbooking_ScheduleOperation_schedule_options_id_3\").should('be.visible').click();\n  } //For the option No preference, select accordingly\n\n  if (cntSchedule_option == \"No preference\") {\n    //click the No preference radio-button\n    cy.get(\"#Element_OphTrOperationbooking_ScheduleOperation_schedule_options_id_4\").should('be.visible').click();\n  }\n});",
              "err": {},
              "uuid": "3c2df73f-b782-4932-b20f-9f16200c34e0",
              "parentUUID": "9a4ed352-667f-4d1f-adfc-239a96a90800",
              "isHook": false,
              "skipped": false
            },
            {
              "title": "070.13_Check_And_Input_Doctor_Organising_Admission",
              "fullTitle": "070_Operation Booking Event 070.13_Check_And_Input_Doctor_Organising_Admission",
              "timedOut": null,
              "duration": 4493,
              "state": "passed",
              "speed": "slow",
              "pass": true,
              "fail": false,
              "pending": false,
              "context": null,
              "code": "cy.fixture(\"operationbooking.json\").then(operationbooking => {\n  //Pick the value of doctor organising admission as Doctor_Organising_Admission from operationbooking json file, and provide here\n  cy.get(\"#oe-autocompletesearch\").should('be.visible').type(operationbooking.Doctor_Organising_Admission);\n}); //Wait for 3 secondss\ncy.wait(3000); //Select the value as searched above\ncy.get(\".autocomplete-match\").should('be.visible').click();",
              "err": {},
              "uuid": "9618aaff-4672-4172-a039-c3922a5ef3e1",
              "parentUUID": "9a4ed352-667f-4d1f-adfc-239a96a90800",
              "isHook": false,
              "skipped": false
            },
            {
              "title": "070.14_Verify_Doctor_Organising_Admission_Populated_Correctly",
              "fullTitle": "070_Operation Booking Event 070.14_Verify_Doctor_Organising_Admission_Populated_Correctly",
              "timedOut": null,
              "duration": 22,
              "state": "passed",
              "speed": "fast",
              "pass": true,
              "fail": false,
              "pending": false,
              "context": null,
              "code": "cy.fixture(\"operationbooking.json\").then(operationbooking => {\n  //Check the value that gets populated in the read-only field\n  cy.get(\".organising_admission_user\").should('be.visible').contains(operationbooking.Doctor_Organising_Admission);\n});",
              "err": {},
              "uuid": "29b1c04e-77e1-406d-b65b-4ebddff015cb",
              "parentUUID": "9a4ed352-667f-4d1f-adfc-239a96a90800",
              "isHook": false,
              "skipped": false
            },
            {
              "title": "070.15_Click_Save_And_Schedule_Now_And_Verify_The_Successful_Save",
              "fullTitle": "070_Operation Booking Event 070.15_Click_Save_And_Schedule_Now_And_Verify_The_Successful_Save",
              "timedOut": null,
              "duration": 5336,
              "state": "passed",
              "speed": "slow",
              "pass": true,
              "fail": false,
              "pending": false,
              "context": null,
              "code": "//Click at the Save and Schedule now button\ncy.get(\"#et_save_and_schedule_footer\").should('be.visible').click(); //Verifying the headers of the next page, on successful save above\n//Check that the save actually happens and next page is loaded successfully, by verifying the page-headers\ncy.fixture(\"operationbooking.json\").then(operationbooking => {\n  cy.get(\".event-title\").should('be.visible').should('contain', operationbooking.Schedule_Operation_Header);\n  cy.get(\"#flash-success\").should('be.visible').should('contain', operationbooking.Operation_booking_created_Header);\n});",
              "err": {},
              "uuid": "e83ffd04-0a5c-4cf3-88d6-ea3b708e53b6",
              "parentUUID": "9a4ed352-667f-4d1f-adfc-239a96a90800",
              "isHook": false,
              "skipped": false
            },
            {
              "title": "070.16_Check_And_Select_Context_Change",
              "fullTitle": "070_Operation Booking Event 070.16_Check_And_Select_Context_Change",
              "timedOut": null,
              "duration": 2750,
              "state": "passed",
              "speed": "slow",
              "pass": true,
              "fail": false,
              "pending": false,
              "context": null,
              "code": "cy.fixture(\"operationbooking.json\").then(operationbooking => {\n  //Select the value from Context_Change\n  cy.get(\"#firm_id\").should('be.visible').select(operationbooking.Context_Change);\n});",
              "err": {},
              "uuid": "b675a745-d106-4e68-8696-3b2a5e18694b",
              "parentUUID": "9a4ed352-667f-4d1f-adfc-239a96a90800",
              "isHook": false,
              "skipped": false
            },
            {
              "title": "070.17_Verify_Session_Date_And_Click_At_A_Session",
              "fullTitle": "070_Operation Booking Event 070.17_Verify_Session_Date_And_Click_At_A_Session",
              "timedOut": null,
              "duration": 5954,
              "state": "passed",
              "speed": "slow",
              "pass": true,
              "fail": false,
              "pending": false,
              "context": null,
              "code": "//Wait for 3 seconds\ncy.wait(3000); //Get a handle to the entire body of the page\ncy.get('body').then($body => {\n  //TODO: Post POC, this has to be put inside a loop to make the session-selection more dynamic and smart\n  //Find if any session is available for the current month\n  if ($body.find('.available').length <= 1) {\n    //Since no session is available in the current month, click a the Next month link\n    cy.get(\".large\").eq(5).click(); //Click at the first session of the next month\n    cy.get(\"#calendar > tbody > tr > :nth-child(2)\").should('be.visible').click();\n  } else {\n    //Means that sessions are available for this month\n    //if 5 sessions are available, then select the fifth one\n    if ($body.find('.available').length == 6) {\n      cy.get(\"#calendar > tbody > tr > :nth-child(6)\").should('be.visible').click();\n    } //if 4 sessions are available, then select the fourth one\n\n    if ($body.find('.available').length == 5) {\n      cy.get(\"#calendar > tbody > tr > :nth-child(5)\").should('be.visible').click();\n    } //if 3 sessions are available, then select the third one\n\n    if ($body.find('.available').length == 4) {\n      cy.get(\"#calendar > tbody > tr > :nth-child(4)\").should('be.visible').click();\n    } //if 2 sessions are available, then select the second one\n\n    if ($body.find('.available').length == 3) {\n      cy.get(\"#calendar > tbody > tr > :nth-child(3)\").should('be.visible').click();\n    } //if 1 session is available, then select the first one\n\n    if ($body.find('.available').length == 2) {\n      cy.get(\"#calendar > tbody > tr > :nth-child(2)\").should('be.visible').click();\n    }\n  }\n});",
              "err": {},
              "uuid": "dbffb202-9d43-4119-a67c-09f05c84fdd4",
              "parentUUID": "9a4ed352-667f-4d1f-adfc-239a96a90800",
              "isHook": false,
              "skipped": false
            },
            {
              "title": "070.16_Check_And_Select_Theatre_Time",
              "fullTitle": "070_Operation Booking Event 070.16_Check_And_Select_Theatre_Time",
              "timedOut": null,
              "duration": 2824,
              "state": "passed",
              "speed": "slow",
              "pass": true,
              "fail": false,
              "pending": false,
              "context": null,
              "code": "//Click at the Select time button\ncy.get(\":nth-child(2) > a > .large\").should('be.visible').click();",
              "err": {},
              "uuid": "ae519d7e-c130-431b-b15f-773883fa70a8",
              "parentUUID": "9a4ed352-667f-4d1f-adfc-239a96a90800",
              "isHook": false,
              "skipped": false
            },
            {
              "title": "070.17_Check_And_Verify_Operation_Comments",
              "fullTitle": "070_Operation Booking Event 070.17_Check_And_Verify_Operation_Comments",
              "timedOut": null,
              "duration": 1031,
              "state": "passed",
              "speed": "slow",
              "pass": true,
              "fail": false,
              "pending": false,
              "context": null,
              "code": "//Scroll to the Confirm slot button\ncy.get(\"#confirm_slot\").scrollIntoView().should('be.visible');\ncy.fixture(\"operationbooking.json\").then(operationbooking => {\n  //Pick the Operation Comments from operationbooking json file, as Operation_Comments\n  cy.get(\":nth-child(1) > :nth-child(2) > #operation_comments\").should('be.visible').clear().type(operationbooking.Operation_Comments);\n});",
              "err": {},
              "uuid": "e3464076-dec3-48c6-8c4e-9f9623f42578",
              "parentUUID": "9a4ed352-667f-4d1f-adfc-239a96a90800",
              "isHook": false,
              "skipped": false
            },
            {
              "title": "070.18_Check_And_Verify_Session_Comments",
              "fullTitle": "070_Operation Booking Event 070.18_Check_And_Verify_Session_Comments",
              "timedOut": null,
              "duration": 695,
              "state": "passed",
              "speed": "slow",
              "pass": true,
              "fail": false,
              "pending": false,
              "context": null,
              "code": "cy.fixture(\"operationbooking.json\").then(operationbooking => {\n  //Pick the Session Comments from operationbooking json file, as Session_Comments\n  cy.get(\"#Session_comments\").should('be.visible').clear().type(operationbooking.Session_Comments);\n});",
              "err": {},
              "uuid": "ca266b8f-effb-4793-b73d-ea420a4b2b7b",
              "parentUUID": "9a4ed352-667f-4d1f-adfc-239a96a90800",
              "isHook": false,
              "skipped": false
            },
            {
              "title": "070.19_Check_And_Verify_RTT_Comments",
              "fullTitle": "070_Operation Booking Event 070.19_Check_And_Verify_RTT_Comments",
              "timedOut": null,
              "duration": 672,
              "state": "passed",
              "speed": "slow",
              "pass": true,
              "fail": false,
              "pending": false,
              "context": null,
              "code": "cy.fixture(\"operationbooking.json\").then(operationbooking => {\n  //Pick the RTT Comments from operationbooking json file, as RTT_Comments\n  cy.get(\":nth-child(2) > :nth-child(2) > #operation_comments\").should('be.visible').clear().type(operationbooking.RTT_Comments);\n});",
              "err": {},
              "uuid": "ba3a0533-610f-4625-aa26-c3822111777a",
              "parentUUID": "9a4ed352-667f-4d1f-adfc-239a96a90800",
              "isHook": false,
              "skipped": false
            },
            {
              "title": "070.20_OperationBookingEvent",
              "fullTitle": "070_Operation Booking Event 070.20_OperationBookingEvent",
              "timedOut": null,
              "duration": 3646,
              "state": "passed",
              "speed": "slow",
              "pass": true,
              "fail": false,
              "pending": false,
              "context": null,
              "code": "//Check and click the Confirm slot button\ncy.get(\"#confirm_slot\").should('be.visible').click(); //Verify that the next page get loaded successfully by reading the header\ncy.fixture(\"operationbooking.json\").then(operationbooking => {\n  //Verify the header value from operationbooking, for Operation_Booking_Scheduled_Header\n  cy.get(\".event-title\").should('be.visible').should('contain', operationbooking.Operation_Booking_Scheduled_Header);\n});",
              "err": {},
              "uuid": "132255c0-c0e8-447c-a584-032a5d657b23",
              "parentUUID": "9a4ed352-667f-4d1f-adfc-239a96a90800",
              "isHook": false,
              "skipped": false
            },
            {
              "title": "070.21_OperationBookingEvent",
              "fullTitle": "070_Operation Booking Event 070.21_OperationBookingEvent",
              "timedOut": null,
              "duration": 35,
              "state": "passed",
              "speed": "fast",
              "pass": true,
              "fail": false,
              "pending": false,
              "context": null,
              "code": "//Verify the value of Anaesthetic Given by\ncy.fixture(\"operationbooking.json\").then(operationbooking => {\n  cy.get(\".priority-text\").eq(0).should('be.visible').should('contain', operationbooking.Diagnosis);\n});",
              "err": {},
              "uuid": "e4824534-b8c3-4e1d-a821-247becd0f24a",
              "parentUUID": "9a4ed352-667f-4d1f-adfc-239a96a90800",
              "isHook": false,
              "skipped": false
            },
            {
              "title": "070.22_Verify_Procedure",
              "fullTitle": "070_Operation Booking Event 070.22_Verify_Procedure",
              "timedOut": null,
              "duration": 32,
              "state": "passed",
              "speed": "fast",
              "pass": true,
              "fail": false,
              "pending": false,
              "context": null,
              "code": "cy.fixture(\"operationbooking.json\").then(operationbooking => {\n  cy.get(\".priority-text\").eq(2).should('be.visible').should('contain', operationbooking.Operation);\n});",
              "err": {},
              "uuid": "64fb4d36-2c0d-4fd2-bb61-cdb4dee730d6",
              "parentUUID": "9a4ed352-667f-4d1f-adfc-239a96a90800",
              "isHook": false,
              "skipped": false
            },
            {
              "title": "070.23_Verify_Operation_Eye",
              "fullTitle": "070_Operation Booking Event 070.23_Verify_Operation_Eye",
              "timedOut": null,
              "duration": 28,
              "state": "passed",
              "speed": "fast",
              "pass": true,
              "fail": false,
              "pending": false,
              "context": null,
              "code": "cy.fixture(\"operationbooking.json\").then(operationbooking => {\n  cy.get(\".priority-text\").eq(2).should('be.visible').should('contain', operationbooking.Operation_eye);\n});",
              "err": {},
              "uuid": "301dd0c1-e219-40bf-940d-1e17fbae2164",
              "parentUUID": "9a4ed352-667f-4d1f-adfc-239a96a90800",
              "isHook": false,
              "skipped": false
            },
            {
              "title": "070.24_Verify_Complexity",
              "fullTitle": "070_Operation Booking Event 070.24_Verify_Complexity",
              "timedOut": null,
              "duration": 69,
              "state": "passed",
              "speed": "medium",
              "pass": true,
              "fail": false,
              "pending": false,
              "context": null,
              "code": "cy.fixture(\"operationbooking.json\").then(operationbooking => {\n  cy.get(\".data-value\").eq(1).should('be.visible').should('contain', operationbooking.Complexity);\n});",
              "err": {},
              "uuid": "e917643e-900f-4d59-96c4-599208bc4c95",
              "parentUUID": "9a4ed352-667f-4d1f-adfc-239a96a90800",
              "isHook": false,
              "skipped": false
            },
            {
              "title": "070.25_Verify_Anaesthetic_Type",
              "fullTitle": "070_Operation Booking Event 070.25_Verify_Anaesthetic_Type",
              "timedOut": null,
              "duration": 91,
              "state": "passed",
              "speed": "slow",
              "pass": true,
              "fail": false,
              "pending": false,
              "context": null,
              "code": "cy.fixture(\"operationbooking.json\").then(operationbooking => {\n  cy.get(\".data-value\").eq(3).should('be.visible').should('contain', operationbooking.Anaesthetic_type);\n});",
              "err": {},
              "uuid": "4ea71f07-b76d-4c54-92ee-78844b0f5e12",
              "parentUUID": "9a4ed352-667f-4d1f-adfc-239a96a90800",
              "isHook": false,
              "skipped": false
            },
            {
              "title": "070.26_Verify_Anaesthetic_Choice",
              "fullTitle": "070_Operation Booking Event 070.26_Verify_Anaesthetic_Choice",
              "timedOut": null,
              "duration": 69,
              "state": "passed",
              "speed": "medium",
              "pass": true,
              "fail": false,
              "pending": false,
              "context": null,
              "code": "cy.fixture(\"operationbooking.json\").then(operationbooking => {\n  cy.get(\".data-value\").eq(4).should('be.visible').should('contain', operationbooking.Anaesthetic_choice);\n});",
              "err": {},
              "uuid": "01696db4-6160-4419-8998-f6df98edb0a6",
              "parentUUID": "9a4ed352-667f-4d1f-adfc-239a96a90800",
              "isHook": false,
              "skipped": false
            },
            {
              "title": "070.27_Verify_Patient_Needs_To_Stop_Medication",
              "fullTitle": "070_Operation Booking Event 070.27_Verify_Patient_Needs_To_Stop_Medication",
              "timedOut": null,
              "duration": 69,
              "state": "passed",
              "speed": "medium",
              "pass": true,
              "fail": false,
              "pending": false,
              "context": null,
              "code": "cy.fixture(\"operationbooking.json\").then(operationbooking => {\n  cy.get(\".data-value\").eq(5).should('be.visible').should('contain', operationbooking.Patient_needs_to_stop_medication);\n});",
              "err": {},
              "uuid": "54981560-52b2-428b-8f83-7129f3144e88",
              "parentUUID": "9a4ed352-667f-4d1f-adfc-239a96a90800",
              "isHook": false,
              "skipped": false
            },
            {
              "title": "070.28_Verify_Doctor_Organising_Admission",
              "fullTitle": "070_Operation Booking Event 070.28_Verify_Doctor_Organising_Admission",
              "timedOut": null,
              "duration": 4294,
              "state": "failed",
              "speed": null,
              "pass": false,
              "fail": true,
              "pending": false,
              "context": null,
              "code": "//Scroll to Doctor Organising Admission element\ncy.get(\".data-value\").eq(13).scrollIntoView().should('be.visible');\ncy.fixture(\"operationbooking.json\").then(operationbooking => {\n  cy.get(\".data-value\").eq(13).should('be.visible').should('contain', operationbooking.Doctor_Organising_Admission);\n});",
              "err": {
                "message": "AssertionError: Timed out retrying after 4000ms: expected '<div.data-value>' to contain 'Simon Stevens'",
                "estack": "AssertionError: Timed out retrying after 4000ms: expected '<div.data-value>' to contain 'Simon Stevens'\n    at Context.eval (https://develop-test.meh.toukan.co/__cypress/tests?p=cypress\\integration\\070_operationbookingevent_spec.js:479:57)",
                "diff": null
              },
              "uuid": "9b62e878-ecb0-49a4-bbbb-af7a951fa7a7",
              "parentUUID": "9a4ed352-667f-4d1f-adfc-239a96a90800",
              "isHook": false,
              "skipped": false
            },
            {
              "title": "070.29_Verify_Schedule_Option",
              "fullTitle": "070_Operation Booking Event 070.29_Verify_Schedule_Option",
              "timedOut": null,
              "duration": 137,
              "state": "passed",
              "speed": "slow",
              "pass": true,
              "fail": false,
              "pending": false,
              "context": null,
              "code": "cy.fixture(\"operationbooking.json\").then(operationbooking => {\n  cy.get(\".priority-text\").eq(4).should('be.visible').should('contain', operationbooking.Schedule_option);\n});",
              "err": {},
              "uuid": "889ec9a5-60ec-47ca-a987-219801d1833e",
              "parentUUID": "9a4ed352-667f-4d1f-adfc-239a96a90800",
              "isHook": false,
              "skipped": false
            }
          ],
          "suites": [],
          "passes": [
            "208364fc-a111-433b-a34a-cb1d9da99bf7",
            "aa4dba86-55c5-483c-be21-8573b8b90e62",
            "0dc830bc-9633-436d-8f97-299602bd5a53",
            "88acb1b2-9b23-4bde-b4f6-c50fead9186c",
            "2a9e72e1-b24e-4434-a731-9984ade0c3e5",
            "f3363e83-d362-4a4a-86a2-7a78f00b9629",
            "26e6771a-7d97-4389-b8f0-7aa4341a87fc",
            "90fd2d3c-38e7-4ed2-89d6-0f199405b03f",
            "eaff9563-02ed-4a94-ba41-4fb3b34e5975",
            "472e73d5-02ba-43e6-af95-ce6d3465e8f6",
            "513a56f3-7e45-4e7b-80be-469e18157e8a",
            "3c2df73f-b782-4932-b20f-9f16200c34e0",
            "9618aaff-4672-4172-a039-c3922a5ef3e1",
            "29b1c04e-77e1-406d-b65b-4ebddff015cb",
            "e83ffd04-0a5c-4cf3-88d6-ea3b708e53b6",
            "b675a745-d106-4e68-8696-3b2a5e18694b",
            "dbffb202-9d43-4119-a67c-09f05c84fdd4",
            "ae519d7e-c130-431b-b15f-773883fa70a8",
            "e3464076-dec3-48c6-8c4e-9f9623f42578",
            "ca266b8f-effb-4793-b73d-ea420a4b2b7b",
            "ba3a0533-610f-4625-aa26-c3822111777a",
            "132255c0-c0e8-447c-a584-032a5d657b23",
            "e4824534-b8c3-4e1d-a821-247becd0f24a",
            "64fb4d36-2c0d-4fd2-bb61-cdb4dee730d6",
            "301dd0c1-e219-40bf-940d-1e17fbae2164",
            "e917643e-900f-4d59-96c4-599208bc4c95",
            "4ea71f07-b76d-4c54-92ee-78844b0f5e12",
            "01696db4-6160-4419-8998-f6df98edb0a6",
            "54981560-52b2-428b-8f83-7129f3144e88",
            "889ec9a5-60ec-47ca-a987-219801d1833e"
          ],
          "failures": [
            "9b62e878-ecb0-49a4-bbbb-af7a951fa7a7"
          ],
          "pending": [],
          "skipped": [],
          "duration": 59084,
          "root": false,
          "rootEmpty": false,
          "_timeout": 2000
        }
      ],
      "passes": [],
      "failures": [],
      "pending": [],
      "skipped": [],
      "duration": 0,
      "root": true,
      "rootEmpty": true,
      "_timeout": 2000
    }
  ],
  "meta": {
    "mocha": {
      "version": "7.0.1"
    },
    "mochawesome": {
      "options": {
        "quiet": false,
        "reportFilename": "mochawesome",
        "saveHtml": false,
        "saveJson": true,
        "consoleReporter": "spec",
        "useInlineDiffs": false,
        "code": true
      },
      "version": "6.2.2"
    },
    "marge": {
      "options": {
        "overwrite": false,
        "html": false,
        "json": true
      },
      "version": "5.2.0"
    }
  }
}