{
  "stats": {
    "suites": 1,
    "tests": 8,
    "passes": 8,
    "pending": 0,
    "failures": 0,
    "start": "2021-07-05T10:32:37.416Z",
    "end": "2021-07-05T10:32:46.903Z",
    "duration": 9487,
    "testsRegistered": 8,
    "passPercent": 100,
    "pendingPercent": 0,
    "other": 0,
    "hasOther": false,
    "skipped": 0,
    "hasSkipped": false
  },
  "results": [
    {
      "uuid": "4f3573b5-f655-4e88-a655-a2c9d3f71140",
      "title": "",
      "fullFile": "cypress/integration/003_landingpage_spec.js",
      "file": "cypress/integration/003_landingpage_spec.js",
      "beforeHooks": [],
      "afterHooks": [],
      "tests": [],
      "suites": [
        {
          "uuid": "7b6a4497-4dde-4041-b9b4-070d1327bf1c",
          "title": "003_LandingPage MessageDetails are available",
          "fullFile": "",
          "file": "",
          "beforeHooks": [],
          "afterHooks": [],
          "tests": [
            {
              "title": "3.1_Is ID Available",
              "fullTitle": "003_LandingPage MessageDetails are available 3.1_Is ID Available",
              "timedOut": null,
              "duration": 9036,
              "state": "passed",
              "speed": "slow",
              "pass": true,
              "fail": false,
              "pending": false,
              "context": null,
              "code": "cy.get(\".standard>thead>tr>th#hos_num\").should('be.visible').should('have.text', 'ID');",
              "err": {},
              "uuid": "f4f7b817-9eb4-4665-b7f5-5e09897275f8",
              "parentUUID": "7b6a4497-4dde-4041-b9b4-070d1327bf1c",
              "isHook": false,
              "skipped": false
            },
            {
              "title": "3.2_Is Gender Available",
              "fullTitle": "003_LandingPage MessageDetails are available 3.2_Is Gender Available",
              "timedOut": null,
              "duration": 53,
              "state": "passed",
              "speed": "medium",
              "pass": true,
              "fail": false,
              "pending": false,
              "context": null,
              "code": "cy.get(\".standard>thead>tr>th#gender\").should('be.visible').should('have.text', 'Gender');",
              "err": {},
              "uuid": "f42c436e-0f6d-4edd-a62f-661990c4a095",
              "parentUUID": "7b6a4497-4dde-4041-b9b4-070d1327bf1c",
              "isHook": false,
              "skipped": false
            },
            {
              "title": "3.3_Is Age Available",
              "fullTitle": "003_LandingPage MessageDetails are available 3.3_Is Age Available",
              "timedOut": null,
              "duration": 41,
              "state": "passed",
              "speed": "medium",
              "pass": true,
              "fail": false,
              "pending": false,
              "context": null,
              "code": "cy.get(\".standard>thead>tr>th#age\").should('be.visible').should('have.text', 'Age');",
              "err": {},
              "uuid": "846423f4-125b-4982-b10a-c013948c5f20",
              "parentUUID": "7b6a4497-4dde-4041-b9b4-070d1327bf1c",
              "isHook": false,
              "skipped": false
            },
            {
              "title": "3.4_Is Patient Name Available",
              "fullTitle": "003_LandingPage MessageDetails are available 3.4_Is Patient Name Available",
              "timedOut": null,
              "duration": 40,
              "state": "passed",
              "speed": "medium",
              "pass": true,
              "fail": false,
              "pending": false,
              "context": null,
              "code": "cy.get(\".standard>thead>tr>th#patient_name\").should('be.visible').should('have.text', 'Patient');",
              "err": {},
              "uuid": "d8267744-d45b-44a7-a758-96b2723264e2",
              "parentUUID": "7b6a4497-4dde-4041-b9b4-070d1327bf1c",
              "isHook": false,
              "skipped": false
            },
            {
              "title": "3.5_Is Message Type Available",
              "fullTitle": "003_LandingPage MessageDetails are available 3.5_Is Message Type Available",
              "timedOut": null,
              "duration": 46,
              "state": "passed",
              "speed": "medium",
              "pass": true,
              "fail": false,
              "pending": false,
              "context": null,
              "code": "cy.get(\".standard>thead>tr>th#message_type\").should('be.visible').should('have.text', 'Type');",
              "err": {},
              "uuid": "3b1a80cb-34ec-44fc-90bc-a0f6bdb37160",
              "parentUUID": "7b6a4497-4dde-4041-b9b4-070d1327bf1c",
              "isHook": false,
              "skipped": false
            },
            {
              "title": "3.6_Is Message Date Available",
              "fullTitle": "003_LandingPage MessageDetails are available 3.6_Is Message Date Available",
              "timedOut": null,
              "duration": 39,
              "state": "passed",
              "speed": "medium",
              "pass": true,
              "fail": false,
              "pending": false,
              "context": null,
              "code": "cy.get(\".standard>thead>tr>th#event_date\").should('be.visible').should('have.text', 'Date');",
              "err": {},
              "uuid": "0f66c9b4-176a-4160-b2d7-7d57d24f1c20",
              "parentUUID": "7b6a4497-4dde-4041-b9b4-070d1327bf1c",
              "isHook": false,
              "skipped": false
            },
            {
              "title": "3.7_Is Message Sender Available",
              "fullTitle": "003_LandingPage MessageDetails are available 3.7_Is Message Sender Available",
              "timedOut": null,
              "duration": 51,
              "state": "passed",
              "speed": "medium",
              "pass": true,
              "fail": false,
              "pending": false,
              "context": null,
              "code": "cy.get(\".standard>thead>tr>th#user\").should('be.visible').should('have.text', 'Sender');",
              "err": {},
              "uuid": "8c1beb23-0031-4c3b-aa20-f8c7183888b9",
              "parentUUID": "7b6a4497-4dde-4041-b9b4-070d1327bf1c",
              "isHook": false,
              "skipped": false
            },
            {
              "title": "3.8_Is Message Pagination Available",
              "fullTitle": "003_LandingPage MessageDetails are available 3.8_Is Message Pagination Available",
              "timedOut": null,
              "duration": 46,
              "state": "passed",
              "speed": "medium",
              "pass": true,
              "fail": false,
              "pending": false,
              "context": null,
              "code": "cy.get(\".pagination\").should('be.visible').should('contain', 'of');",
              "err": {},
              "uuid": "a2422598-4237-4c19-a308-d925198c14be",
              "parentUUID": "7b6a4497-4dde-4041-b9b4-070d1327bf1c",
              "isHook": false,
              "skipped": false
            }
          ],
          "suites": [],
          "passes": [
            "f4f7b817-9eb4-4665-b7f5-5e09897275f8",
            "f42c436e-0f6d-4edd-a62f-661990c4a095",
            "846423f4-125b-4982-b10a-c013948c5f20",
            "d8267744-d45b-44a7-a758-96b2723264e2",
            "3b1a80cb-34ec-44fc-90bc-a0f6bdb37160",
            "0f66c9b4-176a-4160-b2d7-7d57d24f1c20",
            "8c1beb23-0031-4c3b-aa20-f8c7183888b9",
            "a2422598-4237-4c19-a308-d925198c14be"
          ],
          "failures": [],
          "pending": [],
          "skipped": [],
          "duration": 9352,
          "root": false,
          "rootEmpty": false,
          "_timeout": 2000
        }
      ],
      "passes": [],
      "failures": [],
      "pending": [],
      "skipped": [],
      "duration": 0,
      "root": true,
      "rootEmpty": true,
      "_timeout": 2000
    }
  ],
  "meta": {
    "mocha": {
      "version": "7.0.1"
    },
    "mochawesome": {
      "options": {
        "quiet": false,
        "reportFilename": "mochawesome",
        "saveHtml": false,
        "saveJson": true,
        "consoleReporter": "spec",
        "useInlineDiffs": false,
        "code": true
      },
      "version": "6.2.2"
    },
    "marge": {
      "options": {
        "overwrite": false,
        "html": false,
        "json": true,
        "charts": true
      },
      "version": "5.2.0"
    }
  }
}