{
  "stats": {
    "suites": 1,
    "tests": 2,
    "passes": 2,
    "pending": 0,
    "failures": 0,
    "start": "2021-07-01T16:01:48.456Z",
    "end": "2021-07-01T16:01:58.588Z",
    "duration": 10132,
    "testsRegistered": 2,
    "passPercent": 100,
    "pendingPercent": 0,
    "other": 0,
    "hasOther": false,
    "skipped": 0,
    "hasSkipped": false
  },
  "results": [
    {
      "uuid": "dbe30b7c-27f0-4986-a0e8-1cb9ef8c102f",
      "title": "",
      "fullFile": "cypress/integration/001_login_spec.js",
      "file": "cypress/integration/001_login_spec.js",
      "beforeHooks": [],
      "afterHooks": [],
      "tests": [],
      "suites": [
        {
          "uuid": "fc9a8e25-3a5d-4a29-92e6-ebcb842dcba2",
          "title": "001_User Login and Landing Page",
          "fullFile": "",
          "file": "",
          "beforeHooks": [],
          "afterHooks": [],
          "tests": [
            {
              "title": "1.1_Visit OE Login Page and Check Title",
              "fullTitle": "001_User Login and Landing Page 1.1_Visit OE Login Page and Check Title",
              "timedOut": null,
              "duration": 5262,
              "state": "passed",
              "speed": "slow",
              "pass": true,
              "fail": false,
              "pending": false,
              "context": null,
              "code": "cy.visit('/site/login');\ncy.get('body').then($body => {\n  if ($body.find('#js-logout-btn').length) {\n    cy.get(\"#js-logout-btn\").should('be.visible').click();\n  }\n});\ncy.title().should('eq', 'OpenEyes - Login - OE');",
              "err": {},
              "uuid": "78c337eb-6220-4470-857a-42bfed23b355",
              "parentUUID": "fc9a8e25-3a5d-4a29-92e6-ebcb842dcba2",
              "isHook": false,
              "skipped": false
            },
            {
              "title": "1.3_Login with Valid Credentials and reach Landing Page",
              "fullTitle": "001_User Login and Landing Page 1.3_Login with Valid Credentials and reach Landing Page",
              "timedOut": null,
              "duration": 4658,
              "state": "passed",
              "speed": "slow",
              "pass": true,
              "fail": false,
              "pending": false,
              "context": null,
              "code": "cy.fixture(\"credentials.json\").then(credentials => {\n  cy.get(\"#LoginForm_username\").should('be.visible').clear().type(credentials.Username);\n  cy.get(\"#LoginForm_password\").should('be.visible').clear().type(credentials.Password);\n});\ncy.get(\"#login_button\").should('be.visible').click();\ncy.title().should('eq', 'Home - OE');",
              "err": {},
              "uuid": "0ba0b284-bdc5-4054-a4dd-8d2f4442da93",
              "parentUUID": "fc9a8e25-3a5d-4a29-92e6-ebcb842dcba2",
              "isHook": false,
              "skipped": false
            }
          ],
          "suites": [],
          "passes": [
            "78c337eb-6220-4470-857a-42bfed23b355",
            "0ba0b284-bdc5-4054-a4dd-8d2f4442da93"
          ],
          "failures": [],
          "pending": [],
          "skipped": [],
          "duration": 9920,
          "root": false,
          "rootEmpty": false,
          "_timeout": 2000
        }
      ],
      "passes": [],
      "failures": [],
      "pending": [],
      "skipped": [],
      "duration": 0,
      "root": true,
      "rootEmpty": true,
      "_timeout": 2000
    }
  ],
  "meta": {
    "mocha": {
      "version": "7.0.1"
    },
    "mochawesome": {
      "options": {
        "quiet": false,
        "reportFilename": "mochawesome",
        "saveHtml": false,
        "saveJson": true,
        "consoleReporter": "spec",
        "useInlineDiffs": false,
        "code": true
      },
      "version": "6.2.2"
    },
    "marge": {
      "options": {
        "overwrite": false,
        "html": false,
        "json": true,
        "charts": true
      },
      "version": "5.2.0"
    }
  }
}