{
  "stats": {
    "suites": 1,
    "tests": 2,
    "passes": 2,
    "pending": 0,
    "failures": 0,
    "start": "2021-07-05T10:31:52.877Z",
    "end": "2021-07-05T10:32:12.018Z",
    "duration": 19141,
    "testsRegistered": 2,
    "passPercent": 100,
    "pendingPercent": 0,
    "other": 0,
    "hasOther": false,
    "skipped": 0,
    "hasSkipped": false
  },
  "results": [
    {
      "uuid": "68baf64f-0c44-4a71-a452-d737b5299290",
      "title": "",
      "fullFile": "cypress/integration/001_login_spec.js",
      "file": "cypress/integration/001_login_spec.js",
      "beforeHooks": [],
      "afterHooks": [],
      "tests": [],
      "suites": [
        {
          "uuid": "bc1874ed-4314-44fc-b071-ec892ca638b1",
          "title": "001_Visit Website and Login",
          "fullFile": "",
          "file": "",
          "beforeHooks": [],
          "afterHooks": [],
          "tests": [
            {
              "title": "1.1_Visit OE Login Page and Check Title",
              "fullTitle": "001_Visit Website and Login 1.1_Visit OE Login Page and Check Title",
              "timedOut": null,
              "duration": 14117,
              "state": "passed",
              "speed": "slow",
              "pass": true,
              "fail": false,
              "pending": false,
              "context": null,
              "code": "cy.visit('/site/login');\ncy.get('body').then($body => {\n  if ($body.find('#js-logout-btn').length) {\n    cy.get(\"#js-logout-btn\").should('be.visible').click();\n  }\n});\ncy.title().should('eq', 'OpenEyes - Login - OE');",
              "err": {},
              "uuid": "5d2ee563-8caf-468b-8057-e2a38e5c4658",
              "parentUUID": "bc1874ed-4314-44fc-b071-ec892ca638b1",
              "isHook": false,
              "skipped": false
            },
            {
              "title": "1.2_Login with Valid Credentials and reach Landing Page",
              "fullTitle": "001_Visit Website and Login 1.2_Login with Valid Credentials and reach Landing Page",
              "timedOut": null,
              "duration": 4872,
              "state": "passed",
              "speed": "slow",
              "pass": true,
              "fail": false,
              "pending": false,
              "context": null,
              "code": "cy.login();\ncy.title().should('eq', 'Home - OE');",
              "err": {},
              "uuid": "8009912c-2e21-431a-9947-96c41308eea7",
              "parentUUID": "bc1874ed-4314-44fc-b071-ec892ca638b1",
              "isHook": false,
              "skipped": false
            }
          ],
          "suites": [],
          "passes": [
            "5d2ee563-8caf-468b-8057-e2a38e5c4658",
            "8009912c-2e21-431a-9947-96c41308eea7"
          ],
          "failures": [],
          "pending": [],
          "skipped": [],
          "duration": 18989,
          "root": false,
          "rootEmpty": false,
          "_timeout": 2000
        }
      ],
      "passes": [],
      "failures": [],
      "pending": [],
      "skipped": [],
      "duration": 0,
      "root": true,
      "rootEmpty": true,
      "_timeout": 2000
    }
  ],
  "meta": {
    "mocha": {
      "version": "7.0.1"
    },
    "mochawesome": {
      "options": {
        "quiet": false,
        "reportFilename": "mochawesome",
        "saveHtml": false,
        "saveJson": true,
        "consoleReporter": "spec",
        "useInlineDiffs": false,
        "code": true
      },
      "version": "6.2.2"
    },
    "marge": {
      "options": {
        "overwrite": false,
        "html": false,
        "json": true,
        "charts": true
      },
      "version": "5.2.0"
    }
  }
}