{
  "stats": {
    "suites": 1,
    "tests": 1,
    "passes": 1,
    "pending": 0,
    "failures": 0,
    "start": "2021-07-05T10:32:54.787Z",
    "end": "2021-07-05T10:33:23.373Z",
    "duration": 28586,
    "testsRegistered": 1,
    "passPercent": 100,
    "pendingPercent": 0,
    "other": 0,
    "hasOther": false,
    "skipped": 0,
    "hasSkipped": false
  },
  "results": [
    {
      "uuid": "aca22976-a509-4b69-9072-e498de0830ed",
      "title": "",
      "fullFile": "cypress/integration/004_search_spec.js",
      "file": "cypress/integration/004_search_spec.js",
      "beforeHooks": [],
      "afterHooks": [],
      "tests": [],
      "suites": [
        {
          "uuid": "4c44bad4-924e-45b7-b1f3-247f4f0a3e4b",
          "title": "004_Search Patient",
          "fullFile": "",
          "file": "",
          "beforeHooks": [],
          "afterHooks": [],
          "tests": [
            {
              "title": "4.1_User lands on Patient Overview Page post Successful Search",
              "fullTitle": "004_Search Patient 4.1_User lands on Patient Overview Page post Successful Search",
              "timedOut": null,
              "duration": 28462,
              "state": "passed",
              "speed": "slow",
              "pass": true,
              "fail": false,
              "pending": false,
              "context": null,
              "code": "// Check Patient Overview has loaded after succesful search\ncy.get(\".event-header-title\").should('be.visible').should('have.text', 'Patient Overview');",
              "err": {},
              "uuid": "a6b463e3-3427-4847-993e-c5a1937fa46a",
              "parentUUID": "4c44bad4-924e-45b7-b1f3-247f4f0a3e4b",
              "isHook": false,
              "skipped": false
            }
          ],
          "suites": [],
          "passes": [
            "a6b463e3-3427-4847-993e-c5a1937fa46a"
          ],
          "failures": [],
          "pending": [],
          "skipped": [],
          "duration": 28462,
          "root": false,
          "rootEmpty": false,
          "_timeout": 2000
        }
      ],
      "passes": [],
      "failures": [],
      "pending": [],
      "skipped": [],
      "duration": 0,
      "root": true,
      "rootEmpty": true,
      "_timeout": 2000
    }
  ],
  "meta": {
    "mocha": {
      "version": "7.0.1"
    },
    "mochawesome": {
      "options": {
        "quiet": false,
        "reportFilename": "mochawesome",
        "saveHtml": false,
        "saveJson": true,
        "consoleReporter": "spec",
        "useInlineDiffs": false,
        "code": true
      },
      "version": "6.2.2"
    },
    "marge": {
      "options": {
        "overwrite": false,
        "html": false,
        "json": true,
        "charts": true
      },
      "version": "5.2.0"
    }
  }
}