{
  "stats": {
    "suites": 1,
    "tests": 2,
    "passes": 2,
    "pending": 0,
    "failures": 0,
    "start": "2021-07-01T15:17:47.400Z",
    "end": "2021-07-01T15:18:04.201Z",
    "duration": 16801,
    "testsRegistered": 2,
    "passPercent": 100,
    "pendingPercent": 0,
    "other": 0,
    "hasOther": false,
    "skipped": 0,
    "hasSkipped": false
  },
  "results": [
    {
      "uuid": "8f57482a-3721-41f6-ab3d-7e74e8fb8627",
      "title": "",
      "fullFile": "cypress/integration/004_search_spec.js",
      "file": "cypress/integration/004_search_spec.js",
      "beforeHooks": [],
      "afterHooks": [],
      "tests": [],
      "suites": [
        {
          "uuid": "3c7cf202-c3a7-42b0-99e6-9a0aae446a93",
          "title": "004_Search Patient",
          "fullFile": "",
          "file": "",
          "beforeHooks": [],
          "afterHooks": [],
          "tests": [
            {
              "title": "4.1_User enters a Patient ID and Clicks on Search",
              "fullTitle": "004_Search Patient 4.1_User enters a Patient ID and Clicks on Search",
              "timedOut": null,
              "duration": 16659,
              "state": "passed",
              "speed": "slow",
              "pass": true,
              "fail": false,
              "pending": false,
              "context": null,
              "code": "cy.fixture(\"search.json\").then(search => {\n  cy.get(\"#query\").clear().type(search.Patient_ID);\n});\ncy.get(\"#js-find-patient\").should('be.visible').click();",
              "err": {},
              "uuid": "e0f68e90-20fc-4d9d-9389-4a6a087288b5",
              "parentUUID": "3c7cf202-c3a7-42b0-99e6-9a0aae446a93",
              "isHook": false,
              "skipped": false
            },
            {
              "title": "4.2_ On succesfull search , User navigates to Patient Overview Page",
              "fullTitle": "004_Search Patient 4.2_ On succesfull search , User navigates to Patient Overview Page",
              "timedOut": null,
              "duration": 30,
              "state": "passed",
              "speed": "fast",
              "pass": true,
              "fail": false,
              "pending": false,
              "context": null,
              "code": "cy.get(\".event-header-title\").should('be.visible');",
              "err": {},
              "uuid": "fa4dbc0b-c509-4769-990f-f71fca13bf14",
              "parentUUID": "3c7cf202-c3a7-42b0-99e6-9a0aae446a93",
              "isHook": false,
              "skipped": false
            }
          ],
          "suites": [],
          "passes": [
            "e0f68e90-20fc-4d9d-9389-4a6a087288b5",
            "fa4dbc0b-c509-4769-990f-f71fca13bf14"
          ],
          "failures": [],
          "pending": [],
          "skipped": [],
          "duration": 16689,
          "root": false,
          "rootEmpty": false,
          "_timeout": 2000
        }
      ],
      "passes": [],
      "failures": [],
      "pending": [],
      "skipped": [],
      "duration": 0,
      "root": true,
      "rootEmpty": true,
      "_timeout": 2000
    }
  ],
  "meta": {
    "mocha": {
      "version": "7.0.1"
    },
    "mochawesome": {
      "options": {
        "quiet": false,
        "reportFilename": "mochawesome",
        "saveHtml": false,
        "saveJson": true,
        "consoleReporter": "spec",
        "useInlineDiffs": false,
        "code": true
      },
      "version": "6.2.2"
    },
    "marge": {
      "options": {
        "overwrite": false,
        "html": false,
        "json": true,
        "charts": true
      },
      "version": "5.2.0"
    }
  }
}