{
  "stats": {
    "suites": 1,
    "tests": 4,
    "passes": 4,
    "pending": 0,
    "failures": 0,
    "start": "2021-08-10T07:40:03.340Z",
    "end": "2021-08-10T07:40:12.751Z",
    "duration": 9411,
    "testsRegistered": 4,
    "passPercent": 100,
    "pendingPercent": 0,
    "other": 0,
    "hasOther": false,
    "skipped": 0,
    "hasSkipped": false
  },
  "results": [
    {
      "uuid": "2a9f7cc5-72fc-4f76-b102-3c89f4043743",
      "title": "",
      "fullFile": "cypress/integration/002_changecontext_spec.js",
      "file": "cypress/integration/002_changecontext_spec.js",
      "beforeHooks": [],
      "afterHooks": [],
      "tests": [],
      "suites": [
        {
          "uuid": "303287bd-a0f2-4a46-80e0-dbabfed30396",
          "title": "002_ChangeContext",
          "fullFile": "",
          "file": "",
          "beforeHooks": [],
          "afterHooks": [],
          "tests": [
            {
              "title": "2.1_User clicks on change link",
              "fullTitle": "002_ChangeContext 2.1_User clicks on change link",
              "timedOut": null,
              "duration": 6915,
              "state": "passed",
              "speed": "slow",
              "pass": true,
              "fail": false,
              "pending": false,
              "context": null,
              "code": "cy.get(\"#change-firm\").should('be.visible').click();",
              "err": {},
              "uuid": "0abf6e1b-d6ea-4365-85e9-d08252b93375",
              "parentUUID": "303287bd-a0f2-4a46-80e0-dbabfed30396",
              "isHook": false,
              "skipped": false
            },
            {
              "title": "2.2_isPopUpDisplayed",
              "fullTitle": "002_ChangeContext 2.2_isPopUpDisplayed",
              "timedOut": null,
              "duration": 373,
              "state": "passed",
              "speed": "slow",
              "pass": true,
              "fail": false,
              "pending": false,
              "context": null,
              "code": "cy.get(\".oe-popup>.title\").should('be.visible').should('have.text', 'Select a new Site and/or Context');",
              "err": {},
              "uuid": "d3de1733-6cdd-4bfb-903e-88972b0c1bd9",
              "parentUUID": "303287bd-a0f2-4a46-80e0-dbabfed30396",
              "isHook": false,
              "skipped": false
            },
            {
              "title": "2.3_User Selects Cataract as Context and Clicks Confirm Change",
              "fullTitle": "002_ChangeContext 2.3_User Selects Cataract as Context and Clicks Confirm Change",
              "timedOut": null,
              "duration": 2030,
              "state": "passed",
              "speed": "slow",
              "pass": true,
              "fail": false,
              "pending": false,
              "context": null,
              "code": "cy.fixture(\"context.json\").then(context => {\n  cy.get('select').then($Other => {\n    $Other.val(context.OptionValue);\n  });\n  cy.get(\".align-right > .green\").click();\n});",
              "err": {},
              "uuid": "d763efa0-9a83-4ff9-8ee8-e73c0b189a60",
              "parentUUID": "303287bd-a0f2-4a46-80e0-dbabfed30396",
              "isHook": false,
              "skipped": false
            },
            {
              "title": "2.3_Is Chosen Context Visible on Homepage",
              "fullTitle": "002_ChangeContext 2.3_Is Chosen Context Visible on Homepage",
              "timedOut": null,
              "duration": 22,
              "state": "passed",
              "speed": "fast",
              "pass": true,
              "fail": false,
              "pending": false,
              "context": null,
              "code": "cy.fixture(\"context.json\").then(context => {\n  cy.get('#change-firm').parent().should('contain', context.Name);\n});",
              "err": {},
              "uuid": "c5893039-74e0-4f44-8db8-00f5e8025169",
              "parentUUID": "303287bd-a0f2-4a46-80e0-dbabfed30396",
              "isHook": false,
              "skipped": false
            }
          ],
          "suites": [],
          "passes": [
            "0abf6e1b-d6ea-4365-85e9-d08252b93375",
            "d3de1733-6cdd-4bfb-903e-88972b0c1bd9",
            "d763efa0-9a83-4ff9-8ee8-e73c0b189a60",
            "c5893039-74e0-4f44-8db8-00f5e8025169"
          ],
          "failures": [],
          "pending": [],
          "skipped": [],
          "duration": 9340,
          "root": false,
          "rootEmpty": false,
          "_timeout": 2000
        }
      ],
      "passes": [],
      "failures": [],
      "pending": [],
      "skipped": [],
      "duration": 0,
      "root": true,
      "rootEmpty": true,
      "_timeout": 2000
    }
  ],
  "meta": {
    "mocha": {
      "version": "7.0.1"
    },
    "mochawesome": {
      "options": {
        "quiet": false,
        "reportFilename": "mochawesome",
        "saveHtml": false,
        "saveJson": true,
        "consoleReporter": "spec",
        "useInlineDiffs": false,
        "code": true
      },
      "version": "6.2.2"
    },
    "marge": {
      "options": {
        "overwrite": false,
        "html": false,
        "json": true
      },
      "version": "5.2.0"
    }
  }
}