{
  "stats": {
    "suites": 1,
    "tests": 4,
    "passes": 4,
    "pending": 0,
    "failures": 0,
    "start": "2021-07-01T16:02:01.326Z",
    "end": "2021-07-01T16:02:15.925Z",
    "duration": 14599,
    "testsRegistered": 4,
    "passPercent": 100,
    "pendingPercent": 0,
    "other": 0,
    "hasOther": false,
    "skipped": 0,
    "hasSkipped": false
  },
  "results": [
    {
      "uuid": "f52c9bff-3a57-412f-85a4-1058cfa31a87",
      "title": "",
      "fullFile": "cypress/integration/002_changecontext_spec.js",
      "file": "cypress/integration/002_changecontext_spec.js",
      "beforeHooks": [],
      "afterHooks": [],
      "tests": [],
      "suites": [
        {
          "uuid": "46b3a0be-f863-413d-b083-ebb1ed8fdb26",
          "title": "002_ChangeContext",
          "fullFile": "",
          "file": "",
          "beforeHooks": [],
          "afterHooks": [],
          "tests": [
            {
              "title": "2.1_User clicks on change link",
              "fullTitle": "002_ChangeContext 2.1_User clicks on change link",
              "timedOut": null,
              "duration": 11571,
              "state": "passed",
              "speed": "slow",
              "pass": true,
              "fail": false,
              "pending": false,
              "context": null,
              "code": "cy.get(\"#change-firm\").should('be.visible').click();",
              "err": {},
              "uuid": "6b3d2020-ffca-43c8-82a2-66ca235aaadd",
              "parentUUID": "46b3a0be-f863-413d-b083-ebb1ed8fdb26",
              "isHook": false,
              "skipped": false
            },
            {
              "title": "2.2_isPopUpDisplayed",
              "fullTitle": "002_ChangeContext 2.2_isPopUpDisplayed",
              "timedOut": null,
              "duration": 369,
              "state": "passed",
              "speed": "slow",
              "pass": true,
              "fail": false,
              "pending": false,
              "context": null,
              "code": "cy.get(\".oe-popup>.title\").should('be.visible').should('have.text', 'Select a new Site and/or Context');",
              "err": {},
              "uuid": "b0da989d-b956-4060-87a5-d1e107f80571",
              "parentUUID": "46b3a0be-f863-413d-b083-ebb1ed8fdb26",
              "isHook": false,
              "skipped": false
            },
            {
              "title": "2.3_User Selects Cataract as Context and Clicks Confirm Change",
              "fullTitle": "002_ChangeContext 2.3_User Selects Cataract as Context and Clicks Confirm Change",
              "timedOut": null,
              "duration": 2414,
              "state": "passed",
              "speed": "slow",
              "pass": true,
              "fail": false,
              "pending": false,
              "context": null,
              "code": "cy.fixture(\"context.json\").then(context => {\n  cy.get('select').then($Other => {\n    $Other.val(context.OptionValue);\n  });\n  cy.get(\".align-right > .green\").click();\n});",
              "err": {},
              "uuid": "73f04bb8-51aa-42c7-b4bc-9fc423b29b7e",
              "parentUUID": "46b3a0be-f863-413d-b083-ebb1ed8fdb26",
              "isHook": false,
              "skipped": false
            },
            {
              "title": "2.3_Is Chosen Context Visible on Homepage",
              "fullTitle": "002_ChangeContext 2.3_Is Chosen Context Visible on Homepage",
              "timedOut": null,
              "duration": 81,
              "state": "passed",
              "speed": "slow",
              "pass": true,
              "fail": false,
              "pending": false,
              "context": null,
              "code": "cy.fixture(\"context.json\").then(context => {\n  cy.get('#change-firm').parent().should('contain', context.Name);\n});",
              "err": {},
              "uuid": "5e4f33e4-8dcc-44e6-a8f7-2090b465ce04",
              "parentUUID": "46b3a0be-f863-413d-b083-ebb1ed8fdb26",
              "isHook": false,
              "skipped": false
            }
          ],
          "suites": [],
          "passes": [
            "6b3d2020-ffca-43c8-82a2-66ca235aaadd",
            "b0da989d-b956-4060-87a5-d1e107f80571",
            "73f04bb8-51aa-42c7-b4bc-9fc423b29b7e",
            "5e4f33e4-8dcc-44e6-a8f7-2090b465ce04"
          ],
          "failures": [],
          "pending": [],
          "skipped": [],
          "duration": 14435,
          "root": false,
          "rootEmpty": false,
          "_timeout": 2000
        }
      ],
      "passes": [],
      "failures": [],
      "pending": [],
      "skipped": [],
      "duration": 0,
      "root": true,
      "rootEmpty": true,
      "_timeout": 2000
    }
  ],
  "meta": {
    "mocha": {
      "version": "7.0.1"
    },
    "mochawesome": {
      "options": {
        "quiet": false,
        "reportFilename": "mochawesome",
        "saveHtml": false,
        "saveJson": true,
        "consoleReporter": "spec",
        "useInlineDiffs": false,
        "code": true
      },
      "version": "6.2.2"
    },
    "marge": {
      "options": {
        "overwrite": false,
        "html": false,
        "json": true,
        "charts": true
      },
      "version": "5.2.0"
    }
  }
}